<?xml version="1.0" encoding="UTF-8"?>
<!-- Generated by org.testng.reporters.JUnitXMLReporter -->
<testsuite hostname="DESKTOP-981PDTB" ignored="0" name="t1" tests="4" failures="0" timestamp="2020-06-10T18:12:14 CST" time="175.469" errors="0">
  <testcase name="test1" time="22.021" classname="com.webtest.demo.RoqisoftTest"/>
  <testcase name="test2" time="94.289" classname="com.webtest.demo.RoqisoftTest"/>
  <testcase name="test3" time="32.67" classname="com.webtest.demo.RoqisoftTest"/>
  <testcase name="test4" time="17.63" classname="com.webtest.demo.RoqisoftTest"/>
</testsuite> <!-- t1 -->
