<!DOCTYPE html PUBLIC "-//W3C//DTD XHTML 1.1//EN" "http://www.w3.org/TR/xhtml11/DTD/xhtml11.dtd">
<html xmlns="http://www.w3.org/1999/xhtml">
<head>
<meta http-equiv="content-type" content="text/html; charset=UTF-8"/>
<title>TestNG Report</title>
<style type="text/css">table {margin-bottom:10px;border-collapse:collapse;empty-cells:show}th,td {border:1px solid #009;padding:.25em .5em}th {vertical-align:bottom}td {vertical-align:top}table a {font-weight:bold}.stripe td {background-color: #E6EBF9}.num {text-align:right}.passedodd td {background-color: #3F3}.passedeven td {background-color: #0A0}.skippedodd td {background-color: #DDD}.skippedeven td {background-color: #CCC}.failedodd td,.attn {background-color: #F33}.failedeven td,.stripe .attn {background-color: #D00}.stacktrace {white-space:pre;font-family:monospace}.totop {font-size:85%;text-align:center;border-bottom:2px solid #000}.invisible {display:none}</style>
</head>
<body>
<table>
<tr><th>Test</th><th># Passed</th><th># Skipped</th><th># Retried</th><th># Failed</th><th>Time (ms)</th><th>Included Groups</th><th>Excluded Groups</th></tr>
<tr><th colspan="8">s1</th></tr>
<tr><td><a href="#t0">t2</a></td><td class="num">285</td><td class="num attn">14</td><td class="num">0</td><td class="num attn">64</td><td class="num">3,307,169</td><td></td><td></td></tr>
</table>
<table id='summary'><thead><tr><th>Class</th><th>Method</th><th>Start</th><th>Time (ms)</th></tr></thead><tbody><tr><th colspan="4">s1</th></tr></tbody><tbody id="t0"><tr><th colspan="4">t2 &#8212; failed (configuration methods)</th></tr><tr class="failedeven"><td rowspan="1">com.webtest.jxy.Management_Dynamic_Test</td><td><a href="#m0">doAfterMethod</a></td><td rowspan="1">1607607943522</td><td rowspan="1">54</td></tr><tr><th colspan="4">t2 &#8212; failed</th></tr><tr class="failedeven"><td rowspan="4">com.webtest.dxy.CertifiManagementTest</td><td><a href="#m1">test_approveSuccess</a></td><td rowspan="1">1607610868356</td><td rowspan="1">1507</td></tr><tr class="failedeven"><td><a href="#m2">test_edit</a></td><td rowspan="1">1607610852064</td><td rowspan="1">6024</td></tr><tr class="failedeven"><td><a href="#m3">test_setAuthCondition</a></td><td rowspan="1">1607610839005</td><td rowspan="1">6523</td></tr><tr class="failedeven"><td><a href="#m4">test_setAuthField</a></td><td rowspan="1">1607610845528</td><td rowspan="1">6535</td></tr><tr class="failedodd"><td rowspan="7">com.webtest.dxy.IdentityManagementTest</td><td><a href="#m5">test_addGroup</a></td><td rowspan="1">1607607621454</td><td rowspan="1">6026</td></tr><tr class="failedodd"><td><a href="#m6">test_addIdentity</a></td><td rowspan="1">1607607598324</td><td rowspan="1">4037</td></tr><tr class="failedodd"><td><a href="#m7">test_disable</a></td><td rowspan="1">1607607607206</td><td rowspan="1">1508</td></tr><tr class="failedodd"><td><a href="#m8">test_disableUsing</a></td><td rowspan="1">1607607741300</td><td rowspan="1">10</td></tr><tr class="failedodd"><td><a href="#m9">test_initUserId</a></td><td rowspan="1">1607607746314</td><td rowspan="1">1510</td></tr><tr class="failedodd"><td><a href="#m10">test_restart</a></td><td rowspan="1">1607607741287</td><td rowspan="1">12</td></tr><tr class="failedodd"><td><a href="#m11">test_startUsing</a></td><td rowspan="1">1607607602395</td><td rowspan="1">4811</td></tr><tr class="failedeven"><td rowspan="2">com.webtest.dxy.LabelsandInfoTest</td><td><a href="#m12">test_addGroupInfo</a></td><td rowspan="1">1607607770037</td><td rowspan="1">2017</td></tr><tr class="failedeven"><td><a href="#m13">test_showGroupLabel</a></td><td rowspan="1">1607607772055</td><td rowspan="1">2130</td></tr><tr class="failedodd"><td rowspan="4">com.webtest.dxy.TitleManagementTest</td><td><a href="#m14">test_applyTitle</a></td><td rowspan="1">1607607810144</td><td rowspan="1">3128</td></tr><tr class="failedodd"><td><a href="#m15">test_relatedTitle</a></td><td rowspan="1">1607607795912</td><td rowspan="1">2024</td></tr><tr class="failedodd"><td><a href="#m16">test_showDetailTitles</a></td><td rowspan="1">1607607797936</td><td rowspan="1">5648</td></tr><tr class="failedodd"><td><a href="#m17">test_showTitleInfo</a></td><td rowspan="1">1607607813273</td><td rowspan="1">4565</td></tr><tr class="failedeven"><td rowspan="6">com.webtest.dxy.UserBlockTest</td><td><a href="#m18">test_ModifyEmailSuffix</a></td><td rowspan="1">1607607883820</td><td rowspan="1">5751</td></tr><tr class="failedeven"><td><a href="#m19">test_disable</a></td><td rowspan="1">1607607858583</td><td rowspan="1">7250</td></tr><tr class="failedeven"><td><a href="#m20">test_grant</a></td><td rowspan="1">1607607840531</td><td rowspan="1">10295</td></tr><tr class="failedeven"><td><a href="#m21">test_resetPassword</a></td><td rowspan="1">1607607850826</td><td rowspan="1">7757</td></tr><tr class="failedeven"><td><a href="#m22">test_selectGroup</a></td><td rowspan="1">1607607873084</td><td rowspan="1">10735</td></tr><tr class="failedeven"><td><a href="#m23">test_startUsing</a></td><td rowspan="1">1607607865834</td><td rowspan="1">7250</td></tr><tr class="failedodd"><td rowspan="3">com.webtest.dxy.UserConfigurationTest</td><td><a href="#m24">test_authorityManage</a></td><td rowspan="1">1607607933234</td><td rowspan="1">9481</td></tr><tr class="failedodd"><td><a href="#m25">test_unbundl</a></td><td rowspan="1">1607607924677</td><td rowspan="1">2019</td></tr><tr class="failedodd"><td><a href="#m26">test_userBasicConfigu</a></td><td rowspan="1">1607607926696</td><td rowspan="1">6536</td></tr><tr class="failedeven"><td rowspan="3">com.webtest.jxy.Browse_Test</td><td><a href="#m27">test_all_bigphoto</a></td><td rowspan="1">1607607637527</td><td rowspan="1">11</td></tr><tr class="failedeven"><td><a href="#m28">test_next_bigphoto</a></td><td rowspan="1">1607607621448</td><td rowspan="1">4</td></tr><tr class="failedeven"><td><a href="#m29">test_show_time</a></td><td rowspan="1">1607607608715</td><td rowspan="1">5</td></tr><tr class="failedodd"><td rowspan="4">com.webtest.jxy.Management_Dynamic_Test</td><td><a href="#m30">test_del_dynamic</a></td><td rowspan="1">1607607943515</td><td rowspan="1">7</td></tr><tr class="failedodd"><td><a href="#m31">test_discuss</a></td><td rowspan="1">1607607741272</td><td rowspan="1">8</td></tr><tr class="failedodd"><td><a href="#m32">test_discuss_reply</a></td><td rowspan="1">1607607741311</td><td rowspan="1">5002</td></tr><tr class="failedodd"><td><a href="#m33">test_like_com</a></td><td rowspan="1">1607607741281</td><td rowspan="1">5</td></tr><tr class="failedeven"><td rowspan="5">com.webtest.jxy.Navigator_Test</td><td><a href="#m34">test_attention_find1</a></td><td rowspan="1">1607607958327</td><td rowspan="1">10</td></tr><tr class="failedeven"><td><a href="#m35">test_cancel_attention</a></td><td rowspan="1">1607607964354</td><td rowspan="1">19</td></tr><tr class="failedeven"><td><a href="#m36">test_find_identity</a></td><td rowspan="1">1607607955298</td><td rowspan="1">9</td></tr><tr class="failedeven"><td><a href="#m37">test_signIn</a></td><td rowspan="1">1607607952238</td><td rowspan="1">12</td></tr><tr class="failedeven"><td><a href="#m38">test_small_page</a></td><td rowspan="1">1607607955288</td><td rowspan="1">10</td></tr><tr class="failedodd"><td rowspan="2">com.webtest.jxy.Topic_Test</td><td><a href="#m39">test_manage_host_topic</a></td><td rowspan="1">1607607994879</td><td rowspan="1">14</td></tr><tr class="failedodd"><td><a href="#m40">test_recommend_topic</a></td><td rowspan="1">1607607994862</td><td rowspan="1">16</td></tr><tr class="failedeven"><td rowspan="1">com.webtest.lxc.Admin_ChangeData</td><td><a href="#m41">testChangeData3</a></td><td rowspan="1">1607608216720</td><td rowspan="1">16045</td></tr><tr class="failedodd"><td rowspan="2">com.webtest.lxc.Admin_FollowsAndFans</td><td><a href="#m42">testChangeFanName</a></td><td rowspan="1">1607608389798</td><td rowspan="1">8025</td></tr><tr class="failedodd"><td><a href="#m43">testChangeFollowName</a></td><td rowspan="1">1607608383780</td><td rowspan="1">6018</td></tr><tr class="failedeven"><td rowspan="2">com.webtest.lxc.Admin_Switch</td><td><a href="#m44">testToBack</a></td><td rowspan="1">1607608498211</td><td rowspan="1">5</td></tr><tr class="failedeven"><td><a href="#m45">testToFront</a></td><td rowspan="1">1607608498216</td><td rowspan="1">2012</td></tr><tr class="failedodd"><td rowspan="2">com.webtest.lxc.Admin_View</td><td><a href="#m46">testViewFavorites</a></td><td rowspan="1">1607608604187</td><td rowspan="1">2007</td></tr><tr class="failedodd"><td><a href="#m47">testViewNotice</a></td><td rowspan="1">1607608602178</td><td rowspan="1">2009</td></tr><tr class="failedeven"><td rowspan="4">com.webtest.lxc.Admin_Weibo</td><td><a href="#m48">testComment</a></td><td rowspan="1">1607608638574</td><td rowspan="1">6020</td></tr><tr class="failedeven"><td><a href="#m49">testCommentLike</a></td><td rowspan="1">1607608644594</td><td rowspan="1">6017</td></tr><tr class="failedeven"><td><a href="#m50">testCommentReply</a></td><td rowspan="1">1607608656629</td><td rowspan="1">6021</td></tr><tr class="failedeven"><td><a href="#m51">testCommentUnLike</a></td><td rowspan="1">1607608650611</td><td rowspan="1">6018</td></tr><tr class="failedodd"><td rowspan="1">com.webtest.myx.behaviorlog</td><td><a href="#m52">test63</a></td><td rowspan="1">1607610122630</td><td rowspan="1">6538</td></tr><tr class="failedeven"><td rowspan="2">com.webtest.myx.linkfriend</td><td><a href="#m53">test6</a></td><td rowspan="1">1607610305394</td><td rowspan="1">1004</td></tr><tr class="failedeven"><td><a href="#m54">test7</a></td><td rowspan="1">1607610302387</td><td rowspan="1">3007</td></tr><tr class="failedodd"><td rowspan="1">com.webtest.myx.memeimg</td><td><a href="#m55">test74</a></td><td rowspan="1">1607610404311</td><td rowspan="1">6266</td></tr><tr class="failedeven"><td rowspan="1">com.webtest.myx.messageSearch</td><td><a href="#m56">test66</a></td><td rowspan="1">1607610414831</td><td rowspan="1">3010</td></tr><tr class="failedodd"><td rowspan="2">com.webtest.wgh.DashBoardDemo</td><td><a href="#m57">test4</a></td><td rowspan="1">1607609405649</td><td rowspan="1">421</td></tr><tr class="failedodd"><td><a href="#m58">test6</a></td><td rowspan="1">1607609406074</td><td rowspan="1">270</td></tr><tr class="failedeven"><td rowspan="1">com.webtest.wgh.DataViewDemo</td><td><a href="#m59">test10</a></td><td rowspan="1">1607609434771</td><td rowspan="1">3445</td></tr><tr class="failedodd"><td rowspan="1">com.webtest.wgh.HomePageDemo</td><td><a href="#m60">test26</a></td><td rowspan="1">1607609493136</td><td rowspan="1">189</td></tr><tr class="failedeven"><td rowspan="4">com.webtest.why.website_settings</td><td><a href="#m61">why36test</a></td><td rowspan="1">1607609129889</td><td rowspan="1">7478</td></tr><tr class="failedeven"><td><a href="#m62">why38test</a></td><td rowspan="1">1607609149905</td><td rowspan="1">7463</td></tr><tr class="failedeven"><td><a href="#m63">why48test</a></td><td rowspan="1">1607609288792</td><td rowspan="1">8783</td></tr><tr class="failedeven"><td><a href="#m64">wwhy36test</a></td><td rowspan="1">1607609315527</td><td rowspan="1">2014</td></tr><tr><th colspan="4">t2 &#8212; skipped</th></tr><tr class="skippedeven"><td rowspan="1">com.webtest.dxy.CertifiManagementTest</td><td><a href="#m65">test_approveFailed</a></td><td rowspan="1">1607610869863</td><td rowspan="1">0</td></tr><tr class="skippedodd"><td rowspan="5">com.webtest.dxy.TitleManagementTest</td><td><a href="#m66">test_addTitle</a></td><td rowspan="1">1607607817839</td><td rowspan="1">0</td></tr><tr class="skippedodd"><td><a href="#m67">test_allowAction</a></td><td rowspan="1">1607607813273</td><td rowspan="1">0</td></tr><tr class="skippedodd"><td><a href="#m68">test_deleteTitle</a></td><td rowspan="1">1607607817839</td><td rowspan="1">0</td></tr><tr class="skippedodd"><td><a href="#m69">test_editTitle</a></td><td rowspan="1">1607607820843</td><td rowspan="1">0</td></tr><tr class="skippedodd"><td><a href="#m70">test_ifFrontApply</a></td><td rowspan="1">1607607820843</td><td rowspan="1">0</td></tr><tr class="skippedeven"><td rowspan="7">com.webtest.dxy.UserConfigurationTest</td><td><a href="#m71">test_addAuthorityManage</a></td><td rowspan="1">1607607942716</td><td rowspan="1">0</td></tr><tr class="skippedeven"><td><a href="#m72">test_basicConfigu</a></td><td rowspan="1">1607607933234</td><td rowspan="1">0</td></tr><tr class="skippedeven"><td><a href="#m73">test_emailActivation</a></td><td rowspan="1">1607607933233</td><td rowspan="1">0</td></tr><tr class="skippedeven"><td><a href="#m74">test_emailVerify</a></td><td rowspan="1">1607607933233</td><td rowspan="1">0</td></tr><tr class="skippedeven"><td><a href="#m75">test_login</a></td><td rowspan="1">1607607933233</td><td rowspan="1">0</td></tr><tr class="skippedeven"><td><a href="#m76">test_register</a></td><td rowspan="1">1607607933233</td><td rowspan="1">0</td></tr><tr class="skippedeven"><td><a href="#m77">test_smsConfigu</a></td><td rowspan="1">1607607933234</td><td rowspan="1">0</td></tr><tr class="skippedodd"><td rowspan="1">com.webtest.jxy.Management_Dynamic_Test</td><td><a href="#m78">test_unlike_com</a></td><td rowspan="1">1607607741311</td><td rowspan="1">0</td></tr><tr><th colspan="4">t2 &#8212; passed</th></tr><tr class="passedeven"><td rowspan="3">com.webtest.dxy.CertifiManagementTest</td><td><a href="#m79">testLogin</a></td><td rowspan="1">1607610817687</td><td rowspan="1">11035</td></tr><tr class="passedeven"><td><a href="#m80">test_correct_display</a></td><td rowspan="1">1607610828722</td><td rowspan="1">10282</td></tr><tr class="passedeven"><td><a href="#m81">test_correct_displayUserInfo</a></td><td rowspan="1">1607610858088</td><td rowspan="1">10268</td></tr><tr class="passedodd"><td rowspan="5">com.webtest.dxy.IdentityManagementTest</td><td><a href="#m82">testLogin</a></td><td rowspan="1">1607607578313</td><td rowspan="1">10677</td></tr><tr class="passedodd"><td><a href="#m83">test_correct_display</a></td><td rowspan="1">1607607588991</td><td rowspan="1">9332</td></tr><tr class="passedodd"><td><a href="#m84">test_correct_displayIDlist</a></td><td rowspan="1">1607607627485</td><td rowspan="1">10035</td></tr><tr class="passedodd"><td><a href="#m85">test_correct_displaylist</a></td><td rowspan="1">1607607611727</td><td rowspan="1">9720</td></tr><tr class="passedodd"><td><a href="#m86">test_migrateUsers</a></td><td rowspan="1">1607607637538</td><td rowspan="1">5523</td></tr><tr class="passedeven"><td rowspan="2">com.webtest.dxy.LabelsandInfoTest</td><td><a href="#m87">testLogin</a></td><td rowspan="1">1607607752410</td><td rowspan="1">11014</td></tr><tr class="passedeven"><td><a href="#m88">test_showGroupInfo</a></td><td rowspan="1">1607607763424</td><td rowspan="1">6612</td></tr><tr class="passedodd"><td rowspan="3">com.webtest.dxy.TitleManagementTest</td><td><a href="#m89">testLogin</a></td><td rowspan="1">1607607778474</td><td rowspan="1">11015</td></tr><tr class="passedodd"><td><a href="#m90">test_searchUserInfo</a></td><td rowspan="1">1607607803584</td><td rowspan="1">6560</td></tr><tr class="passedodd"><td><a href="#m91">test_usersList</a></td><td rowspan="1">1607607789489</td><td rowspan="1">6423</td></tr><tr class="passedeven"><td rowspan="3">com.webtest.dxy.UserBlockTest</td><td><a href="#m92">testLogin</a></td><td rowspan="1">1607607825143</td><td rowspan="1">11026</td></tr><tr class="passedeven"><td><a href="#m93">test_checkUser</a></td><td rowspan="1">1607607836169</td><td rowspan="1">4362</td></tr><tr class="passedeven"><td><a href="#m94">test_searchInfo</a></td><td rowspan="1">1607607889571</td><td rowspan="1">13326</td></tr><tr class="passedodd"><td rowspan="2">com.webtest.dxy.UserConfigurationTest</td><td><a href="#m95">testLogin</a></td><td rowspan="1">1607607907120</td><td rowspan="1">11027</td></tr><tr class="passedodd"><td><a href="#m96">test_wechatInfo</a></td><td rowspan="1">1607607918147</td><td rowspan="1">6530</td></tr><tr class="passedeven"><td rowspan="7">com.webtest.jxy.Browse_Test</td><td><a href="#m97">testLogin</a></td><td rowspan="1">1607607569044</td><td rowspan="1">5730</td></tr><tr class="passedeven"><td><a href="#m98">test_esc_bigphoto</a></td><td rowspan="1">1607607643061</td><td rowspan="1">5</td></tr><tr class="passedeven"><td><a href="#m99">test_show_all</a></td><td rowspan="1">1607607602362</td><td rowspan="1">18</td></tr><tr class="passedeven"><td><a href="#m100">test_show_bigphoto</a></td><td rowspan="1">1607607608721</td><td rowspan="1">3005</td></tr><tr class="passedeven"><td><a href="#m101">test_show_photo</a></td><td rowspan="1">1607607602380</td><td rowspan="1">15</td></tr><tr class="passedeven"><td><a href="#m102">test_turn_left</a></td><td rowspan="1">1607607637520</td><td rowspan="1">6</td></tr><tr class="passedeven"><td><a href="#m103">test_turn_right</a></td><td rowspan="1">1607607627481</td><td rowspan="1">3</td></tr><tr class="passedodd"><td rowspan="8">com.webtest.jxy.Dynamic_test</td><td><a href="#m104">testLogin</a></td><td rowspan="1">1607607647263</td><td rowspan="1">5168</td></tr><tr class="passedodd"><td><a href="#m105">test_enter_dynamic</a></td><td rowspan="1">1607607686623</td><td rowspan="1">9021</td></tr><tr class="passedodd"><td><a href="#m106">test_expression_dynamic</a></td><td rowspan="1">1607607683587</td><td rowspan="1">3036</td></tr><tr class="passedodd"><td><a href="#m107">test_photo2_dynamic</a></td><td rowspan="1">1607607668496</td><td rowspan="1">6036</td></tr><tr class="passedodd"><td><a href="#m108">test_photo3_dynamic</a></td><td rowspan="1">1607607674533</td><td rowspan="1">6030</td></tr><tr class="passedodd"><td><a href="#m109">test_photo_dynamic</a></td><td rowspan="1">1607607662458</td><td rowspan="1">6037</td></tr><tr class="passedodd"><td><a href="#m110">test_topic_dynamic</a></td><td rowspan="1">1607607680563</td><td rowspan="1">3024</td></tr><tr class="passedodd"><td><a href="#m111">test_writing_dynamic</a></td><td rowspan="1">1607607652432</td><td rowspan="1">10026</td></tr><tr class="passedeven"><td rowspan="12">com.webtest.jxy.Management_Dynamic_Test</td><td><a href="#m112">testLogin</a></td><td rowspan="1">1607607699877</td><td rowspan="1">5159</td></tr><tr class="passedeven"><td><a href="#m113">test_del_com_dynamic</a></td><td rowspan="1">1607607943508</td><td rowspan="1">6</td></tr><tr class="passedeven"><td><a href="#m114">test_discuss_hide</a></td><td rowspan="1">1607607817840</td><td rowspan="1">3002</td></tr><tr class="passedeven"><td><a href="#m115">test_inform_com_dynamic</a></td><td rowspan="1">1607607943495</td><td rowspan="1">12</td></tr><tr class="passedeven"><td><a href="#m116">test_inform_dynamic</a></td><td rowspan="1">1607607943482</td><td rowspan="1">12</td></tr><tr class="passedeven"><td><a href="#m117">test_like_dynamic</a></td><td rowspan="1">1607607741260</td><td rowspan="1">4</td></tr><tr class="passedeven"><td><a href="#m118">test_top2_dynamic</a></td><td rowspan="1">1607607729229</td><td rowspan="1">6021</td></tr><tr class="passedeven"><td><a href="#m119">test_top_conceal_dynamic</a></td><td rowspan="1">1607607711064</td><td rowspan="1">12152</td></tr><tr class="passedeven"><td><a href="#m120">test_top_concel1_dynamic</a></td><td rowspan="1">1607607723216</td><td rowspan="1">6013</td></tr><tr class="passedeven"><td><a href="#m121">test_top_concel2_dynamic</a></td><td rowspan="1">1607607735251</td><td rowspan="1">6009</td></tr><tr class="passedeven"><td><a href="#m122">test_top_dynamic</a></td><td rowspan="1">1607607705037</td><td rowspan="1">6027</td></tr><tr class="passedeven"><td><a href="#m123">test_unlike_dynamic</a></td><td rowspan="1">1607607741265</td><td rowspan="1">7</td></tr><tr class="passedodd"><td rowspan="11">com.webtest.jxy.Navigator_Test</td><td><a href="#m124">testLogin</a></td><td rowspan="1">1607607947070</td><td rowspan="1">5159</td></tr><tr class="passedodd"><td><a href="#m125">test_attention</a></td><td rowspan="1">1607607952260</td><td rowspan="1">8</td></tr><tr class="passedodd"><td><a href="#m126">test_attention_find2</a></td><td rowspan="1">1607607958337</td><td rowspan="1">6017</td></tr><tr class="passedodd"><td><a href="#m127">test_chat</a></td><td rowspan="1">1607607964373</td><td rowspan="1">10031</td></tr><tr class="passedodd"><td><a href="#m128">test_find_area</a></td><td rowspan="1">1607607955307</td><td rowspan="1">3020</td></tr><tr class="passedodd"><td><a href="#m129">test_home_page</a></td><td rowspan="1">1607607952279</td><td rowspan="1">3009</td></tr><tr class="passedodd"><td><a href="#m130">test_hot_news</a></td><td rowspan="1">1607607952268</td><td rowspan="1">5</td></tr><tr class="passedodd"><td><a href="#m131">test_invite</a></td><td rowspan="1">1607607974404</td><td rowspan="1">11023</td></tr><tr class="passedodd"><td><a href="#m132">test_like_news</a></td><td rowspan="1">1607607952273</td><td rowspan="1">5</td></tr><tr class="passedodd"><td><a href="#m133">test_rank</a></td><td rowspan="1">1607607952250</td><td rowspan="1">10</td></tr><tr class="passedodd"><td><a href="#m134">test_signIn_date</a></td><td rowspan="1">1607607952229</td><td rowspan="1">8</td></tr><tr class="passedeven"><td rowspan="7">com.webtest.jxy.Topic_Test</td><td><a href="#m135">testLogin</a></td><td rowspan="1">1607607989629</td><td rowspan="1">5145</td></tr><tr class="passedeven"><td><a href="#m136">test_follow_topic</a></td><td rowspan="1">1607607994823</td><td rowspan="1">4</td></tr><tr class="passedeven"><td><a href="#m137">test_host_manager_topic</a></td><td rowspan="1">1607607994832</td><td rowspan="1">30</td></tr><tr class="passedeven"><td><a href="#m138">test_host_topic</a></td><td rowspan="1">1607607994827</td><td rowspan="1">5</td></tr><tr class="passedeven"><td><a href="#m139">test_see_topic</a></td><td rowspan="1">1607607994774</td><td rowspan="1">9</td></tr><tr class="passedeven"><td><a href="#m140">test_show_topic</a></td><td rowspan="1">1607607994784</td><td rowspan="1">10</td></tr><tr class="passedeven"><td><a href="#m141">test_topic_dynamic</a></td><td rowspan="1">1607607994794</td><td rowspan="1">28</td></tr><tr class="passedodd"><td rowspan="10">com.webtest.lxc.Admin_Certification</td><td><a href="#m142">testApplicantE</a></td><td rowspan="1">1607608121497</td><td rowspan="1">10024</td></tr><tr class="passedodd"><td><a href="#m143">testApplicantO</a></td><td rowspan="1">1607608063353</td><td rowspan="1">10025</td></tr><tr class="passedodd"><td><a href="#m144">testApplication</a></td><td rowspan="1">1607608013234</td><td rowspan="1">30073</td></tr><tr class="passedodd"><td><a href="#m145">testBindPhNumO</a></td><td rowspan="1">1607608073378</td><td rowspan="1">12029</td></tr><tr class="passedodd"><td><a href="#m146">testChange</a></td><td rowspan="1">1607608043307</td><td rowspan="1">12026</td></tr><tr class="passedodd"><td><a href="#m147">testConcernO</a></td><td rowspan="1">1607608085407</td><td rowspan="1">12029</td></tr><tr class="passedodd"><td><a href="#m148">testDelete</a></td><td rowspan="1">1607608055333</td><td rowspan="1">8020</td></tr><tr class="passedodd"><td><a href="#m149">testFansO</a></td><td rowspan="1">1607608109467</td><td rowspan="1">12030</td></tr><tr class="passedodd"><td><a href="#m150">testInviteO</a></td><td rowspan="1">1607608097436</td><td rowspan="1">12031</td></tr><tr class="passedodd"><td><a href="#m151">testLogin</a></td><td rowspan="1">1607607999085</td><td rowspan="1">14149</td></tr><tr class="passedeven"><td rowspan="2">com.webtest.lxc.Admin_ChangAvatar</td><td><a href="#m152">testChangeAvatar</a></td><td rowspan="1">1607608149750</td><td rowspan="1">10023</td></tr><tr class="passedeven"><td><a href="#m153">testLogin</a></td><td rowspan="1">1607608135594</td><td rowspan="1">14156</td></tr><tr class="passedodd"><td rowspan="3">com.webtest.lxc.Admin_ChangeData</td><td><a href="#m154">testChangeData1</a></td><td rowspan="1">1607608178622</td><td rowspan="1">24068</td></tr><tr class="passedodd"><td><a href="#m155">testChangeData2</a></td><td rowspan="1">1607608202690</td><td rowspan="1">14030</td></tr><tr class="passedodd"><td><a href="#m156">testLogin</a></td><td rowspan="1">1607608164457</td><td rowspan="1">14165</td></tr><tr class="passedeven"><td rowspan="2">com.webtest.lxc.Admin_Changepassword</td><td><a href="#m157">testChangePassword</a></td><td rowspan="1">1607608251619</td><td rowspan="1">14035</td></tr><tr class="passedeven"><td><a href="#m158">testLogin</a></td><td rowspan="1">1607608237458</td><td rowspan="1">14161</td></tr><tr class="passedodd"><td rowspan="3">com.webtest.lxc.Admin_DomainName</td><td><a href="#m159">testLogin</a></td><td rowspan="1">1607608269996</td><td rowspan="1">14147</td></tr><tr class="passedodd"><td><a href="#m160">testOprenurl</a></td><td rowspan="1">1607608294175</td><td rowspan="1">11094</td></tr><tr class="passedodd"><td><a href="#m161">testSeturl</a></td><td rowspan="1">1607608284143</td><td rowspan="1">10032</td></tr><tr class="passedeven"><td rowspan="5">com.webtest.lxc.Admin_FollowsAndFans</td><td><a href="#m162">testCancelFollows</a></td><td rowspan="1">1607608340693</td><td rowspan="1">11025</td></tr><tr class="passedeven"><td><a href="#m163">testChatFans</a></td><td rowspan="1">1607608351718</td><td rowspan="1">19037</td></tr><tr class="passedeven"><td><a href="#m164">testChatFollows</a></td><td rowspan="1">1607608323652</td><td rowspan="1">17041</td></tr><tr class="passedeven"><td><a href="#m165">testFollowFans</a></td><td rowspan="1">1607608370755</td><td rowspan="1">13025</td></tr><tr class="passedeven"><td><a href="#m166">testLogin</a></td><td rowspan="1">1607608309488</td><td rowspan="1">14164</td></tr><tr class="passedodd"><td rowspan="2">com.webtest.lxc.Admin_PersonalCover</td><td><a href="#m167">testLogin</a></td><td rowspan="1">1607608402121</td><td rowspan="1">14164</td></tr><tr class="passedodd"><td><a href="#m168">testPersonalCover</a></td><td rowspan="1">1607608416285</td><td rowspan="1">13241</td></tr><tr class="passedeven"><td rowspan="5">com.webtest.lxc.Admin_Search</td><td><a href="#m169">testLogin</a></td><td rowspan="1">1607608433699</td><td rowspan="1">15111</td></tr><tr class="passedeven"><td><a href="#m170">testNotice</a></td><td rowspan="1">1607608469844</td><td rowspan="1">6012</td></tr><tr class="passedeven"><td><a href="#m171">testNoticeEnter</a></td><td rowspan="1">1607608475856</td><td rowspan="1">4008</td></tr><tr class="passedeven"><td><a href="#m172">testSearch</a></td><td rowspan="1">1607608448810</td><td rowspan="1">9016</td></tr><tr class="passedeven"><td><a href="#m173">testSearchback</a></td><td rowspan="1">1607608457826</td><td rowspan="1">12018</td></tr><tr class="passedodd"><td rowspan="1">com.webtest.lxc.Admin_Switch</td><td><a href="#m174">testLogin</a></td><td rowspan="1">1607608484066</td><td rowspan="1">14145</td></tr><tr class="passedeven"><td rowspan="3">com.webtest.lxc.Admin_UserTag</td><td><a href="#m175">testDelete20tag</a></td><td rowspan="1">1607608528638</td><td rowspan="1">12025</td></tr><tr class="passedeven"><td><a href="#m176">testLogin</a></td><td rowspan="1">1607608504438</td><td rowspan="1">14172</td></tr><tr class="passedeven"><td><a href="#m177">testSettag</a></td><td rowspan="1">1607608518610</td><td rowspan="1">10028</td></tr><tr class="passedodd"><td rowspan="6">com.webtest.lxc.Admin_View</td><td><a href="#m178">testLogin</a></td><td rowspan="1">1607608544893</td><td rowspan="1">14176</td></tr><tr class="passedodd"><td><a href="#m179">testViewData</a></td><td rowspan="1">1607608559069</td><td rowspan="1">11030</td></tr><tr class="passedodd"><td><a href="#m180">testViewIntegral</a></td><td rowspan="1">1607608579121</td><td rowspan="1">13034</td></tr><tr class="passedodd"><td><a href="#m181">testViewLeaderboard</a></td><td rowspan="1">1607608594162</td><td rowspan="1">8016</td></tr><tr class="passedodd"><td><a href="#m182">testViewTitle</a></td><td rowspan="1">1607608570099</td><td rowspan="1">9022</td></tr><tr class="passedodd"><td><a href="#m183">testViewTopic</a></td><td rowspan="1">1607608592155</td><td rowspan="1">2007</td></tr><tr class="passedeven"><td rowspan="3">com.webtest.lxc.Admin_Weibo</td><td><a href="#m184">testLike</a></td><td rowspan="1">1607608624535</td><td rowspan="1">6015</td></tr><tr class="passedeven"><td><a href="#m185">testLogin</a></td><td rowspan="1">1607608610368</td><td rowspan="1">14167</td></tr><tr class="passedeven"><td><a href="#m186">testUnLike</a></td><td rowspan="1">1607608630550</td><td rowspan="1">8024</td></tr><tr class="passedodd"><td rowspan="1">com.webtest.myx.Admin_Login</td><td><a href="#m187">testLogin</a></td><td rowspan="1">1607609973027</td><td rowspan="1">17266</td></tr><tr class="passedeven"><td rowspan="1">com.webtest.myx.LoginDemo</td><td><a href="#m188">testLogin</a></td><td rowspan="1">1607610321046</td><td rowspan="1">11991</td></tr><tr class="passedodd"><td rowspan="5">com.webtest.myx.Public</td><td><a href="#m189">test1</a></td><td rowspan="1">1607610608150</td><td rowspan="1">15446</td></tr><tr class="passedodd"><td><a href="#m190">test2</a></td><td rowspan="1">1607610623596</td><td rowspan="1">10488</td></tr><tr class="passedodd"><td><a href="#m191">test3</a></td><td rowspan="1">1607610634084</td><td rowspan="1">10489</td></tr><tr class="passedodd"><td><a href="#m192">test4</a></td><td rowspan="1">1607610644573</td><td rowspan="1">10503</td></tr><tr class="passedodd"><td><a href="#m193">testLogin</a></td><td rowspan="1">1607610596158</td><td rowspan="1">11992</td></tr><tr class="passedeven"><td rowspan="5">com.webtest.myx.SEOrelus</td><td><a href="#m194">test89</a></td><td rowspan="1">1607610769790</td><td rowspan="1">14071</td></tr><tr class="passedeven"><td><a href="#m195">test90</a></td><td rowspan="1">1607610783861</td><td rowspan="1">11516</td></tr><tr class="passedeven"><td><a href="#m196">test91</a></td><td rowspan="1">1607610805899</td><td rowspan="1">7530</td></tr><tr class="passedeven"><td><a href="#m197">test92</a></td><td rowspan="1">1607610795377</td><td rowspan="1">10522</td></tr><tr class="passedeven"><td><a href="#m198">testLogin</a></td><td rowspan="1">1607610757759</td><td rowspan="1">12031</td></tr><tr class="passedodd"><td rowspan="6">com.webtest.myx.adPosition</td><td><a href="#m199">test16</a></td><td rowspan="1">1607610006527</td><td rowspan="1">30542</td></tr><tr class="passedodd"><td><a href="#m200">test32</a></td><td rowspan="1">1607610037069</td><td rowspan="1">27141</td></tr><tr class="passedodd"><td><a href="#m201">test33</a></td><td rowspan="1">1607610064211</td><td rowspan="1">7358</td></tr><tr class="passedodd"><td><a href="#m202">test34</a></td><td rowspan="1">1607610071569</td><td rowspan="1">10555</td></tr><tr class="passedodd"><td><a href="#m203">test35</a></td><td rowspan="1">1607610082124</td><td rowspan="1">10554</td></tr><tr class="passedodd"><td><a href="#m204">testLogin</a></td><td rowspan="1">1607609994502</td><td rowspan="1">12025</td></tr><tr class="passedeven"><td rowspan="4">com.webtest.myx.behaviorlog</td><td><a href="#m205">test60</a></td><td rowspan="1">1607610108839</td><td rowspan="1">13791</td></tr><tr class="passedeven"><td><a href="#m206">test62</a></td><td rowspan="1">1607610129168</td><td rowspan="1">13674</td></tr><tr class="passedeven"><td><a href="#m207">test65</a></td><td rowspan="1">1607610142842</td><td rowspan="1">4320</td></tr><tr class="passedeven"><td><a href="#m208">testLogin</a></td><td rowspan="1">1607610096920</td><td rowspan="1">11919</td></tr><tr class="passedodd"><td rowspan="4">com.webtest.myx.invitemanage</td><td><a href="#m209">test75</a></td><td rowspan="1">1607610163583</td><td rowspan="1">13956</td></tr><tr class="passedodd"><td><a href="#m210">test76</a></td><td rowspan="1">1607610177539</td><td rowspan="1">11492</td></tr><tr class="passedodd"><td><a href="#m211">test80</a></td><td rowspan="1">1607610189031</td><td rowspan="1">7438</td></tr><tr class="passedodd"><td><a href="#m212">testLogin</a></td><td rowspan="1">1607610151572</td><td rowspan="1">12011</td></tr><tr class="passedeven"><td rowspan="5">com.webtest.myx.limit</td><td><a href="#m213">test67</a></td><td rowspan="1">1607610212686</td><td rowspan="1">32546</td></tr><tr class="passedeven"><td><a href="#m214">test68</a></td><td rowspan="1">1607610252511</td><td rowspan="1">7262</td></tr><tr class="passedeven"><td><a href="#m215">test69</a></td><td rowspan="1">1607610245235</td><td rowspan="1">7276</td></tr><tr class="passedeven"><td><a href="#m216">test70</a></td><td rowspan="1">1607610259773</td><td rowspan="1">7281</td></tr><tr class="passedeven"><td><a href="#m217">testLogin</a></td><td rowspan="1">1607610200689</td><td rowspan="1">11997</td></tr><tr class="passedodd"><td rowspan="3">com.webtest.myx.linkfriend</td><td><a href="#m218">test5</a></td><td rowspan="1">1607610283290</td><td rowspan="1">19097</td></tr><tr class="passedodd"><td><a href="#m219">test8</a></td><td rowspan="1">1607610306399</td><td rowspan="1">10519</td></tr><tr class="passedodd"><td><a href="#m220">testLogin</a></td><td rowspan="1">1607610271280</td><td rowspan="1">12010</td></tr><tr class="passedeven"><td rowspan="4">com.webtest.myx.memeimg</td><td><a href="#m221">test71</a></td><td rowspan="1">1607610349825</td><td rowspan="1">12036</td></tr><tr class="passedeven"><td><a href="#m222">test72</a></td><td rowspan="1">1607610361861</td><td rowspan="1">11935</td></tr><tr class="passedeven"><td><a href="#m223">test73</a></td><td rowspan="1">1607610373796</td><td rowspan="1">30515</td></tr><tr class="passedeven"><td><a href="#m224">testLogin</a></td><td rowspan="1">1607610337765</td><td rowspan="1">12060</td></tr><tr class="passedodd"><td rowspan="1">com.webtest.myx.messageSearch</td><td><a href="#m225">testLogin</a></td><td rowspan="1">1607610417846</td><td rowspan="1">10965</td></tr><tr class="passedeven"><td rowspan="3">com.webtest.myx.pointLog</td><td><a href="#m226">test42</a></td><td rowspan="1">1607610455558</td><td rowspan="1">7277</td></tr><tr class="passedeven"><td><a href="#m227">test43</a></td><td rowspan="1">1607610445041</td><td rowspan="1">10517</td></tr><tr class="passedeven"><td><a href="#m228">testLogin</a></td><td rowspan="1">1607610433045</td><td rowspan="1">11996</td></tr><tr class="passedodd"><td rowspan="5">com.webtest.myx.pointRule</td><td><a href="#m229">test49</a></td><td rowspan="1">1607610478236</td><td rowspan="1">21849</td></tr><tr class="passedodd"><td><a href="#m230">test50</a></td><td rowspan="1">1607610513646</td><td rowspan="1">13563</td></tr><tr class="passedodd"><td><a href="#m231">test51</a></td><td rowspan="1">1607610500086</td><td rowspan="1">13560</td></tr><tr class="passedodd"><td><a href="#m232">test52</a></td><td rowspan="1">1607610527209</td><td rowspan="1">13525</td></tr><tr class="passedodd"><td><a href="#m233">testLogin</a></td><td rowspan="1">1607610467162</td><td rowspan="1">11074</td></tr><tr class="passedeven"><td rowspan="4">com.webtest.myx.pointType</td><td><a href="#m234">test44</a></td><td rowspan="1">1607610556766</td><td rowspan="1">14084</td></tr><tr class="passedeven"><td><a href="#m235">test46</a></td><td rowspan="1">1607610570851</td><td rowspan="1">10493</td></tr><tr class="passedeven"><td><a href="#m236">test47</a></td><td rowspan="1">1607610581344</td><td rowspan="1">10527</td></tr><tr class="passedeven"><td><a href="#m237">testLogin</a></td><td rowspan="1">1607610545547</td><td rowspan="1">11219</td></tr><tr class="passedodd"><td rowspan="3">com.webtest.myx.sensitiveSetting</td><td><a href="#m238">test14</a></td><td rowspan="1">1607610670328</td><td rowspan="1">10761</td></tr><tr class="passedodd"><td><a href="#m239">test15</a></td><td rowspan="1">1607610681089</td><td rowspan="1">10474</td></tr><tr class="passedodd"><td><a href="#m240">testLogin</a></td><td rowspan="1">1607610659320</td><td rowspan="1">11008</td></tr><tr class="passedeven"><td rowspan="6">com.webtest.myx.sensitiveword</td><td><a href="#m241">test10</a></td><td rowspan="1">1607610717804</td><td rowspan="1">10505</td></tr><tr class="passedeven"><td><a href="#m242">test11</a></td><td rowspan="1">1607610728309</td><td rowspan="1">7281</td></tr><tr class="passedeven"><td><a href="#m243">test12</a></td><td rowspan="1">1607610735590</td><td rowspan="1">7281</td></tr><tr class="passedeven"><td><a href="#m244">test13</a></td><td rowspan="1">1607610742871</td><td rowspan="1">10571</td></tr><tr class="passedeven"><td><a href="#m245">test9</a></td><td rowspan="1">1607610706837</td><td rowspan="1">10967</td></tr><tr class="passedeven"><td><a href="#m246">testLogin</a></td><td rowspan="1">1607610695821</td><td rowspan="1">11016</td></tr><tr class="passedodd"><td rowspan="4">com.webtest.wgh.ActiveUserDemo</td><td><a href="#m247">test16</a></td><td rowspan="1">1607609332771</td><td rowspan="1">3533</td></tr><tr class="passedodd"><td><a href="#m248">test17</a></td><td rowspan="1">1607609336304</td><td rowspan="1">12897</td></tr><tr class="passedodd"><td><a href="#m249">test18</a></td><td rowspan="1">1607609349201</td><td rowspan="1">3216</td></tr><tr class="passedodd"><td><a href="#m250">testLogin</a></td><td rowspan="1">1607609321738</td><td rowspan="1">11033</td></tr><tr class="passedeven"><td rowspan="3">com.webtest.wgh.AttritionRechargeDemo</td><td><a href="#m251">test15</a></td><td rowspan="1">1607609368279</td><td rowspan="1">5514</td></tr><tr class="passedeven"><td><a href="#m252">test22</a></td><td rowspan="1">1607609373793</td><td rowspan="1">3519</td></tr><tr class="passedeven"><td><a href="#m253">testLogin</a></td><td rowspan="1">1607609357275</td><td rowspan="1">11004</td></tr><tr class="passedodd"><td rowspan="3">com.webtest.wgh.DashBoardDemo</td><td><a href="#m254">test3</a></td><td rowspan="1">1607609392638</td><td rowspan="1">13011</td></tr><tr class="passedodd"><td><a href="#m255">test5</a></td><td rowspan="1">1607609406070</td><td rowspan="1">4</td></tr><tr class="passedodd"><td><a href="#m256">testLogin</a></td><td rowspan="1">1607609381626</td><td rowspan="1">11012</td></tr><tr class="passedeven"><td rowspan="5">com.webtest.wgh.DataViewDemo</td><td><a href="#m257">test11</a></td><td rowspan="1">1607609438216</td><td rowspan="1">6694</td></tr><tr class="passedeven"><td><a href="#m258">test7</a></td><td rowspan="1">1607609421624</td><td rowspan="1">3463</td></tr><tr class="passedeven"><td><a href="#m259">test8</a></td><td rowspan="1">1607609425087</td><td rowspan="1">6459</td></tr><tr class="passedeven"><td><a href="#m260">test9</a></td><td rowspan="1">1607609431546</td><td rowspan="1">3225</td></tr><tr class="passedeven"><td><a href="#m261">testLogin</a></td><td rowspan="1">1607609410564</td><td rowspan="1">11060</td></tr><tr class="passedodd"><td rowspan="3">com.webtest.wgh.DynamicrecoveryDemo</td><td><a href="#m262">test47</a></td><td rowspan="1">1607609460136</td><td rowspan="1">9622</td></tr><tr class="passedodd"><td><a href="#m263">test48</a></td><td rowspan="1">1607609469759</td><td rowspan="1">8064</td></tr><tr class="passedodd"><td><a href="#m264">testLogin</a></td><td rowspan="1">1607609449158</td><td rowspan="1">10978</td></tr><tr class="passedeven"><td rowspan="1">com.webtest.wgh.HomePageDemo</td><td><a href="#m265">testLogin</a></td><td rowspan="1">1607609482132</td><td rowspan="1">11004</td></tr><tr class="passedodd"><td rowspan="3">com.webtest.wgh.IdentityDemo</td><td><a href="#m266">test1</a></td><td rowspan="1">1607609508956</td><td rowspan="1">9815</td></tr><tr class="passedodd"><td><a href="#m267">test2</a></td><td rowspan="1">1607609518771</td><td rowspan="1">12867</td></tr><tr class="passedodd"><td><a href="#m268">testLogin</a></td><td rowspan="1">1607609497575</td><td rowspan="1">11381</td></tr><tr class="passedeven"><td rowspan="2">com.webtest.wgh.IntoFrontDemo</td><td><a href="#m269">test23</a></td><td rowspan="1">1607609546924</td><td rowspan="1">3226</td></tr><tr class="passedeven"><td><a href="#m270">testLogin</a></td><td rowspan="1">1607609535888</td><td rowspan="1">11036</td></tr><tr class="passedodd"><td rowspan="1">com.webtest.wgh.LoginDemo</td><td><a href="#m271">testLogin</a></td><td rowspan="1">1607609554453</td><td rowspan="1">10992</td></tr><tr class="passedeven"><td rowspan="5">com.webtest.wgh.MembersDemo</td><td><a href="#m272">test27</a></td><td rowspan="1">1607609580745</td><td rowspan="1">9968</td></tr><tr class="passedeven"><td><a href="#m273">test28</a></td><td rowspan="1">1607609590714</td><td rowspan="1">6220</td></tr><tr class="passedeven"><td><a href="#m274">test29</a></td><td rowspan="1">1607609596934</td><td rowspan="1">9750</td></tr><tr class="passedeven"><td><a href="#m275">test30</a></td><td rowspan="1">1607609606685</td><td rowspan="1">9423</td></tr><tr class="passedeven"><td><a href="#m276">testLogin</a></td><td rowspan="1">1607609569712</td><td rowspan="1">11033</td></tr><tr class="passedodd"><td rowspan="3">com.webtest.wgh.ReplyCommentDemo</td><td><a href="#m277">test49</a></td><td rowspan="1">1607609631428</td><td rowspan="1">12787</td></tr><tr class="passedodd"><td><a href="#m278">test50</a></td><td rowspan="1">1607609644215</td><td rowspan="1">8035</td></tr><tr class="passedodd"><td><a href="#m279">testLogin</a></td><td rowspan="1">1607609620408</td><td rowspan="1">11020</td></tr><tr class="passedeven"><td rowspan="4">com.webtest.wgh.RetentionDemo</td><td><a href="#m280">test19</a></td><td rowspan="1">1607609667531</td><td rowspan="1">3457</td></tr><tr class="passedeven"><td><a href="#m281">test20</a></td><td rowspan="1">1607609670988</td><td rowspan="1">3218</td></tr><tr class="passedeven"><td><a href="#m282">test21</a></td><td rowspan="1">1607609674206</td><td rowspan="1">12893</td></tr><tr class="passedeven"><td><a href="#m283">testLogin</a></td><td rowspan="1">1607609656523</td><td rowspan="1">11008</td></tr><tr class="passedodd"><td rowspan="3">com.webtest.wgh.RightDemo</td><td><a href="#m284">test24</a></td><td rowspan="1">1607609702412</td><td rowspan="1">3230</td></tr><tr class="passedodd"><td><a href="#m285">test25</a></td><td rowspan="1">1607609705642</td><td rowspan="1">6557</td></tr><tr class="passedodd"><td><a href="#m286">testLogin</a></td><td rowspan="1">1607609691396</td><td rowspan="1">11016</td></tr><tr class="passedeven"><td rowspan="4">com.webtest.wgh.TopicDemo</td><td><a href="#m287">test41</a></td><td rowspan="1">1607609728381</td><td rowspan="1">13126</td></tr><tr class="passedeven"><td><a href="#m288">test42</a></td><td rowspan="1">1607609741507</td><td rowspan="1">9550</td></tr><tr class="passedeven"><td><a href="#m289">test43</a></td><td rowspan="1">1607609751057</td><td rowspan="1">9524</td></tr><tr class="passedeven"><td><a href="#m290">testLogin</a></td><td rowspan="1">1607609716479</td><td rowspan="1">11902</td></tr><tr class="passedodd"><td rowspan="4">com.webtest.wgh.UserDemo</td><td><a href="#m291">test31</a></td><td rowspan="1">1607609775897</td><td rowspan="1">9618</td></tr><tr class="passedodd"><td><a href="#m292">test32</a></td><td rowspan="1">1607609785517</td><td rowspan="1">9538</td></tr><tr class="passedodd"><td><a href="#m293">test33</a></td><td rowspan="1">1607609795056</td><td rowspan="1">9703</td></tr><tr class="passedodd"><td><a href="#m294">testLogin</a></td><td rowspan="1">1607609764860</td><td rowspan="1">11037</td></tr><tr class="passedeven"><td rowspan="4">com.webtest.wgh.WebsitestatisticsDemo</td><td><a href="#m295">test12</a></td><td rowspan="1">1607609820022</td><td rowspan="1">3474</td></tr><tr class="passedeven"><td><a href="#m296">test13</a></td><td rowspan="1">1607609823496</td><td rowspan="1">6489</td></tr><tr class="passedeven"><td><a href="#m297">test14</a></td><td rowspan="1">1607609829985</td><td rowspan="1">3220</td></tr><tr class="passedeven"><td><a href="#m298">testLogin</a></td><td rowspan="1">1607609809023</td><td rowspan="1">10999</td></tr><tr class="passedodd"><td rowspan="8">com.webtest.wgh.WeibodynamicDemo</td><td><a href="#m299">test34</a></td><td rowspan="1">1607609848460</td><td rowspan="1">9641</td></tr><tr class="passedodd"><td><a href="#m300">test35</a></td><td rowspan="1">1607609858101</td><td rowspan="1">6081</td></tr><tr class="passedodd"><td><a href="#m301">test36</a></td><td rowspan="1">1607609864182</td><td rowspan="1">6068</td></tr><tr class="passedodd"><td><a href="#m302">test37</a></td><td rowspan="1">1607609870251</td><td rowspan="1">12599</td></tr><tr class="passedodd"><td><a href="#m303">test38</a></td><td rowspan="1">1607609882850</td><td rowspan="1">12582</td></tr><tr class="passedodd"><td><a href="#m304">test39</a></td><td rowspan="1">1607609895432</td><td rowspan="1">12598</td></tr><tr class="passedodd"><td><a href="#m305">test40</a></td><td rowspan="1">1607609908030</td><td rowspan="1">9424</td></tr><tr class="passedodd"><td><a href="#m306">testLogin</a></td><td rowspan="1">1607609837462</td><td rowspan="1">10998</td></tr><tr class="passedeven"><td rowspan="4">com.webtest.wgh.WeibomanagementDemo</td><td><a href="#m307">test44</a></td><td rowspan="1">1607609933240</td><td rowspan="1">13128</td></tr><tr class="passedeven"><td><a href="#m308">test45</a></td><td rowspan="1">1607609946368</td><td rowspan="1">9547</td></tr><tr class="passedeven"><td><a href="#m309">test46</a></td><td rowspan="1">1607609955916</td><td rowspan="1">12848</td></tr><tr class="passedeven"><td><a href="#m310">testLogin</a></td><td rowspan="1">1607609922265</td><td rowspan="1">10975</td></tr><tr class="passedodd"><td rowspan="9">com.webtest.why.conversation_list</td><td><a href="#m311">testLogin</a></td><td rowspan="1">1607608720649</td><td rowspan="1">11054</td></tr><tr class="passedodd"><td><a href="#m312">why1test</a></td><td rowspan="1">1607608731703</td><td rowspan="1">8723</td></tr><tr class="passedodd"><td><a href="#m313">why2test</a></td><td rowspan="1">1607608740426</td><td rowspan="1">7309</td></tr><tr class="passedodd"><td><a href="#m314">why3test</a></td><td rowspan="1">1607608747736</td><td rowspan="1">7470</td></tr><tr class="passedodd"><td><a href="#m315">why4test</a></td><td rowspan="1">1607608755206</td><td rowspan="1">10678</td></tr><tr class="passedodd"><td><a href="#m316">why5test</a></td><td rowspan="1">1607608765884</td><td rowspan="1">7463</td></tr><tr class="passedodd"><td><a href="#m317">why6test</a></td><td rowspan="1">1607608773347</td><td rowspan="1">7447</td></tr><tr class="passedodd"><td><a href="#m318">why7test</a></td><td rowspan="1">1607608780794</td><td rowspan="1">7493</td></tr><tr class="passedodd"><td><a href="#m319">why8test</a></td><td rowspan="1">1607608788287</td><td rowspan="1">4375</td></tr><tr class="passedeven"><td rowspan="8">com.webtest.why.conversation_model</td><td><a href="#m320">testLogin</a></td><td rowspan="1">1607608796923</td><td rowspan="1">10989</td></tr><tr class="passedeven"><td><a href="#m321">why10test</a></td><td rowspan="1">1607608816585</td><td rowspan="1">5275</td></tr><tr class="passedeven"><td><a href="#m322">why11test</a></td><td rowspan="1">1607608821861</td><td rowspan="1">7471</td></tr><tr class="passedeven"><td><a href="#m323">why12test</a></td><td rowspan="1">1607608829332</td><td rowspan="1">7432</td></tr><tr class="passedeven"><td><a href="#m324">why13test</a></td><td rowspan="1">1607608836764</td><td rowspan="1">7425</td></tr><tr class="passedeven"><td><a href="#m325">why14test</a></td><td rowspan="1">1607608844189</td><td rowspan="1">7440</td></tr><tr class="passedeven"><td><a href="#m326">why15test</a></td><td rowspan="1">1607608851629</td><td rowspan="1">4356</td></tr><tr class="passedeven"><td><a href="#m327">why9test</a></td><td rowspan="1">1607608807912</td><td rowspan="1">8673</td></tr><tr class="passedodd"><td rowspan="3">com.webtest.why.conversation_settings</td><td><a href="#m328">testLogin</a></td><td rowspan="1">1607608860215</td><td rowspan="1">11033</td></tr><tr class="passedodd"><td><a href="#m329">why16test</a></td><td rowspan="1">1607608871248</td><td rowspan="1">12786</td></tr><tr class="passedodd"><td><a href="#m330">why17test</a></td><td rowspan="1">1607608884034</td><td rowspan="1">2026</td></tr><tr class="passedeven"><td rowspan="6">com.webtest.why.database_backup</td><td><a href="#m331">testLogin</a></td><td rowspan="1">1607608666831</td><td rowspan="1">11113</td></tr><tr class="passedeven"><td><a href="#m332">why31test</a></td><td rowspan="1">1607608677944</td><td rowspan="1">13858</td></tr><tr class="passedeven"><td><a href="#m333">why32test</a></td><td rowspan="1">1607608691802</td><td rowspan="1">7771</td></tr><tr class="passedeven"><td><a href="#m334">why33test</a></td><td rowspan="1">1607608699573</td><td rowspan="1">7793</td></tr><tr class="passedeven"><td><a href="#m335">why34test</a></td><td rowspan="1">1607608707366</td><td rowspan="1">4507</td></tr><tr class="passedeven"><td><a href="#m336">why35test</a></td><td rowspan="1">1607608711873</td><td rowspan="1">4516</td></tr><tr class="passedodd"><td rowspan="11">com.webtest.why.edit_model</td><td><a href="#m337">testLogin</a></td><td rowspan="1">1607608929228</td><td rowspan="1">11002</td></tr><tr class="passedodd"><td><a href="#m338">why20test</a></td><td rowspan="1">1607608940230</td><td rowspan="1">20490</td></tr><tr class="passedodd"><td><a href="#m339">why21test</a></td><td rowspan="1">1607608960720</td><td rowspan="1">15790</td></tr><tr class="passedodd"><td><a href="#m340">why22test</a></td><td rowspan="1">1607608976510</td><td rowspan="1">15774</td></tr><tr class="passedodd"><td><a href="#m341">why23test</a></td><td rowspan="1">1607608992284</td><td rowspan="1">16289</td></tr><tr class="passedodd"><td><a href="#m342">why24test</a></td><td rowspan="1">1607609008573</td><td rowspan="1">28222</td></tr><tr class="passedodd"><td><a href="#m343">why25test</a></td><td rowspan="1">1607609036796</td><td rowspan="1">9491</td></tr><tr class="passedodd"><td><a href="#m344">why26test</a></td><td rowspan="1">1607609046287</td><td rowspan="1">15960</td></tr><tr class="passedodd"><td><a href="#m345">why27test</a></td><td rowspan="1">1607609062247</td><td rowspan="1">7496</td></tr><tr class="passedodd"><td><a href="#m346">why28test</a></td><td rowspan="1">1607609069743</td><td rowspan="1">6243</td></tr><tr class="passedodd"><td><a href="#m347">why30test</a></td><td rowspan="1">1607609075986</td><td rowspan="1">10689</td></tr><tr class="passedeven"><td rowspan="2">com.webtest.why.news_model</td><td><a href="#m348">testLogin</a></td><td rowspan="1">1607608890348</td><td rowspan="1">11020</td></tr><tr class="passedeven"><td><a href="#m349">why18test</a></td><td rowspan="1">1607608901368</td><td rowspan="1">23598</td></tr><tr class="passedodd"><td rowspan="3">com.webtest.why.user_navigation</td><td><a href="#m350">testLogin</a></td><td rowspan="1">1607609090804</td><td rowspan="1">11022</td></tr><tr class="passedodd"><td><a href="#m351">why52test</a></td><td rowspan="1">1607609101826</td><td rowspan="1">10766</td></tr><tr class="passedodd"><td><a href="#m352">why53test</a></td><td rowspan="1">1607609112592</td><td rowspan="1">2032</td></tr><tr class="passedeven"><td rowspan="11">com.webtest.why.website_settings</td><td><a href="#m353">testLogin</a></td><td rowspan="1">1607609118909</td><td rowspan="1">10980</td></tr><tr class="passedeven"><td><a href="#m354">why37test</a></td><td rowspan="1">1607609137367</td><td rowspan="1">12538</td></tr><tr class="passedeven"><td><a href="#m355">why39test</a></td><td rowspan="1">1607609157369</td><td rowspan="1">10647</td></tr><tr class="passedeven"><td><a href="#m356">why41test</a></td><td rowspan="1">1607609168019</td><td rowspan="1">15825</td></tr><tr class="passedeven"><td><a href="#m357">why42test</a></td><td rowspan="1">1607609183844</td><td rowspan="1">13797</td></tr><tr class="passedeven"><td><a href="#m358">why43test</a></td><td rowspan="1">1607609197641</td><td rowspan="1">13812</td></tr><tr class="passedeven"><td><a href="#m359">why44test</a></td><td rowspan="1">1607609211453</td><td rowspan="1">19032</td></tr><tr class="passedeven"><td><a href="#m360">why45test</a></td><td rowspan="1">1607609230485</td><td rowspan="1">17053</td></tr><tr class="passedeven"><td><a href="#m361">why46test</a></td><td rowspan="1">1607609247538</td><td rowspan="1">19033</td></tr><tr class="passedeven"><td><a href="#m362">why47test</a></td><td rowspan="1">1607609266571</td><td rowspan="1">22221</td></tr><tr class="passedeven"><td><a href="#m363">why50test</a></td><td rowspan="1">1607609297575</td><td rowspan="1">17952</td></tr></tbody>
</table>
<h2>t2</h2><h3 id="m0">com.webtest.jxy.Management_Dynamic_Test#doAfterMethod</h3><table class="result"><tr><th>Exception</th></tr><tr><td><div class="stacktrace">org.openqa.selenium.NoSuchSessionException: Tried to run command without establishing a connection
Build info: version: &apos;3.141.59&apos;, revision: &apos;e82be7d358&apos;, time: &apos;2018-11-14T08:25:53&apos;
System info: host: &apos;LAPTOP-UOTE3Q5R&apos;, ip: &apos;192.168.137.1&apos;, os.name: &apos;Windows 10&apos;, os.arch: &apos;amd64&apos;, os.version: &apos;10.0&apos;, java.version: &apos;1.8.0_171&apos;
Driver info: org.openqa.selenium.firefox.FirefoxDriver
Capabilities {acceptInsecureCerts: true, browserName: firefox, browserVersion: 83.0, javascriptEnabled: true, moz:accessibilityChecks: false, moz:buildID: 20201112153044, moz:geckodriverVersion: 0.24.0, moz:headless: false, moz:processID: 9532, moz:profile: C:\Users\WHY\AppData\Local\..., moz:shutdownTimeout: 60000, moz:useNonSpecCompliantPointerOrigin: false, moz:webdriverClick: true, pageLoadStrategy: normal, platform: WINDOWS, platformName: WINDOWS, platformVersion: 10.0, rotatable: false, setWindowRect: true, strictFileInteractability: false, timeouts: {implicit: 0, pageLoad: 300000, script: 30000}, unhandledPromptBehavior: dismiss and notify}
Session ID: d00bfb97-877c-44d8-aca3-e6c9a498dbfa
	at org.openqa.selenium.remote.http.W3CHttpResponseCodec.createException(W3CHttpResponseCodec.java:187)
	at org.openqa.selenium.remote.http.W3CHttpResponseCodec.decode(W3CHttpResponseCodec.java:122)
	at org.openqa.selenium.remote.http.W3CHttpResponseCodec.decode(W3CHttpResponseCodec.java:49)
	at org.openqa.selenium.remote.HttpCommandExecutor.execute(HttpCommandExecutor.java:158)
	at org.openqa.selenium.remote.service.DriverCommandExecutor.execute(DriverCommandExecutor.java:83)
	at org.openqa.selenium.remote.RemoteWebDriver.execute(RemoteWebDriver.java:552)
	at org.openqa.selenium.remote.RemoteWebDriver.execute(RemoteWebDriver.java:609)
	at org.openqa.selenium.remote.RemoteWebDriver.quit(RemoteWebDriver.java:452)
	at com.webtest.core.BaseTest.doAfterMethod(Unknown Source)
	at java.util.ArrayList.forEach(Unknown Source)
... Removed 27 stack frames</div></td></tr></table><p class="totop"><a href="#summary">back to summary</a></p>
<h3 id="m1">com.webtest.dxy.CertifiManagementTest#test_approveSuccess</h3><table class="result"><tr><th>Exception</th></tr><tr><td><div class="stacktrace">org.openqa.selenium.NoAlertPresentException: 
Build info: version: &apos;3.141.59&apos;, revision: &apos;e82be7d358&apos;, time: &apos;2018-11-14T08:25:53&apos;
System info: host: &apos;LAPTOP-UOTE3Q5R&apos;, ip: &apos;192.168.137.1&apos;, os.name: &apos;Windows 10&apos;, os.arch: &apos;amd64&apos;, os.version: &apos;10.0&apos;, java.version: &apos;1.8.0_171&apos;
Driver info: org.openqa.selenium.firefox.FirefoxDriver
Capabilities {acceptInsecureCerts: true, browserName: firefox, browserVersion: 83.0, javascriptEnabled: true, moz:accessibilityChecks: false, moz:buildID: 20201112153044, moz:geckodriverVersion: 0.24.0, moz:headless: false, moz:processID: 19372, moz:profile: C:\Users\WHY\AppData\Local\..., moz:shutdownTimeout: 60000, moz:useNonSpecCompliantPointerOrigin: false, moz:webdriverClick: true, pageLoadStrategy: normal, platform: WINDOWS, platformName: WINDOWS, platformVersion: 10.0, rotatable: false, setWindowRect: true, strictFileInteractability: false, timeouts: {implicit: 0, pageLoad: 300000, script: 30000}, unhandledPromptBehavior: dismiss and notify}
Session ID: 75f9b79e-f691-4baa-8b4c-430009235966
	at org.openqa.selenium.remote.http.W3CHttpResponseCodec.createException(W3CHttpResponseCodec.java:187)
	at org.openqa.selenium.remote.http.W3CHttpResponseCodec.decode(W3CHttpResponseCodec.java:122)
	at org.openqa.selenium.remote.http.W3CHttpResponseCodec.decode(W3CHttpResponseCodec.java:49)
	at org.openqa.selenium.remote.HttpCommandExecutor.execute(HttpCommandExecutor.java:158)
	at org.openqa.selenium.remote.service.DriverCommandExecutor.execute(DriverCommandExecutor.java:83)
	at org.openqa.selenium.remote.RemoteWebDriver.execute(RemoteWebDriver.java:552)
	at org.openqa.selenium.remote.RemoteWebDriver.execute(RemoteWebDriver.java:609)
	at org.openqa.selenium.remote.RemoteWebDriver$RemoteTargetLocator.alert(RemoteWebDriver.java:932)
	at com.webtest.dxy.CertifiManagementTest.test_approveSuccess(Unknown Source)
	at java.util.ArrayList.forEach(Unknown Source)
... Removed 29 stack frames</div></td></tr></table><p class="totop"><a href="#summary">back to summary</a></p>
<h3 id="m2">com.webtest.dxy.CertifiManagementTest#test_edit</h3><table class="result"><tr><th>Exception</th></tr><tr><td><div class="stacktrace">org.openqa.selenium.NoSuchFrameException: No frame element found by name or id ueditor_0
Build info: version: &apos;3.141.59&apos;, revision: &apos;e82be7d358&apos;, time: &apos;2018-11-14T08:25:53&apos;
System info: host: &apos;LAPTOP-UOTE3Q5R&apos;, ip: &apos;192.168.137.1&apos;, os.name: &apos;Windows 10&apos;, os.arch: &apos;amd64&apos;, os.version: &apos;10.0&apos;, java.version: &apos;1.8.0_171&apos;
Driver info: driver.version: unknown
	at org.openqa.selenium.remote.RemoteWebDriver$RemoteTargetLocator.frame(RemoteWebDriver.java:885)
	at com.webtest.dxy.CertifiManagementTest.test_edit(Unknown Source)
	at java.util.ArrayList.forEach(Unknown Source)
... Removed 26 stack frames</div></td></tr></table><p class="totop"><a href="#summary">back to summary</a></p>
<h3 id="m3">com.webtest.dxy.CertifiManagementTest#test_setAuthCondition</h3><table class="result"><tr><th>Exception</th></tr><tr><td><div class="stacktrace">org.openqa.selenium.NoAlertPresentException: 
Build info: version: &apos;3.141.59&apos;, revision: &apos;e82be7d358&apos;, time: &apos;2018-11-14T08:25:53&apos;
System info: host: &apos;LAPTOP-UOTE3Q5R&apos;, ip: &apos;192.168.137.1&apos;, os.name: &apos;Windows 10&apos;, os.arch: &apos;amd64&apos;, os.version: &apos;10.0&apos;, java.version: &apos;1.8.0_171&apos;
Driver info: org.openqa.selenium.firefox.FirefoxDriver
Capabilities {acceptInsecureCerts: true, browserName: firefox, browserVersion: 83.0, javascriptEnabled: true, moz:accessibilityChecks: false, moz:buildID: 20201112153044, moz:geckodriverVersion: 0.24.0, moz:headless: false, moz:processID: 19372, moz:profile: C:\Users\WHY\AppData\Local\..., moz:shutdownTimeout: 60000, moz:useNonSpecCompliantPointerOrigin: false, moz:webdriverClick: true, pageLoadStrategy: normal, platform: WINDOWS, platformName: WINDOWS, platformVersion: 10.0, rotatable: false, setWindowRect: true, strictFileInteractability: false, timeouts: {implicit: 0, pageLoad: 300000, script: 30000}, unhandledPromptBehavior: dismiss and notify}
Session ID: 75f9b79e-f691-4baa-8b4c-430009235966
	at org.openqa.selenium.remote.http.W3CHttpResponseCodec.createException(W3CHttpResponseCodec.java:187)
	at org.openqa.selenium.remote.http.W3CHttpResponseCodec.decode(W3CHttpResponseCodec.java:122)
	at org.openqa.selenium.remote.http.W3CHttpResponseCodec.decode(W3CHttpResponseCodec.java:49)
	at org.openqa.selenium.remote.HttpCommandExecutor.execute(HttpCommandExecutor.java:158)
	at org.openqa.selenium.remote.service.DriverCommandExecutor.execute(DriverCommandExecutor.java:83)
	at org.openqa.selenium.remote.RemoteWebDriver.execute(RemoteWebDriver.java:552)
	at org.openqa.selenium.remote.RemoteWebDriver.execute(RemoteWebDriver.java:609)
	at org.openqa.selenium.remote.RemoteWebDriver$RemoteTargetLocator.alert(RemoteWebDriver.java:932)
	at com.webtest.dxy.CertifiManagementTest.test_setAuthCondition(Unknown Source)
	at java.util.ArrayList.forEach(Unknown Source)
... Removed 29 stack frames</div></td></tr></table><p class="totop"><a href="#summary">back to summary</a></p>
<h3 id="m4">com.webtest.dxy.CertifiManagementTest#test_setAuthField</h3><table class="result"><tr><th>Exception</th></tr><tr><td><div class="stacktrace">org.openqa.selenium.NoAlertPresentException: 
Build info: version: &apos;3.141.59&apos;, revision: &apos;e82be7d358&apos;, time: &apos;2018-11-14T08:25:53&apos;
System info: host: &apos;LAPTOP-UOTE3Q5R&apos;, ip: &apos;192.168.137.1&apos;, os.name: &apos;Windows 10&apos;, os.arch: &apos;amd64&apos;, os.version: &apos;10.0&apos;, java.version: &apos;1.8.0_171&apos;
Driver info: org.openqa.selenium.firefox.FirefoxDriver
Capabilities {acceptInsecureCerts: true, browserName: firefox, browserVersion: 83.0, javascriptEnabled: true, moz:accessibilityChecks: false, moz:buildID: 20201112153044, moz:geckodriverVersion: 0.24.0, moz:headless: false, moz:processID: 19372, moz:profile: C:\Users\WHY\AppData\Local\..., moz:shutdownTimeout: 60000, moz:useNonSpecCompliantPointerOrigin: false, moz:webdriverClick: true, pageLoadStrategy: normal, platform: WINDOWS, platformName: WINDOWS, platformVersion: 10.0, rotatable: false, setWindowRect: true, strictFileInteractability: false, timeouts: {implicit: 0, pageLoad: 300000, script: 30000}, unhandledPromptBehavior: dismiss and notify}
Session ID: 75f9b79e-f691-4baa-8b4c-430009235966
	at org.openqa.selenium.remote.http.W3CHttpResponseCodec.createException(W3CHttpResponseCodec.java:187)
	at org.openqa.selenium.remote.http.W3CHttpResponseCodec.decode(W3CHttpResponseCodec.java:122)
	at org.openqa.selenium.remote.http.W3CHttpResponseCodec.decode(W3CHttpResponseCodec.java:49)
	at org.openqa.selenium.remote.HttpCommandExecutor.execute(HttpCommandExecutor.java:158)
	at org.openqa.selenium.remote.service.DriverCommandExecutor.execute(DriverCommandExecutor.java:83)
	at org.openqa.selenium.remote.RemoteWebDriver.execute(RemoteWebDriver.java:552)
	at org.openqa.selenium.remote.RemoteWebDriver.execute(RemoteWebDriver.java:609)
	at org.openqa.selenium.remote.RemoteWebDriver$RemoteTargetLocator.alert(RemoteWebDriver.java:932)
	at com.webtest.dxy.CertifiManagementTest.test_setAuthField(Unknown Source)
	at java.util.ArrayList.forEach(Unknown Source)
... Removed 29 stack frames</div></td></tr></table><p class="totop"><a href="#summary">back to summary</a></p>
<h3 id="m5">com.webtest.dxy.IdentityManagementTest#test_addGroup</h3><table class="result"><tr><th>Exception</th></tr><tr><td><div class="stacktrace">org.openqa.selenium.NoAlertPresentException: 
Build info: version: &apos;3.141.59&apos;, revision: &apos;e82be7d358&apos;, time: &apos;2018-11-14T08:25:53&apos;
System info: host: &apos;LAPTOP-UOTE3Q5R&apos;, ip: &apos;192.168.137.1&apos;, os.name: &apos;Windows 10&apos;, os.arch: &apos;amd64&apos;, os.version: &apos;10.0&apos;, java.version: &apos;1.8.0_171&apos;
Driver info: org.openqa.selenium.firefox.FirefoxDriver
Capabilities {acceptInsecureCerts: true, browserName: firefox, browserVersion: 83.0, javascriptEnabled: true, moz:accessibilityChecks: false, moz:buildID: 20201112153044, moz:geckodriverVersion: 0.24.0, moz:headless: false, moz:processID: 21696, moz:profile: C:\Users\WHY\AppData\Local\..., moz:shutdownTimeout: 60000, moz:useNonSpecCompliantPointerOrigin: false, moz:webdriverClick: true, pageLoadStrategy: normal, platform: WINDOWS, platformName: WINDOWS, platformVersion: 10.0, rotatable: false, setWindowRect: true, strictFileInteractability: false, timeouts: {implicit: 0, pageLoad: 300000, script: 30000}, unhandledPromptBehavior: dismiss and notify}
Session ID: 6cb1c450-d009-4a9b-8c54-9d0179463bd7
	at org.openqa.selenium.remote.http.W3CHttpResponseCodec.createException(W3CHttpResponseCodec.java:187)
	at org.openqa.selenium.remote.http.W3CHttpResponseCodec.decode(W3CHttpResponseCodec.java:122)
	at org.openqa.selenium.remote.http.W3CHttpResponseCodec.decode(W3CHttpResponseCodec.java:49)
	at org.openqa.selenium.remote.HttpCommandExecutor.execute(HttpCommandExecutor.java:158)
	at org.openqa.selenium.remote.service.DriverCommandExecutor.execute(DriverCommandExecutor.java:83)
	at org.openqa.selenium.remote.RemoteWebDriver.execute(RemoteWebDriver.java:552)
	at org.openqa.selenium.remote.RemoteWebDriver.execute(RemoteWebDriver.java:609)
	at org.openqa.selenium.remote.RemoteWebDriver$RemoteTargetLocator.alert(RemoteWebDriver.java:932)
	at com.webtest.dxy.IdentityManagementTest.test_addGroup(Unknown Source)
	at java.util.ArrayList.forEach(Unknown Source)
... Removed 30 stack frames</div></td></tr></table><p class="totop"><a href="#summary">back to summary</a></p>
<h3 id="m6">com.webtest.dxy.IdentityManagementTest#test_addIdentity</h3><table class="result"><tr><th>Exception</th></tr><tr><td><div class="stacktrace">org.openqa.selenium.NoAlertPresentException: 
Build info: version: &apos;3.141.59&apos;, revision: &apos;e82be7d358&apos;, time: &apos;2018-11-14T08:25:53&apos;
System info: host: &apos;LAPTOP-UOTE3Q5R&apos;, ip: &apos;192.168.137.1&apos;, os.name: &apos;Windows 10&apos;, os.arch: &apos;amd64&apos;, os.version: &apos;10.0&apos;, java.version: &apos;1.8.0_171&apos;
Driver info: org.openqa.selenium.firefox.FirefoxDriver
Capabilities {acceptInsecureCerts: true, browserName: firefox, browserVersion: 83.0, javascriptEnabled: true, moz:accessibilityChecks: false, moz:buildID: 20201112153044, moz:geckodriverVersion: 0.24.0, moz:headless: false, moz:processID: 21696, moz:profile: C:\Users\WHY\AppData\Local\..., moz:shutdownTimeout: 60000, moz:useNonSpecCompliantPointerOrigin: false, moz:webdriverClick: true, pageLoadStrategy: normal, platform: WINDOWS, platformName: WINDOWS, platformVersion: 10.0, rotatable: false, setWindowRect: true, strictFileInteractability: false, timeouts: {implicit: 0, pageLoad: 300000, script: 30000}, unhandledPromptBehavior: dismiss and notify}
Session ID: 6cb1c450-d009-4a9b-8c54-9d0179463bd7
	at org.openqa.selenium.remote.http.W3CHttpResponseCodec.createException(W3CHttpResponseCodec.java:187)
	at org.openqa.selenium.remote.http.W3CHttpResponseCodec.decode(W3CHttpResponseCodec.java:122)
	at org.openqa.selenium.remote.http.W3CHttpResponseCodec.decode(W3CHttpResponseCodec.java:49)
	at org.openqa.selenium.remote.HttpCommandExecutor.execute(HttpCommandExecutor.java:158)
	at org.openqa.selenium.remote.service.DriverCommandExecutor.execute(DriverCommandExecutor.java:83)
	at org.openqa.selenium.remote.RemoteWebDriver.execute(RemoteWebDriver.java:552)
	at org.openqa.selenium.remote.RemoteWebDriver.execute(RemoteWebDriver.java:609)
	at org.openqa.selenium.remote.RemoteWebDriver$RemoteTargetLocator.alert(RemoteWebDriver.java:932)
	at com.webtest.dxy.IdentityManagementTest.test_addIdentity(Unknown Source)
	at java.util.ArrayList.forEach(Unknown Source)
... Removed 30 stack frames</div></td></tr></table><p class="totop"><a href="#summary">back to summary</a></p>
<h3 id="m7">com.webtest.dxy.IdentityManagementTest#test_disable</h3><table class="result"><tr><th>Exception</th></tr><tr><td><div class="stacktrace">org.openqa.selenium.NoAlertPresentException: 
Build info: version: &apos;3.141.59&apos;, revision: &apos;e82be7d358&apos;, time: &apos;2018-11-14T08:25:53&apos;
System info: host: &apos;LAPTOP-UOTE3Q5R&apos;, ip: &apos;192.168.137.1&apos;, os.name: &apos;Windows 10&apos;, os.arch: &apos;amd64&apos;, os.version: &apos;10.0&apos;, java.version: &apos;1.8.0_171&apos;
Driver info: org.openqa.selenium.firefox.FirefoxDriver
Capabilities {acceptInsecureCerts: true, browserName: firefox, browserVersion: 83.0, javascriptEnabled: true, moz:accessibilityChecks: false, moz:buildID: 20201112153044, moz:geckodriverVersion: 0.24.0, moz:headless: false, moz:processID: 21696, moz:profile: C:\Users\WHY\AppData\Local\..., moz:shutdownTimeout: 60000, moz:useNonSpecCompliantPointerOrigin: false, moz:webdriverClick: true, pageLoadStrategy: normal, platform: WINDOWS, platformName: WINDOWS, platformVersion: 10.0, rotatable: false, setWindowRect: true, strictFileInteractability: false, timeouts: {implicit: 0, pageLoad: 300000, script: 30000}, unhandledPromptBehavior: dismiss and notify}
Session ID: 6cb1c450-d009-4a9b-8c54-9d0179463bd7
	at org.openqa.selenium.remote.http.W3CHttpResponseCodec.createException(W3CHttpResponseCodec.java:187)
	at org.openqa.selenium.remote.http.W3CHttpResponseCodec.decode(W3CHttpResponseCodec.java:122)
	at org.openqa.selenium.remote.http.W3CHttpResponseCodec.decode(W3CHttpResponseCodec.java:49)
	at org.openqa.selenium.remote.HttpCommandExecutor.execute(HttpCommandExecutor.java:158)
	at org.openqa.selenium.remote.service.DriverCommandExecutor.execute(DriverCommandExecutor.java:83)
	at org.openqa.selenium.remote.RemoteWebDriver.execute(RemoteWebDriver.java:552)
	at org.openqa.selenium.remote.RemoteWebDriver.execute(RemoteWebDriver.java:609)
	at org.openqa.selenium.remote.RemoteWebDriver$RemoteTargetLocator.alert(RemoteWebDriver.java:932)
	at com.webtest.dxy.IdentityManagementTest.test_disable(Unknown Source)
	at java.util.ArrayList.forEach(Unknown Source)
... Removed 30 stack frames</div></td></tr></table><p class="totop"><a href="#summary">back to summary</a></p>
<h3 id="m8">com.webtest.dxy.IdentityManagementTest#test_disableUsing</h3><table class="result"><tr><th>Exception</th></tr><tr><td><div class="stacktrace">org.openqa.selenium.NoAlertPresentException: 
Build info: version: &apos;3.141.59&apos;, revision: &apos;e82be7d358&apos;, time: &apos;2018-11-14T08:25:53&apos;
System info: host: &apos;LAPTOP-UOTE3Q5R&apos;, ip: &apos;192.168.137.1&apos;, os.name: &apos;Windows 10&apos;, os.arch: &apos;amd64&apos;, os.version: &apos;10.0&apos;, java.version: &apos;1.8.0_171&apos;
Driver info: org.openqa.selenium.firefox.FirefoxDriver
Capabilities {acceptInsecureCerts: true, browserName: firefox, browserVersion: 83.0, javascriptEnabled: true, moz:accessibilityChecks: false, moz:buildID: 20201112153044, moz:geckodriverVersion: 0.24.0, moz:headless: false, moz:processID: 21696, moz:profile: C:\Users\WHY\AppData\Local\..., moz:shutdownTimeout: 60000, moz:useNonSpecCompliantPointerOrigin: false, moz:webdriverClick: true, pageLoadStrategy: normal, platform: WINDOWS, platformName: WINDOWS, platformVersion: 10.0, rotatable: false, setWindowRect: true, strictFileInteractability: false, timeouts: {implicit: 0, pageLoad: 300000, script: 30000}, unhandledPromptBehavior: dismiss and notify}
Session ID: 6cb1c450-d009-4a9b-8c54-9d0179463bd7
	at org.openqa.selenium.remote.http.W3CHttpResponseCodec.createException(W3CHttpResponseCodec.java:187)
	at org.openqa.selenium.remote.http.W3CHttpResponseCodec.decode(W3CHttpResponseCodec.java:122)
	at org.openqa.selenium.remote.http.W3CHttpResponseCodec.decode(W3CHttpResponseCodec.java:49)
	at org.openqa.selenium.remote.HttpCommandExecutor.execute(HttpCommandExecutor.java:158)
	at org.openqa.selenium.remote.service.DriverCommandExecutor.execute(DriverCommandExecutor.java:83)
	at org.openqa.selenium.remote.RemoteWebDriver.execute(RemoteWebDriver.java:552)
	at org.openqa.selenium.remote.RemoteWebDriver.execute(RemoteWebDriver.java:609)
	at org.openqa.selenium.remote.RemoteWebDriver$RemoteTargetLocator.alert(RemoteWebDriver.java:932)
	at com.webtest.dxy.IdentityManagementTest.test_disableUsing(Unknown Source)
	at java.util.ArrayList.forEach(Unknown Source)
... Removed 30 stack frames</div></td></tr></table><p class="totop"><a href="#summary">back to summary</a></p>
<h3 id="m9">com.webtest.dxy.IdentityManagementTest#test_initUserId</h3><table class="result"><tr><th>Exception</th></tr><tr><td><div class="stacktrace">org.openqa.selenium.NoSuchElementException: Unable to locate element: //*[@id=&apos;toast-container&apos;]/div/div
For documentation on this error, please visit: https://www.seleniumhq.org/exceptions/no_such_element.html
Build info: version: &apos;3.141.59&apos;, revision: &apos;e82be7d358&apos;, time: &apos;2018-11-14T08:25:53&apos;
System info: host: &apos;LAPTOP-UOTE3Q5R&apos;, ip: &apos;192.168.137.1&apos;, os.name: &apos;Windows 10&apos;, os.arch: &apos;amd64&apos;, os.version: &apos;10.0&apos;, java.version: &apos;1.8.0_171&apos;
Driver info: org.openqa.selenium.firefox.FirefoxDriver
Capabilities {acceptInsecureCerts: true, browserName: firefox, browserVersion: 83.0, javascriptEnabled: true, moz:accessibilityChecks: false, moz:buildID: 20201112153044, moz:geckodriverVersion: 0.24.0, moz:headless: false, moz:processID: 21696, moz:profile: C:\Users\WHY\AppData\Local\..., moz:shutdownTimeout: 60000, moz:useNonSpecCompliantPointerOrigin: false, moz:webdriverClick: true, pageLoadStrategy: normal, platform: WINDOWS, platformName: WINDOWS, platformVersion: 10.0, rotatable: false, setWindowRect: true, strictFileInteractability: false, timeouts: {implicit: 0, pageLoad: 300000, script: 30000}, unhandledPromptBehavior: dismiss and notify}
Session ID: 6cb1c450-d009-4a9b-8c54-9d0179463bd7
*** Element info: {Using=xpath, value=//*[@id=&apos;toast-container&apos;]/div/div}
	at org.openqa.selenium.remote.http.W3CHttpResponseCodec.createException(W3CHttpResponseCodec.java:187)
	at org.openqa.selenium.remote.http.W3CHttpResponseCodec.decode(W3CHttpResponseCodec.java:122)
	at org.openqa.selenium.remote.http.W3CHttpResponseCodec.decode(W3CHttpResponseCodec.java:49)
	at org.openqa.selenium.remote.HttpCommandExecutor.execute(HttpCommandExecutor.java:158)
	at org.openqa.selenium.remote.service.DriverCommandExecutor.execute(DriverCommandExecutor.java:83)
	at org.openqa.selenium.remote.RemoteWebDriver.execute(RemoteWebDriver.java:552)
	at org.openqa.selenium.remote.RemoteWebDriver.findElement(RemoteWebDriver.java:323)
	at org.openqa.selenium.remote.RemoteWebDriver.findElementByXPath(RemoteWebDriver.java:428)
	at org.openqa.selenium.By$ByXPath.findElement(By.java:353)
	at org.openqa.selenium.remote.RemoteWebDriver.findElement(RemoteWebDriver.java:315)
	at com.webtest.core.WebDriverEngine.getElementByXpath(Unknown Source)
	at com.webtest.dxy.IdentityManagementTest.test_initUserId(Unknown Source)
	at java.util.ArrayList.forEach(Unknown Source)
... Removed 29 stack frames</div></td></tr></table><p class="totop"><a href="#summary">back to summary</a></p>
<h3 id="m10">com.webtest.dxy.IdentityManagementTest#test_restart</h3><table class="result"><tr><th>Exception</th></tr><tr><td><div class="stacktrace">org.openqa.selenium.NoAlertPresentException: 
Build info: version: &apos;3.141.59&apos;, revision: &apos;e82be7d358&apos;, time: &apos;2018-11-14T08:25:53&apos;
System info: host: &apos;LAPTOP-UOTE3Q5R&apos;, ip: &apos;192.168.137.1&apos;, os.name: &apos;Windows 10&apos;, os.arch: &apos;amd64&apos;, os.version: &apos;10.0&apos;, java.version: &apos;1.8.0_171&apos;
Driver info: org.openqa.selenium.firefox.FirefoxDriver
Capabilities {acceptInsecureCerts: true, browserName: firefox, browserVersion: 83.0, javascriptEnabled: true, moz:accessibilityChecks: false, moz:buildID: 20201112153044, moz:geckodriverVersion: 0.24.0, moz:headless: false, moz:processID: 21696, moz:profile: C:\Users\WHY\AppData\Local\..., moz:shutdownTimeout: 60000, moz:useNonSpecCompliantPointerOrigin: false, moz:webdriverClick: true, pageLoadStrategy: normal, platform: WINDOWS, platformName: WINDOWS, platformVersion: 10.0, rotatable: false, setWindowRect: true, strictFileInteractability: false, timeouts: {implicit: 0, pageLoad: 300000, script: 30000}, unhandledPromptBehavior: dismiss and notify}
Session ID: 6cb1c450-d009-4a9b-8c54-9d0179463bd7
	at org.openqa.selenium.remote.http.W3CHttpResponseCodec.createException(W3CHttpResponseCodec.java:187)
	at org.openqa.selenium.remote.http.W3CHttpResponseCodec.decode(W3CHttpResponseCodec.java:122)
	at org.openqa.selenium.remote.http.W3CHttpResponseCodec.decode(W3CHttpResponseCodec.java:49)
	at org.openqa.selenium.remote.HttpCommandExecutor.execute(HttpCommandExecutor.java:158)
	at org.openqa.selenium.remote.service.DriverCommandExecutor.execute(DriverCommandExecutor.java:83)
	at org.openqa.selenium.remote.RemoteWebDriver.execute(RemoteWebDriver.java:552)
	at org.openqa.selenium.remote.RemoteWebDriver.execute(RemoteWebDriver.java:609)
	at org.openqa.selenium.remote.RemoteWebDriver$RemoteTargetLocator.alert(RemoteWebDriver.java:932)
	at com.webtest.dxy.IdentityManagementTest.test_restart(Unknown Source)
	at java.util.ArrayList.forEach(Unknown Source)
... Removed 30 stack frames</div></td></tr></table><p class="totop"><a href="#summary">back to summary</a></p>
<h3 id="m11">com.webtest.dxy.IdentityManagementTest#test_startUsing</h3><table class="result"><tr><th>Exception</th></tr><tr><td><div class="stacktrace">org.openqa.selenium.NoAlertPresentException: 
Build info: version: &apos;3.141.59&apos;, revision: &apos;e82be7d358&apos;, time: &apos;2018-11-14T08:25:53&apos;
System info: host: &apos;LAPTOP-UOTE3Q5R&apos;, ip: &apos;192.168.137.1&apos;, os.name: &apos;Windows 10&apos;, os.arch: &apos;amd64&apos;, os.version: &apos;10.0&apos;, java.version: &apos;1.8.0_171&apos;
Driver info: org.openqa.selenium.firefox.FirefoxDriver
Capabilities {acceptInsecureCerts: true, browserName: firefox, browserVersion: 83.0, javascriptEnabled: true, moz:accessibilityChecks: false, moz:buildID: 20201112153044, moz:geckodriverVersion: 0.24.0, moz:headless: false, moz:processID: 21696, moz:profile: C:\Users\WHY\AppData\Local\..., moz:shutdownTimeout: 60000, moz:useNonSpecCompliantPointerOrigin: false, moz:webdriverClick: true, pageLoadStrategy: normal, platform: WINDOWS, platformName: WINDOWS, platformVersion: 10.0, rotatable: false, setWindowRect: true, strictFileInteractability: false, timeouts: {implicit: 0, pageLoad: 300000, script: 30000}, unhandledPromptBehavior: dismiss and notify}
Session ID: 6cb1c450-d009-4a9b-8c54-9d0179463bd7
	at org.openqa.selenium.remote.http.W3CHttpResponseCodec.createException(W3CHttpResponseCodec.java:187)
	at org.openqa.selenium.remote.http.W3CHttpResponseCodec.decode(W3CHttpResponseCodec.java:122)
	at org.openqa.selenium.remote.http.W3CHttpResponseCodec.decode(W3CHttpResponseCodec.java:49)
	at org.openqa.selenium.remote.HttpCommandExecutor.execute(HttpCommandExecutor.java:158)
	at org.openqa.selenium.remote.service.DriverCommandExecutor.execute(DriverCommandExecutor.java:83)
	at org.openqa.selenium.remote.RemoteWebDriver.execute(RemoteWebDriver.java:552)
	at org.openqa.selenium.remote.RemoteWebDriver.execute(RemoteWebDriver.java:609)
	at org.openqa.selenium.remote.RemoteWebDriver$RemoteTargetLocator.alert(RemoteWebDriver.java:932)
	at com.webtest.dxy.IdentityManagementTest.test_startUsing(Unknown Source)
	at java.util.ArrayList.forEach(Unknown Source)
... Removed 30 stack frames</div></td></tr></table><p class="totop"><a href="#summary">back to summary</a></p>
<h3 id="m12">com.webtest.dxy.LabelsandInfoTest#test_addGroupInfo</h3><table class="result"><tr><th>Exception</th></tr><tr><td><div class="stacktrace">org.openqa.selenium.NoAlertPresentException: 
Build info: version: &apos;3.141.59&apos;, revision: &apos;e82be7d358&apos;, time: &apos;2018-11-14T08:25:53&apos;
System info: host: &apos;LAPTOP-UOTE3Q5R&apos;, ip: &apos;192.168.137.1&apos;, os.name: &apos;Windows 10&apos;, os.arch: &apos;amd64&apos;, os.version: &apos;10.0&apos;, java.version: &apos;1.8.0_171&apos;
Driver info: org.openqa.selenium.firefox.FirefoxDriver
Capabilities {acceptInsecureCerts: true, browserName: firefox, browserVersion: 83.0, javascriptEnabled: true, moz:accessibilityChecks: false, moz:buildID: 20201112153044, moz:geckodriverVersion: 0.24.0, moz:headless: false, moz:processID: 22672, moz:profile: C:\Users\WHY\AppData\Local\..., moz:shutdownTimeout: 60000, moz:useNonSpecCompliantPointerOrigin: false, moz:webdriverClick: true, pageLoadStrategy: normal, platform: WINDOWS, platformName: WINDOWS, platformVersion: 10.0, rotatable: false, setWindowRect: true, strictFileInteractability: false, timeouts: {implicit: 0, pageLoad: 300000, script: 30000}, unhandledPromptBehavior: dismiss and notify}
Session ID: 517222c5-68c2-49af-a420-bcd80b9f007e
	at org.openqa.selenium.remote.http.W3CHttpResponseCodec.createException(W3CHttpResponseCodec.java:187)
	at org.openqa.selenium.remote.http.W3CHttpResponseCodec.decode(W3CHttpResponseCodec.java:122)
	at org.openqa.selenium.remote.http.W3CHttpResponseCodec.decode(W3CHttpResponseCodec.java:49)
	at org.openqa.selenium.remote.HttpCommandExecutor.execute(HttpCommandExecutor.java:158)
	at org.openqa.selenium.remote.service.DriverCommandExecutor.execute(DriverCommandExecutor.java:83)
	at org.openqa.selenium.remote.RemoteWebDriver.execute(RemoteWebDriver.java:552)
	at org.openqa.selenium.remote.RemoteWebDriver.execute(RemoteWebDriver.java:609)
	at org.openqa.selenium.remote.RemoteWebDriver$RemoteTargetLocator.alert(RemoteWebDriver.java:932)
	at com.webtest.dxy.LabelsandInfoTest.test_addGroupInfo(Unknown Source)
	at java.util.ArrayList.forEach(Unknown Source)
... Removed 30 stack frames</div></td></tr></table><p class="totop"><a href="#summary">back to summary</a></p>
<h3 id="m13">com.webtest.dxy.LabelsandInfoTest#test_showGroupLabel</h3><table class="result"><tr><th>Exception</th></tr><tr><td><div class="stacktrace">org.openqa.selenium.ElementNotInteractableException: Element &lt;a href=&quot;/index.php?s=/admin/user_tag/usertag.html&quot;&gt; could not be scrolled into view
Build info: version: &apos;3.141.59&apos;, revision: &apos;e82be7d358&apos;, time: &apos;2018-11-14T08:25:53&apos;
System info: host: &apos;LAPTOP-UOTE3Q5R&apos;, ip: &apos;192.168.137.1&apos;, os.name: &apos;Windows 10&apos;, os.arch: &apos;amd64&apos;, os.version: &apos;10.0&apos;, java.version: &apos;1.8.0_171&apos;
Driver info: org.openqa.selenium.firefox.FirefoxDriver
Capabilities {acceptInsecureCerts: true, browserName: firefox, browserVersion: 83.0, javascriptEnabled: true, moz:accessibilityChecks: false, moz:buildID: 20201112153044, moz:geckodriverVersion: 0.24.0, moz:headless: false, moz:processID: 22672, moz:profile: C:\Users\WHY\AppData\Local\..., moz:shutdownTimeout: 60000, moz:useNonSpecCompliantPointerOrigin: false, moz:webdriverClick: true, pageLoadStrategy: normal, platform: WINDOWS, platformName: WINDOWS, platformVersion: 10.0, rotatable: false, setWindowRect: true, strictFileInteractability: false, timeouts: {implicit: 0, pageLoad: 300000, script: 30000}, unhandledPromptBehavior: dismiss and notify}
Session ID: 517222c5-68c2-49af-a420-bcd80b9f007e
	at org.openqa.selenium.remote.http.W3CHttpResponseCodec.createException(W3CHttpResponseCodec.java:187)
	at org.openqa.selenium.remote.http.W3CHttpResponseCodec.decode(W3CHttpResponseCodec.java:122)
	at org.openqa.selenium.remote.http.W3CHttpResponseCodec.decode(W3CHttpResponseCodec.java:49)
	at org.openqa.selenium.remote.HttpCommandExecutor.execute(HttpCommandExecutor.java:158)
	at org.openqa.selenium.remote.service.DriverCommandExecutor.execute(DriverCommandExecutor.java:83)
	at org.openqa.selenium.remote.RemoteWebDriver.execute(RemoteWebDriver.java:552)
	at org.openqa.selenium.remote.RemoteWebElement.execute(RemoteWebElement.java:285)
	at org.openqa.selenium.remote.RemoteWebElement.click(RemoteWebElement.java:84)
	at com.webtest.core.WebDriverEngine.click(Unknown Source)
	at com.webtest.dxy.LabelsandInfoTest.test_showGroupLabel(Unknown Source)
	at java.util.ArrayList.forEach(Unknown Source)
... Removed 30 stack frames</div></td></tr></table><p class="totop"><a href="#summary">back to summary</a></p>
<h3 id="m14">com.webtest.dxy.TitleManagementTest#test_applyTitle</h3><table class="result"><tr><th>Exception</th></tr><tr><td><div class="stacktrace">org.openqa.selenium.ElementNotInteractableException: Element &lt;li&gt; could not be scrolled into view
Build info: version: &apos;3.141.59&apos;, revision: &apos;e82be7d358&apos;, time: &apos;2018-11-14T08:25:53&apos;
System info: host: &apos;LAPTOP-UOTE3Q5R&apos;, ip: &apos;192.168.137.1&apos;, os.name: &apos;Windows 10&apos;, os.arch: &apos;amd64&apos;, os.version: &apos;10.0&apos;, java.version: &apos;1.8.0_171&apos;
Driver info: org.openqa.selenium.firefox.FirefoxDriver
Capabilities {acceptInsecureCerts: true, browserName: firefox, browserVersion: 83.0, javascriptEnabled: true, moz:accessibilityChecks: false, moz:buildID: 20201112153044, moz:geckodriverVersion: 0.24.0, moz:headless: false, moz:processID: 22892, moz:profile: C:\Users\WHY\AppData\Local\..., moz:shutdownTimeout: 60000, moz:useNonSpecCompliantPointerOrigin: false, moz:webdriverClick: true, pageLoadStrategy: normal, platform: WINDOWS, platformName: WINDOWS, platformVersion: 10.0, rotatable: false, setWindowRect: true, strictFileInteractability: false, timeouts: {implicit: 0, pageLoad: 300000, script: 30000}, unhandledPromptBehavior: dismiss and notify}
Session ID: 7897f78d-3cd7-4bf8-a5a9-64ada5f9ef5d
	at org.openqa.selenium.remote.http.W3CHttpResponseCodec.createException(W3CHttpResponseCodec.java:187)
	at org.openqa.selenium.remote.http.W3CHttpResponseCodec.decode(W3CHttpResponseCodec.java:122)
	at org.openqa.selenium.remote.http.W3CHttpResponseCodec.decode(W3CHttpResponseCodec.java:49)
	at org.openqa.selenium.remote.HttpCommandExecutor.execute(HttpCommandExecutor.java:158)
	at org.openqa.selenium.remote.service.DriverCommandExecutor.execute(DriverCommandExecutor.java:83)
	at org.openqa.selenium.remote.RemoteWebDriver.execute(RemoteWebDriver.java:552)
	at org.openqa.selenium.remote.RemoteWebElement.execute(RemoteWebElement.java:285)
	at org.openqa.selenium.remote.RemoteWebElement.click(RemoteWebElement.java:84)
	at com.webtest.dxy.TitleManagementTest.test_applyTitle(Unknown Source)
	at java.util.ArrayList.forEach(Unknown Source)
... Removed 30 stack frames</div></td></tr></table><p class="totop"><a href="#summary">back to summary</a></p>
<h3 id="m15">com.webtest.dxy.TitleManagementTest#test_relatedTitle</h3><table class="result"><tr><th>Exception</th></tr><tr><td><div class="stacktrace">org.openqa.selenium.NoAlertPresentException: 
Build info: version: &apos;3.141.59&apos;, revision: &apos;e82be7d358&apos;, time: &apos;2018-11-14T08:25:53&apos;
System info: host: &apos;LAPTOP-UOTE3Q5R&apos;, ip: &apos;192.168.137.1&apos;, os.name: &apos;Windows 10&apos;, os.arch: &apos;amd64&apos;, os.version: &apos;10.0&apos;, java.version: &apos;1.8.0_171&apos;
Driver info: org.openqa.selenium.firefox.FirefoxDriver
Capabilities {acceptInsecureCerts: true, browserName: firefox, browserVersion: 83.0, javascriptEnabled: true, moz:accessibilityChecks: false, moz:buildID: 20201112153044, moz:geckodriverVersion: 0.24.0, moz:headless: false, moz:processID: 22892, moz:profile: C:\Users\WHY\AppData\Local\..., moz:shutdownTimeout: 60000, moz:useNonSpecCompliantPointerOrigin: false, moz:webdriverClick: true, pageLoadStrategy: normal, platform: WINDOWS, platformName: WINDOWS, platformVersion: 10.0, rotatable: false, setWindowRect: true, strictFileInteractability: false, timeouts: {implicit: 0, pageLoad: 300000, script: 30000}, unhandledPromptBehavior: dismiss and notify}
Session ID: 7897f78d-3cd7-4bf8-a5a9-64ada5f9ef5d
	at org.openqa.selenium.remote.http.W3CHttpResponseCodec.createException(W3CHttpResponseCodec.java:187)
	at org.openqa.selenium.remote.http.W3CHttpResponseCodec.decode(W3CHttpResponseCodec.java:122)
	at org.openqa.selenium.remote.http.W3CHttpResponseCodec.decode(W3CHttpResponseCodec.java:49)
	at org.openqa.selenium.remote.HttpCommandExecutor.execute(HttpCommandExecutor.java:158)
	at org.openqa.selenium.remote.service.DriverCommandExecutor.execute(DriverCommandExecutor.java:83)
	at org.openqa.selenium.remote.RemoteWebDriver.execute(RemoteWebDriver.java:552)
	at org.openqa.selenium.remote.RemoteWebDriver.execute(RemoteWebDriver.java:609)
	at org.openqa.selenium.remote.RemoteWebDriver$RemoteTargetLocator.alert(RemoteWebDriver.java:932)
	at com.webtest.dxy.TitleManagementTest.test_relatedTitle(Unknown Source)
	at java.util.ArrayList.forEach(Unknown Source)
... Removed 30 stack frames</div></td></tr></table><p class="totop"><a href="#summary">back to summary</a></p>
<h3 id="m16">com.webtest.dxy.TitleManagementTest#test_showDetailTitles</h3><table class="result"><tr><th>Exception</th></tr><tr><td><div class="stacktrace">java.lang.AssertionError:  expected [true] but found [false]
	at com.webtest.dxy.TitleManagementTest.test_showDetailTitles(Unknown Source)
	at java.util.ArrayList.forEach(Unknown Source)
... Removed 29 stack frames</div></td></tr></table><p class="totop"><a href="#summary">back to summary</a></p>
<h3 id="m17">com.webtest.dxy.TitleManagementTest#test_showTitleInfo</h3><table class="result"><tr><th>Exception</th></tr><tr><td><div class="stacktrace">org.openqa.selenium.WebDriverException: TypeError: rect is undefined
Build info: version: &apos;3.141.59&apos;, revision: &apos;e82be7d358&apos;, time: &apos;2018-11-14T08:25:53&apos;
System info: host: &apos;LAPTOP-UOTE3Q5R&apos;, ip: &apos;192.168.137.1&apos;, os.name: &apos;Windows 10&apos;, os.arch: &apos;amd64&apos;, os.version: &apos;10.0&apos;, java.version: &apos;1.8.0_171&apos;
Driver info: org.openqa.selenium.firefox.FirefoxDriver
Capabilities {acceptInsecureCerts: true, browserName: firefox, browserVersion: 83.0, javascriptEnabled: true, moz:accessibilityChecks: false, moz:buildID: 20201112153044, moz:geckodriverVersion: 0.24.0, moz:headless: false, moz:processID: 22892, moz:profile: C:\Users\WHY\AppData\Local\..., moz:shutdownTimeout: 60000, moz:useNonSpecCompliantPointerOrigin: false, moz:webdriverClick: true, pageLoadStrategy: normal, platform: WINDOWS, platformName: WINDOWS, platformVersion: 10.0, rotatable: false, setWindowRect: true, strictFileInteractability: false, timeouts: {implicit: 0, pageLoad: 300000, script: 30000}, unhandledPromptBehavior: dismiss and notify}
Session ID: 7897f78d-3cd7-4bf8-a5a9-64ada5f9ef5d
	at org.openqa.selenium.remote.http.W3CHttpResponseCodec.createException(W3CHttpResponseCodec.java:187)
	at org.openqa.selenium.remote.http.W3CHttpResponseCodec.decode(W3CHttpResponseCodec.java:122)
	at org.openqa.selenium.remote.http.W3CHttpResponseCodec.decode(W3CHttpResponseCodec.java:49)
	at org.openqa.selenium.remote.HttpCommandExecutor.execute(HttpCommandExecutor.java:158)
	at org.openqa.selenium.remote.service.DriverCommandExecutor.execute(DriverCommandExecutor.java:83)
	at org.openqa.selenium.remote.RemoteWebDriver.execute(RemoteWebDriver.java:552)
	at org.openqa.selenium.remote.RemoteWebDriver.perform(RemoteWebDriver.java:618)
	at org.openqa.selenium.interactions.Actions$BuiltAction.perform(Actions.java:639)
	at org.openqa.selenium.interactions.Actions.perform(Actions.java:595)
	at com.webtest.dxy.TitleManagementTest.test_showTitleInfo(Unknown Source)
	at java.util.ArrayList.forEach(Unknown Source)
... Removed 30 stack frames</div></td></tr></table><p class="totop"><a href="#summary">back to summary</a></p>
<h3 id="m18">com.webtest.dxy.UserBlockTest#test_ModifyEmailSuffix</h3><table class="result"><tr><th>Exception</th></tr><tr><td><div class="stacktrace">org.openqa.selenium.NoAlertPresentException: 
Build info: version: &apos;3.141.59&apos;, revision: &apos;e82be7d358&apos;, time: &apos;2018-11-14T08:25:53&apos;
System info: host: &apos;LAPTOP-UOTE3Q5R&apos;, ip: &apos;192.168.137.1&apos;, os.name: &apos;Windows 10&apos;, os.arch: &apos;amd64&apos;, os.version: &apos;10.0&apos;, java.version: &apos;1.8.0_171&apos;
Driver info: org.openqa.selenium.firefox.FirefoxDriver
Capabilities {acceptInsecureCerts: true, browserName: firefox, browserVersion: 83.0, javascriptEnabled: true, moz:accessibilityChecks: false, moz:buildID: 20201112153044, moz:geckodriverVersion: 0.24.0, moz:headless: false, moz:processID: 3064, moz:profile: C:\Users\WHY\AppData\Local\..., moz:shutdownTimeout: 60000, moz:useNonSpecCompliantPointerOrigin: false, moz:webdriverClick: true, pageLoadStrategy: normal, platform: WINDOWS, platformName: WINDOWS, platformVersion: 10.0, rotatable: false, setWindowRect: true, strictFileInteractability: false, timeouts: {implicit: 0, pageLoad: 300000, script: 30000}, unhandledPromptBehavior: dismiss and notify}
Session ID: 84841899-3326-43b3-964e-ecfb12a15561
	at org.openqa.selenium.remote.http.W3CHttpResponseCodec.createException(W3CHttpResponseCodec.java:187)
	at org.openqa.selenium.remote.http.W3CHttpResponseCodec.decode(W3CHttpResponseCodec.java:122)
	at org.openqa.selenium.remote.http.W3CHttpResponseCodec.decode(W3CHttpResponseCodec.java:49)
	at org.openqa.selenium.remote.HttpCommandExecutor.execute(HttpCommandExecutor.java:158)
	at org.openqa.selenium.remote.service.DriverCommandExecutor.execute(DriverCommandExecutor.java:83)
	at org.openqa.selenium.remote.RemoteWebDriver.execute(RemoteWebDriver.java:552)
	at org.openqa.selenium.remote.RemoteWebDriver.execute(RemoteWebDriver.java:609)
	at org.openqa.selenium.remote.RemoteWebDriver$RemoteTargetLocator.alert(RemoteWebDriver.java:932)
	at com.webtest.dxy.UserBlockTest.test_ModifyEmailSuffix(Unknown Source)
	at java.util.ArrayList.forEach(Unknown Source)
... Removed 30 stack frames</div></td></tr></table><p class="totop"><a href="#summary">back to summary</a></p>
<h3 id="m19">com.webtest.dxy.UserBlockTest#test_disable</h3><table class="result"><tr><th>Exception</th></tr><tr><td><div class="stacktrace">org.openqa.selenium.NoAlertPresentException: 
Build info: version: &apos;3.141.59&apos;, revision: &apos;e82be7d358&apos;, time: &apos;2018-11-14T08:25:53&apos;
System info: host: &apos;LAPTOP-UOTE3Q5R&apos;, ip: &apos;192.168.137.1&apos;, os.name: &apos;Windows 10&apos;, os.arch: &apos;amd64&apos;, os.version: &apos;10.0&apos;, java.version: &apos;1.8.0_171&apos;
Driver info: org.openqa.selenium.firefox.FirefoxDriver
Capabilities {acceptInsecureCerts: true, browserName: firefox, browserVersion: 83.0, javascriptEnabled: true, moz:accessibilityChecks: false, moz:buildID: 20201112153044, moz:geckodriverVersion: 0.24.0, moz:headless: false, moz:processID: 3064, moz:profile: C:\Users\WHY\AppData\Local\..., moz:shutdownTimeout: 60000, moz:useNonSpecCompliantPointerOrigin: false, moz:webdriverClick: true, pageLoadStrategy: normal, platform: WINDOWS, platformName: WINDOWS, platformVersion: 10.0, rotatable: false, setWindowRect: true, strictFileInteractability: false, timeouts: {implicit: 0, pageLoad: 300000, script: 30000}, unhandledPromptBehavior: dismiss and notify}
Session ID: 84841899-3326-43b3-964e-ecfb12a15561
	at org.openqa.selenium.remote.http.W3CHttpResponseCodec.createException(W3CHttpResponseCodec.java:187)
	at org.openqa.selenium.remote.http.W3CHttpResponseCodec.decode(W3CHttpResponseCodec.java:122)
	at org.openqa.selenium.remote.http.W3CHttpResponseCodec.decode(W3CHttpResponseCodec.java:49)
	at org.openqa.selenium.remote.HttpCommandExecutor.execute(HttpCommandExecutor.java:158)
	at org.openqa.selenium.remote.service.DriverCommandExecutor.execute(DriverCommandExecutor.java:83)
	at org.openqa.selenium.remote.RemoteWebDriver.execute(RemoteWebDriver.java:552)
	at org.openqa.selenium.remote.RemoteWebDriver.execute(RemoteWebDriver.java:609)
	at org.openqa.selenium.remote.RemoteWebDriver$RemoteTargetLocator.alert(RemoteWebDriver.java:932)
	at com.webtest.dxy.UserBlockTest.test_disable(Unknown Source)
	at java.util.ArrayList.forEach(Unknown Source)
... Removed 30 stack frames</div></td></tr></table><p class="totop"><a href="#summary">back to summary</a></p>
<h3 id="m20">com.webtest.dxy.UserBlockTest#test_grant</h3><table class="result"><tr><th>Exception</th></tr><tr><td><div class="stacktrace">org.openqa.selenium.NoAlertPresentException: 
Build info: version: &apos;3.141.59&apos;, revision: &apos;e82be7d358&apos;, time: &apos;2018-11-14T08:25:53&apos;
System info: host: &apos;LAPTOP-UOTE3Q5R&apos;, ip: &apos;192.168.137.1&apos;, os.name: &apos;Windows 10&apos;, os.arch: &apos;amd64&apos;, os.version: &apos;10.0&apos;, java.version: &apos;1.8.0_171&apos;
Driver info: org.openqa.selenium.firefox.FirefoxDriver
Capabilities {acceptInsecureCerts: true, browserName: firefox, browserVersion: 83.0, javascriptEnabled: true, moz:accessibilityChecks: false, moz:buildID: 20201112153044, moz:geckodriverVersion: 0.24.0, moz:headless: false, moz:processID: 3064, moz:profile: C:\Users\WHY\AppData\Local\..., moz:shutdownTimeout: 60000, moz:useNonSpecCompliantPointerOrigin: false, moz:webdriverClick: true, pageLoadStrategy: normal, platform: WINDOWS, platformName: WINDOWS, platformVersion: 10.0, rotatable: false, setWindowRect: true, strictFileInteractability: false, timeouts: {implicit: 0, pageLoad: 300000, script: 30000}, unhandledPromptBehavior: dismiss and notify}
Session ID: 84841899-3326-43b3-964e-ecfb12a15561
	at org.openqa.selenium.remote.http.W3CHttpResponseCodec.createException(W3CHttpResponseCodec.java:187)
	at org.openqa.selenium.remote.http.W3CHttpResponseCodec.decode(W3CHttpResponseCodec.java:122)
	at org.openqa.selenium.remote.http.W3CHttpResponseCodec.decode(W3CHttpResponseCodec.java:49)
	at org.openqa.selenium.remote.HttpCommandExecutor.execute(HttpCommandExecutor.java:158)
	at org.openqa.selenium.remote.service.DriverCommandExecutor.execute(DriverCommandExecutor.java:83)
	at org.openqa.selenium.remote.RemoteWebDriver.execute(RemoteWebDriver.java:552)
	at org.openqa.selenium.remote.RemoteWebDriver.execute(RemoteWebDriver.java:609)
	at org.openqa.selenium.remote.RemoteWebDriver$RemoteTargetLocator.alert(RemoteWebDriver.java:932)
	at com.webtest.dxy.UserBlockTest.test_grant(Unknown Source)
	at java.util.ArrayList.forEach(Unknown Source)
... Removed 30 stack frames</div></td></tr></table><p class="totop"><a href="#summary">back to summary</a></p>
<h3 id="m21">com.webtest.dxy.UserBlockTest#test_resetPassword</h3><table class="result"><tr><th>Exception</th></tr><tr><td><div class="stacktrace">org.openqa.selenium.NoAlertPresentException: 
Build info: version: &apos;3.141.59&apos;, revision: &apos;e82be7d358&apos;, time: &apos;2018-11-14T08:25:53&apos;
System info: host: &apos;LAPTOP-UOTE3Q5R&apos;, ip: &apos;192.168.137.1&apos;, os.name: &apos;Windows 10&apos;, os.arch: &apos;amd64&apos;, os.version: &apos;10.0&apos;, java.version: &apos;1.8.0_171&apos;
Driver info: org.openqa.selenium.firefox.FirefoxDriver
Capabilities {acceptInsecureCerts: true, browserName: firefox, browserVersion: 83.0, javascriptEnabled: true, moz:accessibilityChecks: false, moz:buildID: 20201112153044, moz:geckodriverVersion: 0.24.0, moz:headless: false, moz:processID: 3064, moz:profile: C:\Users\WHY\AppData\Local\..., moz:shutdownTimeout: 60000, moz:useNonSpecCompliantPointerOrigin: false, moz:webdriverClick: true, pageLoadStrategy: normal, platform: WINDOWS, platformName: WINDOWS, platformVersion: 10.0, rotatable: false, setWindowRect: true, strictFileInteractability: false, timeouts: {implicit: 0, pageLoad: 300000, script: 30000}, unhandledPromptBehavior: dismiss and notify}
Session ID: 84841899-3326-43b3-964e-ecfb12a15561
	at org.openqa.selenium.remote.http.W3CHttpResponseCodec.createException(W3CHttpResponseCodec.java:187)
	at org.openqa.selenium.remote.http.W3CHttpResponseCodec.decode(W3CHttpResponseCodec.java:122)
	at org.openqa.selenium.remote.http.W3CHttpResponseCodec.decode(W3CHttpResponseCodec.java:49)
	at org.openqa.selenium.remote.HttpCommandExecutor.execute(HttpCommandExecutor.java:158)
	at org.openqa.selenium.remote.service.DriverCommandExecutor.execute(DriverCommandExecutor.java:83)
	at org.openqa.selenium.remote.RemoteWebDriver.execute(RemoteWebDriver.java:552)
	at org.openqa.selenium.remote.RemoteWebDriver.execute(RemoteWebDriver.java:609)
	at org.openqa.selenium.remote.RemoteWebDriver$RemoteTargetLocator.alert(RemoteWebDriver.java:932)
	at com.webtest.dxy.UserBlockTest.test_resetPassword(Unknown Source)
	at java.util.ArrayList.forEach(Unknown Source)
... Removed 30 stack frames</div></td></tr></table><p class="totop"><a href="#summary">back to summary</a></p>
<h3 id="m22">com.webtest.dxy.UserBlockTest#test_selectGroup</h3><table class="result"><tr><th>Exception</th></tr><tr><td><div class="stacktrace">org.openqa.selenium.NoAlertPresentException: 
Build info: version: &apos;3.141.59&apos;, revision: &apos;e82be7d358&apos;, time: &apos;2018-11-14T08:25:53&apos;
System info: host: &apos;LAPTOP-UOTE3Q5R&apos;, ip: &apos;192.168.137.1&apos;, os.name: &apos;Windows 10&apos;, os.arch: &apos;amd64&apos;, os.version: &apos;10.0&apos;, java.version: &apos;1.8.0_171&apos;
Driver info: org.openqa.selenium.firefox.FirefoxDriver
Capabilities {acceptInsecureCerts: true, browserName: firefox, browserVersion: 83.0, javascriptEnabled: true, moz:accessibilityChecks: false, moz:buildID: 20201112153044, moz:geckodriverVersion: 0.24.0, moz:headless: false, moz:processID: 3064, moz:profile: C:\Users\WHY\AppData\Local\..., moz:shutdownTimeout: 60000, moz:useNonSpecCompliantPointerOrigin: false, moz:webdriverClick: true, pageLoadStrategy: normal, platform: WINDOWS, platformName: WINDOWS, platformVersion: 10.0, rotatable: false, setWindowRect: true, strictFileInteractability: false, timeouts: {implicit: 0, pageLoad: 300000, script: 30000}, unhandledPromptBehavior: dismiss and notify}
Session ID: 84841899-3326-43b3-964e-ecfb12a15561
	at org.openqa.selenium.remote.http.W3CHttpResponseCodec.createException(W3CHttpResponseCodec.java:187)
	at org.openqa.selenium.remote.http.W3CHttpResponseCodec.decode(W3CHttpResponseCodec.java:122)
	at org.openqa.selenium.remote.http.W3CHttpResponseCodec.decode(W3CHttpResponseCodec.java:49)
	at org.openqa.selenium.remote.HttpCommandExecutor.execute(HttpCommandExecutor.java:158)
	at org.openqa.selenium.remote.service.DriverCommandExecutor.execute(DriverCommandExecutor.java:83)
	at org.openqa.selenium.remote.RemoteWebDriver.execute(RemoteWebDriver.java:552)
	at org.openqa.selenium.remote.RemoteWebDriver.execute(RemoteWebDriver.java:609)
	at org.openqa.selenium.remote.RemoteWebDriver$RemoteTargetLocator.alert(RemoteWebDriver.java:932)
	at com.webtest.dxy.UserBlockTest.test_selectGroup(Unknown Source)
	at java.util.ArrayList.forEach(Unknown Source)
... Removed 30 stack frames</div></td></tr></table><p class="totop"><a href="#summary">back to summary</a></p>
<h3 id="m23">com.webtest.dxy.UserBlockTest#test_startUsing</h3><table class="result"><tr><th>Exception</th></tr><tr><td><div class="stacktrace">org.openqa.selenium.NoAlertPresentException: 
Build info: version: &apos;3.141.59&apos;, revision: &apos;e82be7d358&apos;, time: &apos;2018-11-14T08:25:53&apos;
System info: host: &apos;LAPTOP-UOTE3Q5R&apos;, ip: &apos;192.168.137.1&apos;, os.name: &apos;Windows 10&apos;, os.arch: &apos;amd64&apos;, os.version: &apos;10.0&apos;, java.version: &apos;1.8.0_171&apos;
Driver info: org.openqa.selenium.firefox.FirefoxDriver
Capabilities {acceptInsecureCerts: true, browserName: firefox, browserVersion: 83.0, javascriptEnabled: true, moz:accessibilityChecks: false, moz:buildID: 20201112153044, moz:geckodriverVersion: 0.24.0, moz:headless: false, moz:processID: 3064, moz:profile: C:\Users\WHY\AppData\Local\..., moz:shutdownTimeout: 60000, moz:useNonSpecCompliantPointerOrigin: false, moz:webdriverClick: true, pageLoadStrategy: normal, platform: WINDOWS, platformName: WINDOWS, platformVersion: 10.0, rotatable: false, setWindowRect: true, strictFileInteractability: false, timeouts: {implicit: 0, pageLoad: 300000, script: 30000}, unhandledPromptBehavior: dismiss and notify}
Session ID: 84841899-3326-43b3-964e-ecfb12a15561
	at org.openqa.selenium.remote.http.W3CHttpResponseCodec.createException(W3CHttpResponseCodec.java:187)
	at org.openqa.selenium.remote.http.W3CHttpResponseCodec.decode(W3CHttpResponseCodec.java:122)
	at org.openqa.selenium.remote.http.W3CHttpResponseCodec.decode(W3CHttpResponseCodec.java:49)
	at org.openqa.selenium.remote.HttpCommandExecutor.execute(HttpCommandExecutor.java:158)
	at org.openqa.selenium.remote.service.DriverCommandExecutor.execute(DriverCommandExecutor.java:83)
	at org.openqa.selenium.remote.RemoteWebDriver.execute(RemoteWebDriver.java:552)
	at org.openqa.selenium.remote.RemoteWebDriver.execute(RemoteWebDriver.java:609)
	at org.openqa.selenium.remote.RemoteWebDriver$RemoteTargetLocator.alert(RemoteWebDriver.java:932)
	at com.webtest.dxy.UserBlockTest.test_startUsing(Unknown Source)
	at java.util.ArrayList.forEach(Unknown Source)
... Removed 30 stack frames</div></td></tr></table><p class="totop"><a href="#summary">back to summary</a></p>
<h3 id="m24">com.webtest.dxy.UserConfigurationTest#test_authorityManage</h3><table class="result"><tr><th>Exception</th></tr><tr><td><div class="stacktrace">org.openqa.selenium.WebDriverException: TypeError: rect is undefined
Build info: version: &apos;3.141.59&apos;, revision: &apos;e82be7d358&apos;, time: &apos;2018-11-14T08:25:53&apos;
System info: host: &apos;LAPTOP-UOTE3Q5R&apos;, ip: &apos;192.168.137.1&apos;, os.name: &apos;Windows 10&apos;, os.arch: &apos;amd64&apos;, os.version: &apos;10.0&apos;, java.version: &apos;1.8.0_171&apos;
Driver info: org.openqa.selenium.firefox.FirefoxDriver
Capabilities {acceptInsecureCerts: true, browserName: firefox, browserVersion: 83.0, javascriptEnabled: true, moz:accessibilityChecks: false, moz:buildID: 20201112153044, moz:geckodriverVersion: 0.24.0, moz:headless: false, moz:processID: 19216, moz:profile: C:\Users\WHY\AppData\Local\..., moz:shutdownTimeout: 60000, moz:useNonSpecCompliantPointerOrigin: false, moz:webdriverClick: true, pageLoadStrategy: normal, platform: WINDOWS, platformName: WINDOWS, platformVersion: 10.0, rotatable: false, setWindowRect: true, strictFileInteractability: false, timeouts: {implicit: 0, pageLoad: 300000, script: 30000}, unhandledPromptBehavior: dismiss and notify}
Session ID: 4b348b3f-8884-4688-9b9e-730552f34a9d
	at org.openqa.selenium.remote.http.W3CHttpResponseCodec.createException(W3CHttpResponseCodec.java:187)
	at org.openqa.selenium.remote.http.W3CHttpResponseCodec.decode(W3CHttpResponseCodec.java:122)
	at org.openqa.selenium.remote.http.W3CHttpResponseCodec.decode(W3CHttpResponseCodec.java:49)
	at org.openqa.selenium.remote.HttpCommandExecutor.execute(HttpCommandExecutor.java:158)
	at org.openqa.selenium.remote.service.DriverCommandExecutor.execute(DriverCommandExecutor.java:83)
	at org.openqa.selenium.remote.RemoteWebDriver.execute(RemoteWebDriver.java:552)
	at org.openqa.selenium.remote.RemoteWebDriver.perform(RemoteWebDriver.java:618)
	at org.openqa.selenium.interactions.Actions$BuiltAction.perform(Actions.java:639)
	at org.openqa.selenium.interactions.Actions.perform(Actions.java:595)
	at com.webtest.dxy.UserConfigurationTest.test_authorityManage(Unknown Source)
	at java.util.ArrayList.forEach(Unknown Source)
... Removed 30 stack frames</div></td></tr></table><p class="totop"><a href="#summary">back to summary</a></p>
<h3 id="m25">com.webtest.dxy.UserConfigurationTest#test_unbundl</h3><table class="result"><tr><th>Exception</th></tr><tr><td><div class="stacktrace">org.openqa.selenium.NoAlertPresentException: 
Build info: version: &apos;3.141.59&apos;, revision: &apos;e82be7d358&apos;, time: &apos;2018-11-14T08:25:53&apos;
System info: host: &apos;LAPTOP-UOTE3Q5R&apos;, ip: &apos;192.168.137.1&apos;, os.name: &apos;Windows 10&apos;, os.arch: &apos;amd64&apos;, os.version: &apos;10.0&apos;, java.version: &apos;1.8.0_171&apos;
Driver info: org.openqa.selenium.firefox.FirefoxDriver
Capabilities {acceptInsecureCerts: true, browserName: firefox, browserVersion: 83.0, javascriptEnabled: true, moz:accessibilityChecks: false, moz:buildID: 20201112153044, moz:geckodriverVersion: 0.24.0, moz:headless: false, moz:processID: 19216, moz:profile: C:\Users\WHY\AppData\Local\..., moz:shutdownTimeout: 60000, moz:useNonSpecCompliantPointerOrigin: false, moz:webdriverClick: true, pageLoadStrategy: normal, platform: WINDOWS, platformName: WINDOWS, platformVersion: 10.0, rotatable: false, setWindowRect: true, strictFileInteractability: false, timeouts: {implicit: 0, pageLoad: 300000, script: 30000}, unhandledPromptBehavior: dismiss and notify}
Session ID: 4b348b3f-8884-4688-9b9e-730552f34a9d
	at org.openqa.selenium.remote.http.W3CHttpResponseCodec.createException(W3CHttpResponseCodec.java:187)
	at org.openqa.selenium.remote.http.W3CHttpResponseCodec.decode(W3CHttpResponseCodec.java:122)
	at org.openqa.selenium.remote.http.W3CHttpResponseCodec.decode(W3CHttpResponseCodec.java:49)
	at org.openqa.selenium.remote.HttpCommandExecutor.execute(HttpCommandExecutor.java:158)
	at org.openqa.selenium.remote.service.DriverCommandExecutor.execute(DriverCommandExecutor.java:83)
	at org.openqa.selenium.remote.RemoteWebDriver.execute(RemoteWebDriver.java:552)
	at org.openqa.selenium.remote.RemoteWebDriver.execute(RemoteWebDriver.java:609)
	at org.openqa.selenium.remote.RemoteWebDriver$RemoteTargetLocator.alert(RemoteWebDriver.java:932)
	at com.webtest.dxy.UserConfigurationTest.test_unbundl(Unknown Source)
	at java.util.ArrayList.forEach(Unknown Source)
... Removed 30 stack frames</div></td></tr></table><p class="totop"><a href="#summary">back to summary</a></p>
<h3 id="m26">com.webtest.dxy.UserConfigurationTest#test_userBasicConfigu</h3><table class="result"><tr><th>Exception</th></tr><tr><td><div class="stacktrace">org.openqa.selenium.WebDriverException: TypeError: rect is undefined
Build info: version: &apos;3.141.59&apos;, revision: &apos;e82be7d358&apos;, time: &apos;2018-11-14T08:25:53&apos;
System info: host: &apos;LAPTOP-UOTE3Q5R&apos;, ip: &apos;192.168.137.1&apos;, os.name: &apos;Windows 10&apos;, os.arch: &apos;amd64&apos;, os.version: &apos;10.0&apos;, java.version: &apos;1.8.0_171&apos;
Driver info: org.openqa.selenium.firefox.FirefoxDriver
Capabilities {acceptInsecureCerts: true, browserName: firefox, browserVersion: 83.0, javascriptEnabled: true, moz:accessibilityChecks: false, moz:buildID: 20201112153044, moz:geckodriverVersion: 0.24.0, moz:headless: false, moz:processID: 19216, moz:profile: C:\Users\WHY\AppData\Local\..., moz:shutdownTimeout: 60000, moz:useNonSpecCompliantPointerOrigin: false, moz:webdriverClick: true, pageLoadStrategy: normal, platform: WINDOWS, platformName: WINDOWS, platformVersion: 10.0, rotatable: false, setWindowRect: true, strictFileInteractability: false, timeouts: {implicit: 0, pageLoad: 300000, script: 30000}, unhandledPromptBehavior: dismiss and notify}
Session ID: 4b348b3f-8884-4688-9b9e-730552f34a9d
	at org.openqa.selenium.remote.http.W3CHttpResponseCodec.createException(W3CHttpResponseCodec.java:187)
	at org.openqa.selenium.remote.http.W3CHttpResponseCodec.decode(W3CHttpResponseCodec.java:122)
	at org.openqa.selenium.remote.http.W3CHttpResponseCodec.decode(W3CHttpResponseCodec.java:49)
	at org.openqa.selenium.remote.HttpCommandExecutor.execute(HttpCommandExecutor.java:158)
	at org.openqa.selenium.remote.service.DriverCommandExecutor.execute(DriverCommandExecutor.java:83)
	at org.openqa.selenium.remote.RemoteWebDriver.execute(RemoteWebDriver.java:552)
	at org.openqa.selenium.remote.RemoteWebDriver.perform(RemoteWebDriver.java:618)
	at org.openqa.selenium.interactions.Actions$BuiltAction.perform(Actions.java:639)
	at org.openqa.selenium.interactions.Actions.perform(Actions.java:595)
	at com.webtest.dxy.UserConfigurationTest.test_userBasicConfigu(Unknown Source)
	at java.util.ArrayList.forEach(Unknown Source)
... Removed 30 stack frames</div></td></tr></table><p class="totop"><a href="#summary">back to summary</a></p>
<h3 id="m27">com.webtest.jxy.Browse_Test#test_all_bigphoto</h3><table class="result"><tr><th>Exception</th></tr><tr><td><div class="stacktrace">java.lang.IllegalArgumentException: Must provide a location for a move action.
	at org.openqa.selenium.interactions.MoveMouseAction.&lt;init&gt;(MoveMouseAction.java:37)
	at org.openqa.selenium.interactions.Actions.moveToElement(Actions.java:386)
	at com.webtest.core.WebDriverEngine.mouseToElement(Unknown Source)
	at com.webtest.jxy.Browse_Test.test_all_bigphoto(Unknown Source)
	at java.util.ArrayList.forEach(Unknown Source)
... Removed 26 stack frames</div></td></tr></table><p class="totop"><a href="#summary">back to summary</a></p>
<h3 id="m28">com.webtest.jxy.Browse_Test#test_next_bigphoto</h3><table class="result"><tr><th>Exception</th></tr><tr><td><div class="stacktrace">java.lang.IllegalArgumentException: Must provide a location for a move action.
	at org.openqa.selenium.interactions.MoveMouseAction.&lt;init&gt;(MoveMouseAction.java:37)
	at org.openqa.selenium.interactions.Actions.moveToElement(Actions.java:386)
	at com.webtest.core.WebDriverEngine.mouseToElement(Unknown Source)
	at com.webtest.jxy.Browse_Test.test_next_bigphoto(Unknown Source)
	at java.util.ArrayList.forEach(Unknown Source)
... Removed 26 stack frames</div></td></tr></table><p class="totop"><a href="#summary">back to summary</a></p>
<h3 id="m29">com.webtest.jxy.Browse_Test#test_show_time</h3><table class="result"><tr><th>Exception</th></tr><tr><td><div class="stacktrace">java.lang.IllegalArgumentException: Must provide a location for a move action.
	at org.openqa.selenium.interactions.MoveMouseAction.&lt;init&gt;(MoveMouseAction.java:37)
	at org.openqa.selenium.interactions.Actions.moveToElement(Actions.java:386)
	at com.webtest.core.WebDriverEngine.mouseToElement(Unknown Source)
	at com.webtest.jxy.Browse_Test.test_show_time(Unknown Source)
	at java.util.ArrayList.forEach(Unknown Source)
... Removed 26 stack frames</div></td></tr></table><p class="totop"><a href="#summary">back to summary</a></p>
<h3 id="m30">com.webtest.jxy.Management_Dynamic_Test#test_del_dynamic</h3><table class="result"><tr><th>Exception</th></tr><tr><td><div class="stacktrace">org.openqa.selenium.NoSuchSessionException: Tried to run command without establishing a connection
Build info: version: &apos;3.141.59&apos;, revision: &apos;e82be7d358&apos;, time: &apos;2018-11-14T08:25:53&apos;
System info: host: &apos;LAPTOP-UOTE3Q5R&apos;, ip: &apos;192.168.137.1&apos;, os.name: &apos;Windows 10&apos;, os.arch: &apos;amd64&apos;, os.version: &apos;10.0&apos;, java.version: &apos;1.8.0_171&apos;
Driver info: org.openqa.selenium.firefox.FirefoxDriver
Capabilities {acceptInsecureCerts: true, browserName: firefox, browserVersion: 83.0, javascriptEnabled: true, moz:accessibilityChecks: false, moz:buildID: 20201112153044, moz:geckodriverVersion: 0.24.0, moz:headless: false, moz:processID: 9532, moz:profile: C:\Users\WHY\AppData\Local\..., moz:shutdownTimeout: 60000, moz:useNonSpecCompliantPointerOrigin: false, moz:webdriverClick: true, pageLoadStrategy: normal, platform: WINDOWS, platformName: WINDOWS, platformVersion: 10.0, rotatable: false, setWindowRect: true, strictFileInteractability: false, timeouts: {implicit: 0, pageLoad: 300000, script: 30000}, unhandledPromptBehavior: dismiss and notify}
Session ID: d00bfb97-877c-44d8-aca3-e6c9a498dbfa
	at org.openqa.selenium.remote.http.W3CHttpResponseCodec.createException(W3CHttpResponseCodec.java:187)
	at org.openqa.selenium.remote.http.W3CHttpResponseCodec.decode(W3CHttpResponseCodec.java:122)
	at org.openqa.selenium.remote.http.W3CHttpResponseCodec.decode(W3CHttpResponseCodec.java:49)
	at org.openqa.selenium.remote.HttpCommandExecutor.execute(HttpCommandExecutor.java:158)
	at org.openqa.selenium.remote.service.DriverCommandExecutor.execute(DriverCommandExecutor.java:83)
	at org.openqa.selenium.remote.RemoteWebDriver.execute(RemoteWebDriver.java:552)
	at org.openqa.selenium.remote.RemoteWebDriver.execute(RemoteWebDriver.java:609)
	at org.openqa.selenium.remote.RemoteWebDriver$RemoteTargetLocator.alert(RemoteWebDriver.java:932)
	at com.webtest.core.WebDriverEngine.getAlert(Unknown Source)
	at com.webtest.core.WebDriverEngine.alertAccept(Unknown Source)
	at com.webtest.jxy.Management_Dynamic_Test.test_del_dynamic(Unknown Source)
	at java.util.ArrayList.forEach(Unknown Source)
... Removed 29 stack frames</div></td></tr></table><p class="totop"><a href="#summary">back to summary</a></p>
<h3 id="m31">com.webtest.jxy.Management_Dynamic_Test#test_discuss</h3><table class="result"><tr><th>Exception</th></tr><tr><td><div class="stacktrace">org.openqa.selenium.NoSuchSessionException: Tried to run command without establishing a connection
Build info: version: &apos;3.141.59&apos;, revision: &apos;e82be7d358&apos;, time: &apos;2018-11-14T08:25:53&apos;
System info: host: &apos;LAPTOP-UOTE3Q5R&apos;, ip: &apos;192.168.137.1&apos;, os.name: &apos;Windows 10&apos;, os.arch: &apos;amd64&apos;, os.version: &apos;10.0&apos;, java.version: &apos;1.8.0_171&apos;
Driver info: org.openqa.selenium.firefox.FirefoxDriver
Capabilities {acceptInsecureCerts: true, browserName: firefox, browserVersion: 83.0, javascriptEnabled: true, moz:accessibilityChecks: false, moz:buildID: 20201112153044, moz:geckodriverVersion: 0.24.0, moz:headless: false, moz:processID: 9532, moz:profile: C:\Users\WHY\AppData\Local\..., moz:shutdownTimeout: 60000, moz:useNonSpecCompliantPointerOrigin: false, moz:webdriverClick: true, pageLoadStrategy: normal, platform: WINDOWS, platformName: WINDOWS, platformVersion: 10.0, rotatable: false, setWindowRect: true, strictFileInteractability: false, timeouts: {implicit: 0, pageLoad: 300000, script: 30000}, unhandledPromptBehavior: dismiss and notify}
Session ID: d00bfb97-877c-44d8-aca3-e6c9a498dbfa
	at org.openqa.selenium.remote.http.W3CHttpResponseCodec.createException(W3CHttpResponseCodec.java:187)
	at org.openqa.selenium.remote.http.W3CHttpResponseCodec.decode(W3CHttpResponseCodec.java:122)
	at org.openqa.selenium.remote.http.W3CHttpResponseCodec.decode(W3CHttpResponseCodec.java:49)
	at org.openqa.selenium.remote.HttpCommandExecutor.execute(HttpCommandExecutor.java:158)
	at org.openqa.selenium.remote.service.DriverCommandExecutor.execute(DriverCommandExecutor.java:83)
	at org.openqa.selenium.remote.RemoteWebDriver.execute(RemoteWebDriver.java:552)
	at org.openqa.selenium.remote.RemoteWebDriver.perform(RemoteWebDriver.java:618)
	at org.openqa.selenium.interactions.Actions$BuiltAction.perform(Actions.java:639)
	at org.openqa.selenium.interactions.Actions.perform(Actions.java:595)
	at com.webtest.core.WebDriverEngine.Ctrl_Enter(Unknown Source)
	at com.webtest.jxy.Management_Dynamic_Test.test_discuss(Unknown Source)
	at java.util.ArrayList.forEach(Unknown Source)
... Removed 29 stack frames</div></td></tr></table><p class="totop"><a href="#summary">back to summary</a></p>
<h3 id="m32">com.webtest.jxy.Management_Dynamic_Test#test_discuss_reply</h3><table class="result"><tr><th>Exception</th></tr><tr><td><div class="stacktrace">java.lang.IllegalArgumentException: Must provide a location for a move action.
	at org.openqa.selenium.interactions.MoveMouseAction.&lt;init&gt;(MoveMouseAction.java:37)
	at org.openqa.selenium.interactions.Actions.moveToElement(Actions.java:386)
	at com.webtest.core.WebDriverEngine.mouseToElement(Unknown Source)
	at com.webtest.jxy.Management_Dynamic_Test.test_discuss_reply(Unknown Source)
	at java.util.ArrayList.forEach(Unknown Source)
... Removed 26 stack frames</div></td></tr></table><p class="totop"><a href="#summary">back to summary</a></p>
<h3 id="m33">com.webtest.jxy.Management_Dynamic_Test#test_like_com</h3><table class="result"><tr><th>Exception</th></tr><tr><td><div class="stacktrace">java.lang.IllegalArgumentException: Must provide a location for a move action.
	at org.openqa.selenium.interactions.MoveMouseAction.&lt;init&gt;(MoveMouseAction.java:37)
	at org.openqa.selenium.interactions.Actions.moveToElement(Actions.java:386)
	at com.webtest.core.WebDriverEngine.mouseToElement(Unknown Source)
	at com.webtest.jxy.Management_Dynamic_Test.test_like_com(Unknown Source)
	at java.util.ArrayList.forEach(Unknown Source)
... Removed 26 stack frames</div></td></tr></table><p class="totop"><a href="#summary">back to summary</a></p>
<h3 id="m34">com.webtest.jxy.Navigator_Test#test_attention_find1</h3><table class="result"><tr><th>Exception</th></tr><tr><td><div class="stacktrace">java.lang.IllegalArgumentException: Must provide a location for a move action.
	at org.openqa.selenium.interactions.MoveMouseAction.&lt;init&gt;(MoveMouseAction.java:37)
	at org.openqa.selenium.interactions.Actions.moveToElement(Actions.java:386)
	at com.webtest.core.WebDriverEngine.mouseToElement(Unknown Source)
	at com.webtest.jxy.Navigator_Test.test_attention_find1(Unknown Source)
	at java.util.ArrayList.forEach(Unknown Source)
... Removed 26 stack frames</div></td></tr></table><p class="totop"><a href="#summary">back to summary</a></p>
<h3 id="m35">com.webtest.jxy.Navigator_Test#test_cancel_attention</h3><table class="result"><tr><th>Exception</th></tr><tr><td><div class="stacktrace">org.openqa.selenium.JavascriptException: TypeError: arguments[0] is null
Build info: version: &apos;3.141.59&apos;, revision: &apos;e82be7d358&apos;, time: &apos;2018-11-14T08:25:53&apos;
System info: host: &apos;LAPTOP-UOTE3Q5R&apos;, ip: &apos;192.168.137.1&apos;, os.name: &apos;Windows 10&apos;, os.arch: &apos;amd64&apos;, os.version: &apos;10.0&apos;, java.version: &apos;1.8.0_171&apos;
Driver info: org.openqa.selenium.firefox.FirefoxDriver
Capabilities {acceptInsecureCerts: true, browserName: firefox, browserVersion: 83.0, javascriptEnabled: true, moz:accessibilityChecks: false, moz:buildID: 20201112153044, moz:geckodriverVersion: 0.24.0, moz:headless: false, moz:processID: 23684, moz:profile: C:\Users\WHY\AppData\Local\..., moz:shutdownTimeout: 60000, moz:useNonSpecCompliantPointerOrigin: false, moz:webdriverClick: true, pageLoadStrategy: normal, platform: WINDOWS, platformName: WINDOWS, platformVersion: 10.0, rotatable: false, setWindowRect: true, strictFileInteractability: false, timeouts: {implicit: 0, pageLoad: 300000, script: 30000}, unhandledPromptBehavior: dismiss and notify}
Session ID: 68f48365-5365-423e-bfb4-9ac65a7faedf
	at org.openqa.selenium.remote.http.W3CHttpResponseCodec.createException(W3CHttpResponseCodec.java:187)
	at org.openqa.selenium.remote.http.W3CHttpResponseCodec.decode(W3CHttpResponseCodec.java:122)
	at org.openqa.selenium.remote.http.W3CHttpResponseCodec.decode(W3CHttpResponseCodec.java:49)
	at org.openqa.selenium.remote.HttpCommandExecutor.execute(HttpCommandExecutor.java:158)
	at org.openqa.selenium.remote.service.DriverCommandExecutor.execute(DriverCommandExecutor.java:83)
	at org.openqa.selenium.remote.RemoteWebDriver.execute(RemoteWebDriver.java:552)
	at org.openqa.selenium.remote.RemoteWebDriver.executeScript(RemoteWebDriver.java:489)
	at com.webtest.core.WebDriverEngine.scrollFind2(Unknown Source)
	at com.webtest.jxy.Navigator_Test.test_cancel_attention(Unknown Source)
	at java.util.ArrayList.forEach(Unknown Source)
... Removed 30 stack frames</div></td></tr></table><p class="totop"><a href="#summary">back to summary</a></p>
<h3 id="m36">com.webtest.jxy.Navigator_Test#test_find_identity</h3><table class="result"><tr><th>Exception</th></tr><tr><td><div class="stacktrace">java.lang.IllegalArgumentException: Must provide a location for a move action.
	at org.openqa.selenium.interactions.MoveMouseAction.&lt;init&gt;(MoveMouseAction.java:37)
	at org.openqa.selenium.interactions.Actions.moveToElement(Actions.java:386)
	at com.webtest.core.WebDriverEngine.mouseToElement(Unknown Source)
	at com.webtest.jxy.Navigator_Test.test_find_identity(Unknown Source)
	at java.util.ArrayList.forEach(Unknown Source)
... Removed 26 stack frames</div></td></tr></table><p class="totop"><a href="#summary">back to summary</a></p>
<h3 id="m37">com.webtest.jxy.Navigator_Test#test_signIn</h3><table class="result"><tr><th>Exception</th></tr><tr><td><div class="stacktrace">java.lang.NullPointerException
	at com.webtest.core.WebDriverEngine.isChecked(Unknown Source)
	at com.webtest.jxy.Navigator_Test.test_signIn(Unknown Source)
	at java.util.ArrayList.forEach(Unknown Source)
... Removed 26 stack frames</div></td></tr></table><p class="totop"><a href="#summary">back to summary</a></p>
<h3 id="m38">com.webtest.jxy.Navigator_Test#test_small_page</h3><table class="result"><tr><th>Exception</th></tr><tr><td><div class="stacktrace">java.lang.IllegalArgumentException: Must provide a location for a move action.
	at org.openqa.selenium.interactions.MoveMouseAction.&lt;init&gt;(MoveMouseAction.java:37)
	at org.openqa.selenium.interactions.Actions.moveToElement(Actions.java:386)
	at com.webtest.core.WebDriverEngine.mouseToElement(Unknown Source)
	at com.webtest.jxy.Navigator_Test.test_small_page(Unknown Source)
	at java.util.ArrayList.forEach(Unknown Source)
... Removed 26 stack frames</div></td></tr></table><p class="totop"><a href="#summary">back to summary</a></p>
<h3 id="m39">com.webtest.jxy.Topic_Test#test_manage_host_topic</h3><table class="result"><tr><th>Exception</th></tr><tr><td><div class="stacktrace">org.openqa.selenium.JavascriptException: TypeError: arguments[0] is null
Build info: version: &apos;3.141.59&apos;, revision: &apos;e82be7d358&apos;, time: &apos;2018-11-14T08:25:53&apos;
System info: host: &apos;LAPTOP-UOTE3Q5R&apos;, ip: &apos;192.168.137.1&apos;, os.name: &apos;Windows 10&apos;, os.arch: &apos;amd64&apos;, os.version: &apos;10.0&apos;, java.version: &apos;1.8.0_171&apos;
Driver info: org.openqa.selenium.firefox.FirefoxDriver
Capabilities {acceptInsecureCerts: true, browserName: firefox, browserVersion: 83.0, javascriptEnabled: true, moz:accessibilityChecks: false, moz:buildID: 20201112153044, moz:geckodriverVersion: 0.24.0, moz:headless: false, moz:processID: 12520, moz:profile: C:\Users\WHY\AppData\Local\..., moz:shutdownTimeout: 60000, moz:useNonSpecCompliantPointerOrigin: false, moz:webdriverClick: true, pageLoadStrategy: normal, platform: WINDOWS, platformName: WINDOWS, platformVersion: 10.0, rotatable: false, setWindowRect: true, strictFileInteractability: false, timeouts: {implicit: 0, pageLoad: 300000, script: 30000}, unhandledPromptBehavior: dismiss and notify}
Session ID: c6541f48-e8d8-401b-98b4-8d7c6ea27c0a
	at org.openqa.selenium.remote.http.W3CHttpResponseCodec.createException(W3CHttpResponseCodec.java:187)
	at org.openqa.selenium.remote.http.W3CHttpResponseCodec.decode(W3CHttpResponseCodec.java:122)
	at org.openqa.selenium.remote.http.W3CHttpResponseCodec.decode(W3CHttpResponseCodec.java:49)
	at org.openqa.selenium.remote.HttpCommandExecutor.execute(HttpCommandExecutor.java:158)
	at org.openqa.selenium.remote.service.DriverCommandExecutor.execute(DriverCommandExecutor.java:83)
	at org.openqa.selenium.remote.RemoteWebDriver.execute(RemoteWebDriver.java:552)
	at org.openqa.selenium.remote.RemoteWebDriver.executeScript(RemoteWebDriver.java:489)
	at com.webtest.core.WebDriverEngine.scrollFind2(Unknown Source)
	at com.webtest.jxy.Topic_Test.test_manage_host_topic(Unknown Source)
	at java.util.ArrayList.forEach(Unknown Source)
... Removed 30 stack frames</div></td></tr></table><p class="totop"><a href="#summary">back to summary</a></p>
<h3 id="m40">com.webtest.jxy.Topic_Test#test_recommend_topic</h3><table class="result"><tr><th>Exception</th></tr><tr><td><div class="stacktrace">org.openqa.selenium.JavascriptException: TypeError: arguments[0] is null
Build info: version: &apos;3.141.59&apos;, revision: &apos;e82be7d358&apos;, time: &apos;2018-11-14T08:25:53&apos;
System info: host: &apos;LAPTOP-UOTE3Q5R&apos;, ip: &apos;192.168.137.1&apos;, os.name: &apos;Windows 10&apos;, os.arch: &apos;amd64&apos;, os.version: &apos;10.0&apos;, java.version: &apos;1.8.0_171&apos;
Driver info: org.openqa.selenium.firefox.FirefoxDriver
Capabilities {acceptInsecureCerts: true, browserName: firefox, browserVersion: 83.0, javascriptEnabled: true, moz:accessibilityChecks: false, moz:buildID: 20201112153044, moz:geckodriverVersion: 0.24.0, moz:headless: false, moz:processID: 12520, moz:profile: C:\Users\WHY\AppData\Local\..., moz:shutdownTimeout: 60000, moz:useNonSpecCompliantPointerOrigin: false, moz:webdriverClick: true, pageLoadStrategy: normal, platform: WINDOWS, platformName: WINDOWS, platformVersion: 10.0, rotatable: false, setWindowRect: true, strictFileInteractability: false, timeouts: {implicit: 0, pageLoad: 300000, script: 30000}, unhandledPromptBehavior: dismiss and notify}
Session ID: c6541f48-e8d8-401b-98b4-8d7c6ea27c0a
	at org.openqa.selenium.remote.http.W3CHttpResponseCodec.createException(W3CHttpResponseCodec.java:187)
	at org.openqa.selenium.remote.http.W3CHttpResponseCodec.decode(W3CHttpResponseCodec.java:122)
	at org.openqa.selenium.remote.http.W3CHttpResponseCodec.decode(W3CHttpResponseCodec.java:49)
	at org.openqa.selenium.remote.HttpCommandExecutor.execute(HttpCommandExecutor.java:158)
	at org.openqa.selenium.remote.service.DriverCommandExecutor.execute(DriverCommandExecutor.java:83)
	at org.openqa.selenium.remote.RemoteWebDriver.execute(RemoteWebDriver.java:552)
	at org.openqa.selenium.remote.RemoteWebDriver.executeScript(RemoteWebDriver.java:489)
	at com.webtest.core.WebDriverEngine.scrollFind2(Unknown Source)
	at com.webtest.jxy.Topic_Test.test_recommend_topic(Unknown Source)
	at java.util.ArrayList.forEach(Unknown Source)
... Removed 30 stack frames</div></td></tr></table><p class="totop"><a href="#summary">back to summary</a></p>
<h3 id="m41">com.webtest.lxc.Admin_ChangeData#testChangeData3</h3><table class="result"><tr><th>Exception</th></tr><tr><td><div class="stacktrace">java.lang.NullPointerException
	at com.webtest.core.WebDriverEngine.isChecked(Unknown Source)
	at com.webtest.lxc.Admin_ChangeData.testChangeData3(Unknown Source)
	at java.util.ArrayList.forEach(Unknown Source)
... Removed 26 stack frames</div></td></tr></table><p class="totop"><a href="#summary">back to summary</a></p>
<h3 id="m42">com.webtest.lxc.Admin_FollowsAndFans#testChangeFanName</h3><table class="result"><tr><th>Exception</th></tr><tr><td><div class="stacktrace">java.lang.IllegalArgumentException: Must provide a location for a move action.
	at org.openqa.selenium.interactions.MoveMouseAction.&lt;init&gt;(MoveMouseAction.java:37)
	at org.openqa.selenium.interactions.Actions.moveToElement(Actions.java:386)
	at com.webtest.core.WebDriverEngine.mouseToElement(Unknown Source)
	at com.webtest.lxc.Admin_FollowsAndFans.testChangeFanName(Unknown Source)
	at java.util.ArrayList.forEach(Unknown Source)
... Removed 26 stack frames</div></td></tr></table><p class="totop"><a href="#summary">back to summary</a></p>
<h3 id="m43">com.webtest.lxc.Admin_FollowsAndFans#testChangeFollowName</h3><table class="result"><tr><th>Exception</th></tr><tr><td><div class="stacktrace">java.lang.IllegalArgumentException: Must provide a location for a move action.
	at org.openqa.selenium.interactions.MoveMouseAction.&lt;init&gt;(MoveMouseAction.java:37)
	at org.openqa.selenium.interactions.Actions.moveToElement(Actions.java:386)
	at com.webtest.core.WebDriverEngine.mouseToElement(Unknown Source)
	at com.webtest.lxc.Admin_FollowsAndFans.testChangeFollowName(Unknown Source)
	at java.util.ArrayList.forEach(Unknown Source)
... Removed 26 stack frames</div></td></tr></table><p class="totop"><a href="#summary">back to summary</a></p>
<h3 id="m44">com.webtest.lxc.Admin_Switch#testToBack</h3><table class="result"><tr><th>Exception</th></tr><tr><td><div class="stacktrace">java.lang.IllegalArgumentException: Must provide a location for a move action.
	at org.openqa.selenium.interactions.MoveMouseAction.&lt;init&gt;(MoveMouseAction.java:37)
	at org.openqa.selenium.interactions.Actions.moveToElement(Actions.java:386)
	at com.webtest.core.WebDriverEngine.mouseToElementandClick(Unknown Source)
	at com.webtest.lxc.Admin_Switch.testToBack(Unknown Source)
	at java.util.ArrayList.forEach(Unknown Source)
... Removed 26 stack frames</div></td></tr></table><p class="totop"><a href="#summary">back to summary</a></p>
<h3 id="m45">com.webtest.lxc.Admin_Switch#testToFront</h3><table class="result"><tr><th>Exception</th></tr><tr><td><div class="stacktrace">java.lang.IndexOutOfBoundsException: Index: 2, Size: 1
	at java.util.ArrayList.rangeCheck(Unknown Source)
	at java.util.ArrayList.get(Unknown Source)
	at com.webtest.core.WebDriverEngine.switchWidow(Unknown Source)
	at com.webtest.lxc.Admin_Switch.testToFront(Unknown Source)
	at java.util.ArrayList.forEach(Unknown Source)
... Removed 26 stack frames</div></td></tr></table><p class="totop"><a href="#summary">back to summary</a></p>
<h3 id="m46">com.webtest.lxc.Admin_View#testViewFavorites</h3><table class="result"><tr><th>Exception</th></tr><tr><td><div class="stacktrace">java.lang.IllegalArgumentException: Must provide a location for a move action.
	at org.openqa.selenium.interactions.MoveMouseAction.&lt;init&gt;(MoveMouseAction.java:37)
	at org.openqa.selenium.interactions.Actions.moveToElement(Actions.java:386)
	at com.webtest.core.WebDriverEngine.mouseToElementandClick(Unknown Source)
	at com.webtest.lxc.Admin_View.testViewFavorites(Unknown Source)
	at java.util.ArrayList.forEach(Unknown Source)
... Removed 26 stack frames</div></td></tr></table><p class="totop"><a href="#summary">back to summary</a></p>
<h3 id="m47">com.webtest.lxc.Admin_View#testViewNotice</h3><table class="result"><tr><th>Exception</th></tr><tr><td><div class="stacktrace">java.lang.IllegalArgumentException: Must provide a location for a move action.
	at org.openqa.selenium.interactions.MoveMouseAction.&lt;init&gt;(MoveMouseAction.java:37)
	at org.openqa.selenium.interactions.Actions.moveToElement(Actions.java:386)
	at com.webtest.core.WebDriverEngine.mouseToElementandClick(Unknown Source)
	at com.webtest.lxc.Admin_View.testViewNotice(Unknown Source)
	at java.util.ArrayList.forEach(Unknown Source)
... Removed 26 stack frames</div></td></tr></table><p class="totop"><a href="#summary">back to summary</a></p>
<h3 id="m48">com.webtest.lxc.Admin_Weibo#testComment</h3><table class="result"><tr><th>Exception</th></tr><tr><td><div class="stacktrace">java.lang.NullPointerException
	at java.util.Objects.requireNonNull(Unknown Source)
	at org.openqa.selenium.interactions.PointerInput$Origin.fromElement(PointerInput.java:222)
	at org.openqa.selenium.interactions.Actions.moveInTicks(Actions.java:416)
	at org.openqa.selenium.interactions.Actions.doubleClick(Actions.java:361)
	at com.webtest.core.WebDriverEngine.doubleClick(Unknown Source)
	at com.webtest.lxc.Admin_Weibo.testComment(Unknown Source)
	at java.util.ArrayList.forEach(Unknown Source)
... Removed 26 stack frames</div></td></tr></table><p class="totop"><a href="#summary">back to summary</a></p>
<h3 id="m49">com.webtest.lxc.Admin_Weibo#testCommentLike</h3><table class="result"><tr><th>Exception</th></tr><tr><td><div class="stacktrace">java.lang.IllegalArgumentException: Must provide a location for a move action.
	at org.openqa.selenium.interactions.MoveMouseAction.&lt;init&gt;(MoveMouseAction.java:37)
	at org.openqa.selenium.interactions.Actions.moveToElement(Actions.java:386)
	at com.webtest.core.WebDriverEngine.mouseToElement(Unknown Source)
	at com.webtest.lxc.Admin_Weibo.testCommentLike(Unknown Source)
	at java.util.ArrayList.forEach(Unknown Source)
... Removed 26 stack frames</div></td></tr></table><p class="totop"><a href="#summary">back to summary</a></p>
<h3 id="m50">com.webtest.lxc.Admin_Weibo#testCommentReply</h3><table class="result"><tr><th>Exception</th></tr><tr><td><div class="stacktrace">java.lang.IllegalArgumentException: Must provide a location for a move action.
	at org.openqa.selenium.interactions.MoveMouseAction.&lt;init&gt;(MoveMouseAction.java:37)
	at org.openqa.selenium.interactions.Actions.moveToElement(Actions.java:386)
	at com.webtest.core.WebDriverEngine.mouseToElement(Unknown Source)
	at com.webtest.lxc.Admin_Weibo.testCommentReply(Unknown Source)
	at java.util.ArrayList.forEach(Unknown Source)
... Removed 26 stack frames</div></td></tr></table><p class="totop"><a href="#summary">back to summary</a></p>
<h3 id="m51">com.webtest.lxc.Admin_Weibo#testCommentUnLike</h3><table class="result"><tr><th>Exception</th></tr><tr><td><div class="stacktrace">java.lang.IllegalArgumentException: Must provide a location for a move action.
	at org.openqa.selenium.interactions.MoveMouseAction.&lt;init&gt;(MoveMouseAction.java:37)
	at org.openqa.selenium.interactions.Actions.moveToElement(Actions.java:386)
	at com.webtest.core.WebDriverEngine.mouseToElement(Unknown Source)
	at com.webtest.lxc.Admin_Weibo.testCommentUnLike(Unknown Source)
	at java.util.ArrayList.forEach(Unknown Source)
... Removed 26 stack frames</div></td></tr></table><p class="totop"><a href="#summary">back to summary</a></p>
<h3 id="m52">com.webtest.myx.behaviorlog#test63</h3><table class="result"><tr><th>Exception</th></tr><tr><td><div class="stacktrace">org.openqa.selenium.NoAlertPresentException: 
Build info: version: &apos;3.141.59&apos;, revision: &apos;e82be7d358&apos;, time: &apos;2018-11-14T08:25:53&apos;
System info: host: &apos;LAPTOP-UOTE3Q5R&apos;, ip: &apos;192.168.137.1&apos;, os.name: &apos;Windows 10&apos;, os.arch: &apos;amd64&apos;, os.version: &apos;10.0&apos;, java.version: &apos;1.8.0_171&apos;
Driver info: org.openqa.selenium.firefox.FirefoxDriver
Capabilities {acceptInsecureCerts: true, browserName: firefox, browserVersion: 83.0, javascriptEnabled: true, moz:accessibilityChecks: false, moz:buildID: 20201112153044, moz:geckodriverVersion: 0.24.0, moz:headless: false, moz:processID: 11172, moz:profile: C:\Users\WHY\AppData\Local\..., moz:shutdownTimeout: 60000, moz:useNonSpecCompliantPointerOrigin: false, moz:webdriverClick: true, pageLoadStrategy: normal, platform: WINDOWS, platformName: WINDOWS, platformVersion: 10.0, rotatable: false, setWindowRect: true, strictFileInteractability: false, timeouts: {implicit: 0, pageLoad: 300000, script: 30000}, unhandledPromptBehavior: dismiss and notify}
Session ID: 5615bd27-da84-4ac3-85b6-ed6ec44787e6
	at org.openqa.selenium.remote.http.W3CHttpResponseCodec.createException(W3CHttpResponseCodec.java:187)
	at org.openqa.selenium.remote.http.W3CHttpResponseCodec.decode(W3CHttpResponseCodec.java:122)
	at org.openqa.selenium.remote.http.W3CHttpResponseCodec.decode(W3CHttpResponseCodec.java:49)
	at org.openqa.selenium.remote.HttpCommandExecutor.execute(HttpCommandExecutor.java:158)
	at org.openqa.selenium.remote.service.DriverCommandExecutor.execute(DriverCommandExecutor.java:83)
	at org.openqa.selenium.remote.RemoteWebDriver.execute(RemoteWebDriver.java:552)
	at org.openqa.selenium.remote.RemoteWebDriver.execute(RemoteWebDriver.java:609)
	at org.openqa.selenium.remote.RemoteWebDriver$RemoteTargetLocator.alert(RemoteWebDriver.java:932)
	at com.webtest.core.WebDriverEngine.getAlert(Unknown Source)
	at com.webtest.core.WebDriverEngine.alertAccept(Unknown Source)
	at com.webtest.myx.behaviorlog.test63(Unknown Source)
	at java.util.ArrayList.forEach(Unknown Source)
... Removed 29 stack frames</div></td></tr></table><p class="totop"><a href="#summary">back to summary</a></p>
<h3 id="m53">com.webtest.myx.linkfriend#test6</h3><table class="result"><tr><th>Exception</th></tr><tr><td><div class="stacktrace">java.lang.IllegalArgumentException: Must provide a location for a move action.
	at org.openqa.selenium.interactions.MoveMouseAction.&lt;init&gt;(MoveMouseAction.java:37)
	at org.openqa.selenium.interactions.Actions.moveToElement(Actions.java:386)
	at com.webtest.core.WebDriverEngine.mouseToElement(Unknown Source)
	at com.webtest.myx.linkfriend.test6(Unknown Source)
	at java.util.ArrayList.forEach(Unknown Source)
... Removed 26 stack frames</div></td></tr></table><p class="totop"><a href="#summary">back to summary</a></p>
<h3 id="m54">com.webtest.myx.linkfriend#test7</h3><table class="result"><tr><th>Exception</th></tr><tr><td><div class="stacktrace">java.lang.IllegalArgumentException: Must provide a location for a move action.
	at org.openqa.selenium.interactions.MoveMouseAction.&lt;init&gt;(MoveMouseAction.java:37)
	at org.openqa.selenium.interactions.Actions.moveToElement(Actions.java:386)
	at com.webtest.core.WebDriverEngine.mouseToElement(Unknown Source)
	at com.webtest.myx.linkfriend.test7(Unknown Source)
	at java.util.ArrayList.forEach(Unknown Source)
... Removed 26 stack frames</div></td></tr></table><p class="totop"><a href="#summary">back to summary</a></p>
<h3 id="m55">com.webtest.myx.memeimg#test74</h3><table class="result"><tr><th>Exception</th></tr><tr><td><div class="stacktrace">org.openqa.selenium.NoAlertPresentException: 
Build info: version: &apos;3.141.59&apos;, revision: &apos;e82be7d358&apos;, time: &apos;2018-11-14T08:25:53&apos;
System info: host: &apos;LAPTOP-UOTE3Q5R&apos;, ip: &apos;192.168.137.1&apos;, os.name: &apos;Windows 10&apos;, os.arch: &apos;amd64&apos;, os.version: &apos;10.0&apos;, java.version: &apos;1.8.0_171&apos;
Driver info: org.openqa.selenium.firefox.FirefoxDriver
Capabilities {acceptInsecureCerts: true, browserName: firefox, browserVersion: 83.0, javascriptEnabled: true, moz:accessibilityChecks: false, moz:buildID: 20201112153044, moz:geckodriverVersion: 0.24.0, moz:headless: false, moz:processID: 20824, moz:profile: C:\Users\WHY\AppData\Local\..., moz:shutdownTimeout: 60000, moz:useNonSpecCompliantPointerOrigin: false, moz:webdriverClick: true, pageLoadStrategy: normal, platform: WINDOWS, platformName: WINDOWS, platformVersion: 10.0, rotatable: false, setWindowRect: true, strictFileInteractability: false, timeouts: {implicit: 0, pageLoad: 300000, script: 30000}, unhandledPromptBehavior: dismiss and notify}
Session ID: 83d43861-adfe-4829-84ad-2ba868441dfd
	at org.openqa.selenium.remote.http.W3CHttpResponseCodec.createException(W3CHttpResponseCodec.java:187)
	at org.openqa.selenium.remote.http.W3CHttpResponseCodec.decode(W3CHttpResponseCodec.java:122)
	at org.openqa.selenium.remote.http.W3CHttpResponseCodec.decode(W3CHttpResponseCodec.java:49)
	at org.openqa.selenium.remote.HttpCommandExecutor.execute(HttpCommandExecutor.java:158)
	at org.openqa.selenium.remote.service.DriverCommandExecutor.execute(DriverCommandExecutor.java:83)
	at org.openqa.selenium.remote.RemoteWebDriver.execute(RemoteWebDriver.java:552)
	at org.openqa.selenium.remote.RemoteWebDriver.execute(RemoteWebDriver.java:609)
	at org.openqa.selenium.remote.RemoteWebDriver$RemoteTargetLocator.alert(RemoteWebDriver.java:932)
	at com.webtest.core.WebDriverEngine.getAlert(Unknown Source)
	at com.webtest.core.WebDriverEngine.alertAccept(Unknown Source)
	at com.webtest.myx.memeimg.test74(Unknown Source)
	at java.util.ArrayList.forEach(Unknown Source)
... Removed 29 stack frames</div></td></tr></table><p class="totop"><a href="#summary">back to summary</a></p>
<h3 id="m56">com.webtest.myx.messageSearch#test66</h3><table class="result"><tr><th>Exception</th></tr><tr><td><div class="stacktrace">java.lang.IllegalArgumentException: Must provide a location for a move action.
	at org.openqa.selenium.interactions.MoveMouseAction.&lt;init&gt;(MoveMouseAction.java:37)
	at org.openqa.selenium.interactions.Actions.moveToElement(Actions.java:386)
	at com.webtest.core.WebDriverEngine.mouseToElement(Unknown Source)
	at com.webtest.myx.messageSearch.test66(Unknown Source)
	at java.util.ArrayList.forEach(Unknown Source)
... Removed 26 stack frames</div></td></tr></table><p class="totop"><a href="#summary">back to summary</a></p>
<h3 id="m57">com.webtest.wgh.DashBoardDemo#test4</h3><table class="result"><tr><th>Exception</th></tr><tr><td><div class="stacktrace">org.openqa.selenium.ElementNotInteractableException: Element &lt;i class=&quot;icon-settings&quot;&gt; could not be scrolled into view
Build info: version: &apos;3.141.59&apos;, revision: &apos;e82be7d358&apos;, time: &apos;2018-11-14T08:25:53&apos;
System info: host: &apos;LAPTOP-UOTE3Q5R&apos;, ip: &apos;192.168.137.1&apos;, os.name: &apos;Windows 10&apos;, os.arch: &apos;amd64&apos;, os.version: &apos;10.0&apos;, java.version: &apos;1.8.0_171&apos;
Driver info: org.openqa.selenium.firefox.FirefoxDriver
Capabilities {acceptInsecureCerts: true, browserName: firefox, browserVersion: 83.0, javascriptEnabled: true, moz:accessibilityChecks: false, moz:buildID: 20201112153044, moz:geckodriverVersion: 0.24.0, moz:headless: false, moz:processID: 3384, moz:profile: C:\Users\WHY\AppData\Local\..., moz:shutdownTimeout: 60000, moz:useNonSpecCompliantPointerOrigin: false, moz:webdriverClick: true, pageLoadStrategy: normal, platform: WINDOWS, platformName: WINDOWS, platformVersion: 10.0, rotatable: false, setWindowRect: true, strictFileInteractability: false, timeouts: {implicit: 0, pageLoad: 300000, script: 30000}, unhandledPromptBehavior: dismiss and notify}
Session ID: 60d4b3b2-c6cc-45dd-aa59-23d15fcf48c3
	at org.openqa.selenium.remote.http.W3CHttpResponseCodec.createException(W3CHttpResponseCodec.java:187)
	at org.openqa.selenium.remote.http.W3CHttpResponseCodec.decode(W3CHttpResponseCodec.java:122)
	at org.openqa.selenium.remote.http.W3CHttpResponseCodec.decode(W3CHttpResponseCodec.java:49)
	at org.openqa.selenium.remote.HttpCommandExecutor.execute(HttpCommandExecutor.java:158)
	at org.openqa.selenium.remote.service.DriverCommandExecutor.execute(DriverCommandExecutor.java:83)
	at org.openqa.selenium.remote.RemoteWebDriver.execute(RemoteWebDriver.java:552)
	at org.openqa.selenium.remote.RemoteWebElement.execute(RemoteWebElement.java:285)
	at org.openqa.selenium.remote.RemoteWebElement.click(RemoteWebElement.java:84)
	at com.webtest.core.WebDriverEngine.click(Unknown Source)
	at com.webtest.wgh.DashBoardDemo.test4(Unknown Source)
	at java.util.ArrayList.forEach(Unknown Source)
... Removed 30 stack frames</div></td></tr></table><p class="totop"><a href="#summary">back to summary</a></p>
<h3 id="m58">com.webtest.wgh.DashBoardDemo#test6</h3><table class="result"><tr><th>Exception</th></tr><tr><td><div class="stacktrace">java.lang.IllegalArgumentException: Must provide a location for a move action.
	at org.openqa.selenium.interactions.MoveMouseAction.&lt;init&gt;(MoveMouseAction.java:37)
	at org.openqa.selenium.interactions.Actions.moveToElement(Actions.java:386)
	at com.webtest.core.WebDriverEngine.mouseToElement(Unknown Source)
	at com.webtest.wgh.DashBoardDemo.test6(Unknown Source)
	at java.util.ArrayList.forEach(Unknown Source)
... Removed 26 stack frames</div></td></tr></table><p class="totop"><a href="#summary">back to summary</a></p>
<h3 id="m59">com.webtest.wgh.DataViewDemo#test10</h3><table class="result"><tr><th>Exception</th></tr><tr><td><div class="stacktrace">org.openqa.selenium.ElementNotInteractableException: Element &lt;a href=&quot;/index.php?s=/admin/role/modulerole.html&quot;&gt; could not be scrolled into view
Build info: version: &apos;3.141.59&apos;, revision: &apos;e82be7d358&apos;, time: &apos;2018-11-14T08:25:53&apos;
System info: host: &apos;LAPTOP-UOTE3Q5R&apos;, ip: &apos;192.168.137.1&apos;, os.name: &apos;Windows 10&apos;, os.arch: &apos;amd64&apos;, os.version: &apos;10.0&apos;, java.version: &apos;1.8.0_171&apos;
Driver info: org.openqa.selenium.firefox.FirefoxDriver
Capabilities {acceptInsecureCerts: true, browserName: firefox, browserVersion: 83.0, javascriptEnabled: true, moz:accessibilityChecks: false, moz:buildID: 20201112153044, moz:geckodriverVersion: 0.24.0, moz:headless: false, moz:processID: 21740, moz:profile: C:\Users\WHY\AppData\Local\..., moz:shutdownTimeout: 60000, moz:useNonSpecCompliantPointerOrigin: false, moz:webdriverClick: true, pageLoadStrategy: normal, platform: WINDOWS, platformName: WINDOWS, platformVersion: 10.0, rotatable: false, setWindowRect: true, strictFileInteractability: false, timeouts: {implicit: 0, pageLoad: 300000, script: 30000}, unhandledPromptBehavior: dismiss and notify}
Session ID: e8c60f59-1c33-41ee-86a2-7acd9c590e4e
	at org.openqa.selenium.remote.http.W3CHttpResponseCodec.createException(W3CHttpResponseCodec.java:187)
	at org.openqa.selenium.remote.http.W3CHttpResponseCodec.decode(W3CHttpResponseCodec.java:122)
	at org.openqa.selenium.remote.http.W3CHttpResponseCodec.decode(W3CHttpResponseCodec.java:49)
	at org.openqa.selenium.remote.HttpCommandExecutor.execute(HttpCommandExecutor.java:158)
	at org.openqa.selenium.remote.service.DriverCommandExecutor.execute(DriverCommandExecutor.java:83)
	at org.openqa.selenium.remote.RemoteWebDriver.execute(RemoteWebDriver.java:552)
	at org.openqa.selenium.remote.RemoteWebElement.execute(RemoteWebElement.java:285)
	at org.openqa.selenium.remote.RemoteWebElement.click(RemoteWebElement.java:84)
	at com.webtest.core.WebDriverEngine.click(Unknown Source)
	at com.webtest.wgh.DataViewDemo.test10(Unknown Source)
	at java.util.ArrayList.forEach(Unknown Source)
... Removed 30 stack frames</div></td></tr></table><p class="totop"><a href="#summary">back to summary</a></p>
<h3 id="m60">com.webtest.wgh.HomePageDemo#test26</h3><table class="result"><tr><th>Exception</th></tr><tr><td><div class="stacktrace">org.openqa.selenium.NoAlertPresentException: 
Build info: version: &apos;3.141.59&apos;, revision: &apos;e82be7d358&apos;, time: &apos;2018-11-14T08:25:53&apos;
System info: host: &apos;LAPTOP-UOTE3Q5R&apos;, ip: &apos;192.168.137.1&apos;, os.name: &apos;Windows 10&apos;, os.arch: &apos;amd64&apos;, os.version: &apos;10.0&apos;, java.version: &apos;1.8.0_171&apos;
Driver info: org.openqa.selenium.firefox.FirefoxDriver
Capabilities {acceptInsecureCerts: true, browserName: firefox, browserVersion: 83.0, javascriptEnabled: true, moz:accessibilityChecks: false, moz:buildID: 20201112153044, moz:geckodriverVersion: 0.24.0, moz:headless: false, moz:processID: 21048, moz:profile: C:\Users\WHY\AppData\Local\..., moz:shutdownTimeout: 60000, moz:useNonSpecCompliantPointerOrigin: false, moz:webdriverClick: true, pageLoadStrategy: normal, platform: WINDOWS, platformName: WINDOWS, platformVersion: 10.0, rotatable: false, setWindowRect: true, strictFileInteractability: false, timeouts: {implicit: 0, pageLoad: 300000, script: 30000}, unhandledPromptBehavior: dismiss and notify}
Session ID: d4faf587-967d-4484-826d-1d3d4e37e8fe
	at org.openqa.selenium.remote.http.W3CHttpResponseCodec.createException(W3CHttpResponseCodec.java:187)
	at org.openqa.selenium.remote.http.W3CHttpResponseCodec.decode(W3CHttpResponseCodec.java:122)
	at org.openqa.selenium.remote.http.W3CHttpResponseCodec.decode(W3CHttpResponseCodec.java:49)
	at org.openqa.selenium.remote.HttpCommandExecutor.execute(HttpCommandExecutor.java:158)
	at org.openqa.selenium.remote.service.DriverCommandExecutor.execute(DriverCommandExecutor.java:83)
	at org.openqa.selenium.remote.RemoteWebDriver.execute(RemoteWebDriver.java:552)
	at org.openqa.selenium.remote.RemoteWebDriver.execute(RemoteWebDriver.java:609)
	at org.openqa.selenium.remote.RemoteWebDriver$RemoteTargetLocator.alert(RemoteWebDriver.java:932)
	at com.webtest.core.WebDriverEngine.getAlert(Unknown Source)
	at com.webtest.core.WebDriverEngine.alertAccept(Unknown Source)
	at com.webtest.wgh.HomePageDemo.test26(Unknown Source)
	at java.util.ArrayList.forEach(Unknown Source)
... Removed 29 stack frames</div></td></tr></table><p class="totop"><a href="#summary">back to summary</a></p>
<h3 id="m61">com.webtest.why.website_settings#why36test</h3><table class="result"><tr><th>Exception</th></tr><tr><td><div class="stacktrace">org.openqa.selenium.NoAlertPresentException: 
Build info: version: &apos;3.141.59&apos;, revision: &apos;e82be7d358&apos;, time: &apos;2018-11-14T08:25:53&apos;
System info: host: &apos;LAPTOP-UOTE3Q5R&apos;, ip: &apos;192.168.137.1&apos;, os.name: &apos;Windows 10&apos;, os.arch: &apos;amd64&apos;, os.version: &apos;10.0&apos;, java.version: &apos;1.8.0_171&apos;
Driver info: org.openqa.selenium.firefox.FirefoxDriver
Capabilities {acceptInsecureCerts: true, browserName: firefox, browserVersion: 83.0, javascriptEnabled: true, moz:accessibilityChecks: false, moz:buildID: 20201112153044, moz:geckodriverVersion: 0.24.0, moz:headless: false, moz:processID: 6624, moz:profile: C:\Users\WHY\AppData\Local\..., moz:shutdownTimeout: 60000, moz:useNonSpecCompliantPointerOrigin: false, moz:webdriverClick: true, pageLoadStrategy: normal, platform: WINDOWS, platformName: WINDOWS, platformVersion: 10.0, rotatable: false, setWindowRect: true, strictFileInteractability: false, timeouts: {implicit: 0, pageLoad: 300000, script: 30000}, unhandledPromptBehavior: dismiss and notify}
Session ID: 367537d9-9e14-4744-b459-dd991e4974ce
	at org.openqa.selenium.remote.http.W3CHttpResponseCodec.createException(W3CHttpResponseCodec.java:187)
	at org.openqa.selenium.remote.http.W3CHttpResponseCodec.decode(W3CHttpResponseCodec.java:122)
	at org.openqa.selenium.remote.http.W3CHttpResponseCodec.decode(W3CHttpResponseCodec.java:49)
	at org.openqa.selenium.remote.HttpCommandExecutor.execute(HttpCommandExecutor.java:158)
	at org.openqa.selenium.remote.service.DriverCommandExecutor.execute(DriverCommandExecutor.java:83)
	at org.openqa.selenium.remote.RemoteWebDriver.execute(RemoteWebDriver.java:552)
	at org.openqa.selenium.remote.RemoteWebDriver.execute(RemoteWebDriver.java:609)
	at org.openqa.selenium.remote.RemoteWebDriver$RemoteTargetLocator.alert(RemoteWebDriver.java:932)
	at com.webtest.core.WebDriverEngine.getAlert(Unknown Source)
	at com.webtest.core.WebDriverEngine.alertAccept(Unknown Source)
	at com.webtest.why.website_settings.why36test(Unknown Source)
	at java.util.ArrayList.forEach(Unknown Source)
... Removed 30 stack frames</div></td></tr></table><p class="totop"><a href="#summary">back to summary</a></p>
<h3 id="m62">com.webtest.why.website_settings#why38test</h3><table class="result"><tr><th>Exception</th></tr><tr><td><div class="stacktrace">org.openqa.selenium.NoAlertPresentException: 
Build info: version: &apos;3.141.59&apos;, revision: &apos;e82be7d358&apos;, time: &apos;2018-11-14T08:25:53&apos;
System info: host: &apos;LAPTOP-UOTE3Q5R&apos;, ip: &apos;192.168.137.1&apos;, os.name: &apos;Windows 10&apos;, os.arch: &apos;amd64&apos;, os.version: &apos;10.0&apos;, java.version: &apos;1.8.0_171&apos;
Driver info: org.openqa.selenium.firefox.FirefoxDriver
Capabilities {acceptInsecureCerts: true, browserName: firefox, browserVersion: 83.0, javascriptEnabled: true, moz:accessibilityChecks: false, moz:buildID: 20201112153044, moz:geckodriverVersion: 0.24.0, moz:headless: false, moz:processID: 6624, moz:profile: C:\Users\WHY\AppData\Local\..., moz:shutdownTimeout: 60000, moz:useNonSpecCompliantPointerOrigin: false, moz:webdriverClick: true, pageLoadStrategy: normal, platform: WINDOWS, platformName: WINDOWS, platformVersion: 10.0, rotatable: false, setWindowRect: true, strictFileInteractability: false, timeouts: {implicit: 0, pageLoad: 300000, script: 30000}, unhandledPromptBehavior: dismiss and notify}
Session ID: 367537d9-9e14-4744-b459-dd991e4974ce
	at org.openqa.selenium.remote.http.W3CHttpResponseCodec.createException(W3CHttpResponseCodec.java:187)
	at org.openqa.selenium.remote.http.W3CHttpResponseCodec.decode(W3CHttpResponseCodec.java:122)
	at org.openqa.selenium.remote.http.W3CHttpResponseCodec.decode(W3CHttpResponseCodec.java:49)
	at org.openqa.selenium.remote.HttpCommandExecutor.execute(HttpCommandExecutor.java:158)
	at org.openqa.selenium.remote.service.DriverCommandExecutor.execute(DriverCommandExecutor.java:83)
	at org.openqa.selenium.remote.RemoteWebDriver.execute(RemoteWebDriver.java:552)
	at org.openqa.selenium.remote.RemoteWebDriver.execute(RemoteWebDriver.java:609)
	at org.openqa.selenium.remote.RemoteWebDriver$RemoteTargetLocator.alert(RemoteWebDriver.java:932)
	at com.webtest.core.WebDriverEngine.getAlert(Unknown Source)
	at com.webtest.core.WebDriverEngine.alertAccept(Unknown Source)
	at com.webtest.why.website_settings.why38test(Unknown Source)
	at java.util.ArrayList.forEach(Unknown Source)
... Removed 29 stack frames</div></td></tr></table><p class="totop"><a href="#summary">back to summary</a></p>
<h3 id="m63">com.webtest.why.website_settings#why48test</h3><table class="result"><tr><th>Exception</th></tr><tr><td><div class="stacktrace">org.openqa.selenium.NoSuchFrameException: No frame element found by name or id edui77_iframe
Build info: version: &apos;3.141.59&apos;, revision: &apos;e82be7d358&apos;, time: &apos;2018-11-14T08:25:53&apos;
System info: host: &apos;LAPTOP-UOTE3Q5R&apos;, ip: &apos;192.168.137.1&apos;, os.name: &apos;Windows 10&apos;, os.arch: &apos;amd64&apos;, os.version: &apos;10.0&apos;, java.version: &apos;1.8.0_171&apos;
Driver info: driver.version: unknown
	at org.openqa.selenium.remote.RemoteWebDriver$RemoteTargetLocator.frame(RemoteWebDriver.java:885)
	at com.webtest.why.website_settings.why48test(Unknown Source)
	at java.util.ArrayList.forEach(Unknown Source)
... Removed 26 stack frames</div></td></tr></table><p class="totop"><a href="#summary">back to summary</a></p>
<h3 id="m64">com.webtest.why.website_settings#wwhy36test</h3><table class="result"><tr><th>Exception</th></tr><tr><td><div class="stacktrace">java.lang.IllegalArgumentException: Must provide a location for a move action.
	at org.openqa.selenium.interactions.MoveMouseAction.&lt;init&gt;(MoveMouseAction.java:37)
	at org.openqa.selenium.interactions.Actions.moveToElement(Actions.java:386)
	at com.webtest.core.WebDriverEngine.mouseToElement(Unknown Source)
	at com.webtest.why.website_settings.wwhy36test(Unknown Source)
	at java.util.ArrayList.forEach(Unknown Source)
... Removed 26 stack frames</div></td></tr></table><p class="totop"><a href="#summary">back to summary</a></p>
<h3 id="m65">com.webtest.dxy.CertifiManagementTest#test_approveFailed</h3><table class="result"><tr><th>Exception</th></tr><tr><td><div class="stacktrace">java.lang.Throwable: Method CertifiManagementTest.test_approveFailed()[pri:6, instance:com.webtest.dxy.CertifiManagementTest@6eebc39e] depends on not successfully finished methods
	at java.util.ArrayList.forEach(Unknown Source)
... Removed 17 stack frames</div></td></tr></table><p class="totop"><a href="#summary">back to summary</a></p>
<h3 id="m66">com.webtest.dxy.TitleManagementTest#test_addTitle</h3><table class="result"><tr><th>Exception</th></tr><tr><td><div class="stacktrace">java.lang.Throwable: Method TitleManagementTest.test_addTitle()[pri:10, instance:com.webtest.dxy.TitleManagementTest@13deb50e] depends on not successfully finished methods
	at java.util.ArrayList.forEach(Unknown Source)
... Removed 17 stack frames</div></td></tr></table><p class="totop"><a href="#summary">back to summary</a></p>
<h3 id="m67">com.webtest.dxy.TitleManagementTest#test_allowAction</h3><table class="result"><tr><th>Exception</th></tr><tr><td><div class="stacktrace">java.lang.Throwable: Method TitleManagementTest.test_allowAction()[pri:8, instance:com.webtest.dxy.TitleManagementTest@13deb50e] depends on not successfully finished methods
	at java.util.ArrayList.forEach(Unknown Source)
... Removed 17 stack frames</div></td></tr></table><p class="totop"><a href="#summary">back to summary</a></p>
<h3 id="m68">com.webtest.dxy.TitleManagementTest#test_deleteTitle</h3><table class="result"><tr><th>Exception</th></tr><tr><td><div class="stacktrace">java.lang.Throwable: Method TitleManagementTest.test_deleteTitle()[pri:11, instance:com.webtest.dxy.TitleManagementTest@13deb50e] depends on not successfully finished methods
	at java.util.ArrayList.forEach(Unknown Source)
... Removed 17 stack frames</div></td></tr></table><p class="totop"><a href="#summary">back to summary</a></p>
<h3 id="m69">com.webtest.dxy.TitleManagementTest#test_editTitle</h3><table class="result"><tr><th>Exception</th></tr><tr><td><div class="stacktrace">java.lang.Throwable: Method TitleManagementTest.test_editTitle()[pri:12, instance:com.webtest.dxy.TitleManagementTest@13deb50e] depends on not successfully finished methods
	at java.util.ArrayList.forEach(Unknown Source)
... Removed 17 stack frames</div></td></tr></table><p class="totop"><a href="#summary">back to summary</a></p>
<h3 id="m70">com.webtest.dxy.TitleManagementTest#test_ifFrontApply</h3><table class="result"><tr><th>Exception</th></tr><tr><td><div class="stacktrace">java.lang.Throwable: Method TitleManagementTest.test_ifFrontApply()[pri:13, instance:com.webtest.dxy.TitleManagementTest@13deb50e] depends on not successfully finished methods
	at java.util.ArrayList.forEach(Unknown Source)
... Removed 17 stack frames</div></td></tr></table><p class="totop"><a href="#summary">back to summary</a></p>
<h3 id="m71">com.webtest.dxy.UserConfigurationTest#test_addAuthorityManage</h3><table class="result"><tr><th>Exception</th></tr><tr><td><div class="stacktrace">java.lang.Throwable: Method UserConfigurationTest.test_addAuthorityManage()[pri:10, instance:com.webtest.dxy.UserConfigurationTest@3abbfa04] depends on not successfully finished methods
	at java.util.ArrayList.forEach(Unknown Source)
... Removed 17 stack frames</div></td></tr></table><p class="totop"><a href="#summary">back to summary</a></p>
<h3 id="m72">com.webtest.dxy.UserConfigurationTest#test_basicConfigu</h3><table class="result"><tr><th>Exception</th></tr><tr><td><div class="stacktrace">java.lang.Throwable: Method UserConfigurationTest.test_basicConfigu()[pri:8, instance:com.webtest.dxy.UserConfigurationTest@3abbfa04] depends on not successfully finished methods
	at java.util.ArrayList.forEach(Unknown Source)
... Removed 17 stack frames</div></td></tr></table><p class="totop"><a href="#summary">back to summary</a></p>
<h3 id="m73">com.webtest.dxy.UserConfigurationTest#test_emailActivation</h3><table class="result"><tr><th>Exception</th></tr><tr><td><div class="stacktrace">java.lang.Throwable: Method UserConfigurationTest.test_emailActivation()[pri:6, instance:com.webtest.dxy.UserConfigurationTest@3abbfa04] depends on not successfully finished methods
	at java.util.ArrayList.forEach(Unknown Source)
... Removed 17 stack frames</div></td></tr></table><p class="totop"><a href="#summary">back to summary</a></p>
<h3 id="m74">com.webtest.dxy.UserConfigurationTest#test_emailVerify</h3><table class="result"><tr><th>Exception</th></tr><tr><td><div class="stacktrace">java.lang.Throwable: Method UserConfigurationTest.test_emailVerify()[pri:5, instance:com.webtest.dxy.UserConfigurationTest@3abbfa04] depends on not successfully finished methods
	at java.util.ArrayList.forEach(Unknown Source)
... Removed 17 stack frames</div></td></tr></table><p class="totop"><a href="#summary">back to summary</a></p>
<h3 id="m75">com.webtest.dxy.UserConfigurationTest#test_login</h3><table class="result"><tr><th>Exception</th></tr><tr><td><div class="stacktrace">java.lang.Throwable: Method UserConfigurationTest.test_login()[pri:4, instance:com.webtest.dxy.UserConfigurationTest@3abbfa04] depends on not successfully finished methods
	at java.util.ArrayList.forEach(Unknown Source)
... Removed 17 stack frames</div></td></tr></table><p class="totop"><a href="#summary">back to summary</a></p>
<h3 id="m76">com.webtest.dxy.UserConfigurationTest#test_register</h3><table class="result"><tr><th>Exception</th></tr><tr><td><div class="stacktrace">java.lang.Throwable: Method UserConfigurationTest.test_register()[pri:3, instance:com.webtest.dxy.UserConfigurationTest@3abbfa04] depends on not successfully finished methods
	at java.util.ArrayList.forEach(Unknown Source)
... Removed 17 stack frames</div></td></tr></table><p class="totop"><a href="#summary">back to summary</a></p>
<h3 id="m77">com.webtest.dxy.UserConfigurationTest#test_smsConfigu</h3><table class="result"><tr><th>Exception</th></tr><tr><td><div class="stacktrace">java.lang.Throwable: Method UserConfigurationTest.test_smsConfigu()[pri:7, instance:com.webtest.dxy.UserConfigurationTest@3abbfa04] depends on not successfully finished methods
	at java.util.ArrayList.forEach(Unknown Source)
... Removed 17 stack frames</div></td></tr></table><p class="totop"><a href="#summary">back to summary</a></p>
<h3 id="m78">com.webtest.jxy.Management_Dynamic_Test#test_unlike_com</h3><table class="result"><tr><th>Exception</th></tr><tr><td><div class="stacktrace">java.lang.Throwable: Method Management_Dynamic_Test.test_unlike_com()[pri:10, instance:com.webtest.jxy.Management_Dynamic_Test@224edc67] depends on not successfully finished methods
	at java.util.ArrayList.forEach(Unknown Source)
... Removed 17 stack frames</div></td></tr></table><p class="totop"><a href="#summary">back to summary</a></p>
<h3 id="m79">com.webtest.dxy.CertifiManagementTest#testLogin</h3><table class="result"><tr class="param"><th>Parameter #1</th><th>Parameter #2</th></tr><tr class="param stripe"><td>admin</td><td>admin</td></tr></table><p class="totop"><a href="#summary">back to summary</a></p>
<h3 id="m80">com.webtest.dxy.CertifiManagementTest#test_correct_display</h3><table class="result"><tr><th class="invisible"/></tr></table><p class="totop"><a href="#summary">back to summary</a></p>
<h3 id="m81">com.webtest.dxy.CertifiManagementTest#test_correct_displayUserInfo</h3><table class="result"><tr><th class="invisible"/></tr></table><p class="totop"><a href="#summary">back to summary</a></p>
<h3 id="m82">com.webtest.dxy.IdentityManagementTest#testLogin</h3><table class="result"><tr class="param"><th>Parameter #1</th><th>Parameter #2</th></tr><tr class="param stripe"><td>admin</td><td>admin</td></tr></table><p class="totop"><a href="#summary">back to summary</a></p>
<h3 id="m83">com.webtest.dxy.IdentityManagementTest#test_correct_display</h3><table class="result"><tr><th class="invisible"/></tr></table><p class="totop"><a href="#summary">back to summary</a></p>
<h3 id="m84">com.webtest.dxy.IdentityManagementTest#test_correct_displayIDlist</h3><table class="result"><tr><th class="invisible"/></tr></table><p class="totop"><a href="#summary">back to summary</a></p>
<h3 id="m85">com.webtest.dxy.IdentityManagementTest#test_correct_displaylist</h3><table class="result"><tr><th class="invisible"/></tr></table><p class="totop"><a href="#summary">back to summary</a></p>
<h3 id="m86">com.webtest.dxy.IdentityManagementTest#test_migrateUsers</h3><table class="result"><tr><th class="invisible"/></tr></table><p class="totop"><a href="#summary">back to summary</a></p>
<h3 id="m87">com.webtest.dxy.LabelsandInfoTest#testLogin</h3><table class="result"><tr class="param"><th>Parameter #1</th><th>Parameter #2</th></tr><tr class="param stripe"><td>admin</td><td>admin</td></tr></table><p class="totop"><a href="#summary">back to summary</a></p>
<h3 id="m88">com.webtest.dxy.LabelsandInfoTest#test_showGroupInfo</h3><table class="result"><tr><th class="invisible"/></tr></table><p class="totop"><a href="#summary">back to summary</a></p>
<h3 id="m89">com.webtest.dxy.TitleManagementTest#testLogin</h3><table class="result"><tr class="param"><th>Parameter #1</th><th>Parameter #2</th></tr><tr class="param stripe"><td>admin</td><td>admin</td></tr></table><p class="totop"><a href="#summary">back to summary</a></p>
<h3 id="m90">com.webtest.dxy.TitleManagementTest#test_searchUserInfo</h3><table class="result"><tr><th class="invisible"/></tr></table><p class="totop"><a href="#summary">back to summary</a></p>
<h3 id="m91">com.webtest.dxy.TitleManagementTest#test_usersList</h3><table class="result"><tr><th class="invisible"/></tr></table><p class="totop"><a href="#summary">back to summary</a></p>
<h3 id="m92">com.webtest.dxy.UserBlockTest#testLogin</h3><table class="result"><tr class="param"><th>Parameter #1</th><th>Parameter #2</th></tr><tr class="param stripe"><td>admin</td><td>admin</td></tr></table><p class="totop"><a href="#summary">back to summary</a></p>
<h3 id="m93">com.webtest.dxy.UserBlockTest#test_checkUser</h3><table class="result"><tr><th class="invisible"/></tr></table><p class="totop"><a href="#summary">back to summary</a></p>
<h3 id="m94">com.webtest.dxy.UserBlockTest#test_searchInfo</h3><table class="result"><tr><th class="invisible"/></tr></table><p class="totop"><a href="#summary">back to summary</a></p>
<h3 id="m95">com.webtest.dxy.UserConfigurationTest#testLogin</h3><table class="result"><tr class="param"><th>Parameter #1</th><th>Parameter #2</th></tr><tr class="param stripe"><td>admin</td><td>admin</td></tr></table><p class="totop"><a href="#summary">back to summary</a></p>
<h3 id="m96">com.webtest.dxy.UserConfigurationTest#test_wechatInfo</h3><table class="result"><tr><th class="invisible"/></tr></table><p class="totop"><a href="#summary">back to summary</a></p>
<h3 id="m97">com.webtest.jxy.Browse_Test#testLogin</h3><table class="result"><tr class="param"><th>Parameter #1</th><th>Parameter #2</th></tr><tr class="param stripe"><td>admin</td><td>admin</td></tr></table><p class="totop"><a href="#summary">back to summary</a></p>
<h3 id="m98">com.webtest.jxy.Browse_Test#test_esc_bigphoto</h3><table class="result"><tr><th class="invisible"/></tr></table><p class="totop"><a href="#summary">back to summary</a></p>
<h3 id="m99">com.webtest.jxy.Browse_Test#test_show_all</h3><table class="result"><tr><th class="invisible"/></tr></table><p class="totop"><a href="#summary">back to summary</a></p>
<h3 id="m100">com.webtest.jxy.Browse_Test#test_show_bigphoto</h3><table class="result"><tr><th class="invisible"/></tr></table><p class="totop"><a href="#summary">back to summary</a></p>
<h3 id="m101">com.webtest.jxy.Browse_Test#test_show_photo</h3><table class="result"><tr><th class="invisible"/></tr></table><p class="totop"><a href="#summary">back to summary</a></p>
<h3 id="m102">com.webtest.jxy.Browse_Test#test_turn_left</h3><table class="result"><tr><th class="invisible"/></tr></table><p class="totop"><a href="#summary">back to summary</a></p>
<h3 id="m103">com.webtest.jxy.Browse_Test#test_turn_right</h3><table class="result"><tr><th class="invisible"/></tr></table><p class="totop"><a href="#summary">back to summary</a></p>
<h3 id="m104">com.webtest.jxy.Dynamic_test#testLogin</h3><table class="result"><tr class="param"><th>Parameter #1</th><th>Parameter #2</th></tr><tr class="param stripe"><td>admin</td><td>admin</td></tr></table><p class="totop"><a href="#summary">back to summary</a></p>
<h3 id="m105">com.webtest.jxy.Dynamic_test#test_enter_dynamic</h3><table class="result"><tr><th class="invisible"/></tr></table><p class="totop"><a href="#summary">back to summary</a></p>
<h3 id="m106">com.webtest.jxy.Dynamic_test#test_expression_dynamic</h3><table class="result"><tr><th class="invisible"/></tr></table><p class="totop"><a href="#summary">back to summary</a></p>
<h3 id="m107">com.webtest.jxy.Dynamic_test#test_photo2_dynamic</h3><table class="result"><tr><th class="invisible"/></tr></table><p class="totop"><a href="#summary">back to summary</a></p>
<h3 id="m108">com.webtest.jxy.Dynamic_test#test_photo3_dynamic</h3><table class="result"><tr><th class="invisible"/></tr></table><p class="totop"><a href="#summary">back to summary</a></p>
<h3 id="m109">com.webtest.jxy.Dynamic_test#test_photo_dynamic</h3><table class="result"><tr><th class="invisible"/></tr></table><p class="totop"><a href="#summary">back to summary</a></p>
<h3 id="m110">com.webtest.jxy.Dynamic_test#test_topic_dynamic</h3><table class="result"><tr><th class="invisible"/></tr></table><p class="totop"><a href="#summary">back to summary</a></p>
<h3 id="m111">com.webtest.jxy.Dynamic_test#test_writing_dynamic</h3><table class="result"><tr><th class="invisible"/></tr></table><p class="totop"><a href="#summary">back to summary</a></p>
<h3 id="m112">com.webtest.jxy.Management_Dynamic_Test#testLogin</h3><table class="result"><tr class="param"><th>Parameter #1</th><th>Parameter #2</th></tr><tr class="param stripe"><td>admin</td><td>admin</td></tr></table><p class="totop"><a href="#summary">back to summary</a></p>
<h3 id="m113">com.webtest.jxy.Management_Dynamic_Test#test_del_com_dynamic</h3><table class="result"><tr><th class="invisible"/></tr></table><p class="totop"><a href="#summary">back to summary</a></p>
<h3 id="m114">com.webtest.jxy.Management_Dynamic_Test#test_discuss_hide</h3><table class="result"><tr><th class="invisible"/></tr></table><p class="totop"><a href="#summary">back to summary</a></p>
<h3 id="m115">com.webtest.jxy.Management_Dynamic_Test#test_inform_com_dynamic</h3><table class="result"><tr><th class="invisible"/></tr></table><p class="totop"><a href="#summary">back to summary</a></p>
<h3 id="m116">com.webtest.jxy.Management_Dynamic_Test#test_inform_dynamic</h3><table class="result"><tr><th class="invisible"/></tr></table><p class="totop"><a href="#summary">back to summary</a></p>
<h3 id="m117">com.webtest.jxy.Management_Dynamic_Test#test_like_dynamic</h3><table class="result"><tr><th class="invisible"/></tr></table><p class="totop"><a href="#summary">back to summary</a></p>
<h3 id="m118">com.webtest.jxy.Management_Dynamic_Test#test_top2_dynamic</h3><table class="result"><tr><th class="invisible"/></tr></table><p class="totop"><a href="#summary">back to summary</a></p>
<h3 id="m119">com.webtest.jxy.Management_Dynamic_Test#test_top_conceal_dynamic</h3><table class="result"><tr><th class="invisible"/></tr></table><p class="totop"><a href="#summary">back to summary</a></p>
<h3 id="m120">com.webtest.jxy.Management_Dynamic_Test#test_top_concel1_dynamic</h3><table class="result"><tr><th class="invisible"/></tr></table><p class="totop"><a href="#summary">back to summary</a></p>
<h3 id="m121">com.webtest.jxy.Management_Dynamic_Test#test_top_concel2_dynamic</h3><table class="result"><tr><th class="invisible"/></tr></table><p class="totop"><a href="#summary">back to summary</a></p>
<h3 id="m122">com.webtest.jxy.Management_Dynamic_Test#test_top_dynamic</h3><table class="result"><tr><th class="invisible"/></tr></table><p class="totop"><a href="#summary">back to summary</a></p>
<h3 id="m123">com.webtest.jxy.Management_Dynamic_Test#test_unlike_dynamic</h3><table class="result"><tr><th class="invisible"/></tr></table><p class="totop"><a href="#summary">back to summary</a></p>
<h3 id="m124">com.webtest.jxy.Navigator_Test#testLogin</h3><table class="result"><tr class="param"><th>Parameter #1</th><th>Parameter #2</th></tr><tr class="param stripe"><td>admin</td><td>admin</td></tr></table><p class="totop"><a href="#summary">back to summary</a></p>
<h3 id="m125">com.webtest.jxy.Navigator_Test#test_attention</h3><table class="result"><tr><th class="invisible"/></tr></table><p class="totop"><a href="#summary">back to summary</a></p>
<h3 id="m126">com.webtest.jxy.Navigator_Test#test_attention_find2</h3><table class="result"><tr><th class="invisible"/></tr></table><p class="totop"><a href="#summary">back to summary</a></p>
<h3 id="m127">com.webtest.jxy.Navigator_Test#test_chat</h3><table class="result"><tr><th class="invisible"/></tr></table><p class="totop"><a href="#summary">back to summary</a></p>
<h3 id="m128">com.webtest.jxy.Navigator_Test#test_find_area</h3><table class="result"><tr><th class="invisible"/></tr></table><p class="totop"><a href="#summary">back to summary</a></p>
<h3 id="m129">com.webtest.jxy.Navigator_Test#test_home_page</h3><table class="result"><tr><th class="invisible"/></tr></table><p class="totop"><a href="#summary">back to summary</a></p>
<h3 id="m130">com.webtest.jxy.Navigator_Test#test_hot_news</h3><table class="result"><tr><th class="invisible"/></tr></table><p class="totop"><a href="#summary">back to summary</a></p>
<h3 id="m131">com.webtest.jxy.Navigator_Test#test_invite</h3><table class="result"><tr><th class="invisible"/></tr></table><p class="totop"><a href="#summary">back to summary</a></p>
<h3 id="m132">com.webtest.jxy.Navigator_Test#test_like_news</h3><table class="result"><tr><th class="invisible"/></tr></table><p class="totop"><a href="#summary">back to summary</a></p>
<h3 id="m133">com.webtest.jxy.Navigator_Test#test_rank</h3><table class="result"><tr><th class="invisible"/></tr></table><p class="totop"><a href="#summary">back to summary</a></p>
<h3 id="m134">com.webtest.jxy.Navigator_Test#test_signIn_date</h3><table class="result"><tr><th class="invisible"/></tr></table><p class="totop"><a href="#summary">back to summary</a></p>
<h3 id="m135">com.webtest.jxy.Topic_Test#testLogin</h3><table class="result"><tr class="param"><th>Parameter #1</th><th>Parameter #2</th></tr><tr class="param stripe"><td>admin</td><td>admin</td></tr></table><p class="totop"><a href="#summary">back to summary</a></p>
<h3 id="m136">com.webtest.jxy.Topic_Test#test_follow_topic</h3><table class="result"><tr><th class="invisible"/></tr></table><p class="totop"><a href="#summary">back to summary</a></p>
<h3 id="m137">com.webtest.jxy.Topic_Test#test_host_manager_topic</h3><table class="result"><tr><th class="invisible"/></tr></table><p class="totop"><a href="#summary">back to summary</a></p>
<h3 id="m138">com.webtest.jxy.Topic_Test#test_host_topic</h3><table class="result"><tr><th class="invisible"/></tr></table><p class="totop"><a href="#summary">back to summary</a></p>
<h3 id="m139">com.webtest.jxy.Topic_Test#test_see_topic</h3><table class="result"><tr><th class="invisible"/></tr></table><p class="totop"><a href="#summary">back to summary</a></p>
<h3 id="m140">com.webtest.jxy.Topic_Test#test_show_topic</h3><table class="result"><tr><th class="invisible"/></tr></table><p class="totop"><a href="#summary">back to summary</a></p>
<h3 id="m141">com.webtest.jxy.Topic_Test#test_topic_dynamic</h3><table class="result"><tr><th class="invisible"/></tr></table><p class="totop"><a href="#summary">back to summary</a></p>
<h3 id="m142">com.webtest.lxc.Admin_Certification#testApplicantE</h3><table class="result"><tr><th class="invisible"/></tr></table><p class="totop"><a href="#summary">back to summary</a></p>
<h3 id="m143">com.webtest.lxc.Admin_Certification#testApplicantO</h3><table class="result"><tr><th class="invisible"/></tr></table><p class="totop"><a href="#summary">back to summary</a></p>
<h3 id="m144">com.webtest.lxc.Admin_Certification#testApplication</h3><table class="result"><tr><th class="invisible"/></tr></table><p class="totop"><a href="#summary">back to summary</a></p>
<h3 id="m145">com.webtest.lxc.Admin_Certification#testBindPhNumO</h3><table class="result"><tr><th class="invisible"/></tr></table><p class="totop"><a href="#summary">back to summary</a></p>
<h3 id="m146">com.webtest.lxc.Admin_Certification#testChange</h3><table class="result"><tr><th class="invisible"/></tr></table><p class="totop"><a href="#summary">back to summary</a></p>
<h3 id="m147">com.webtest.lxc.Admin_Certification#testConcernO</h3><table class="result"><tr><th class="invisible"/></tr></table><p class="totop"><a href="#summary">back to summary</a></p>
<h3 id="m148">com.webtest.lxc.Admin_Certification#testDelete</h3><table class="result"><tr><th class="invisible"/></tr></table><p class="totop"><a href="#summary">back to summary</a></p>
<h3 id="m149">com.webtest.lxc.Admin_Certification#testFansO</h3><table class="result"><tr><th class="invisible"/></tr></table><p class="totop"><a href="#summary">back to summary</a></p>
<h3 id="m150">com.webtest.lxc.Admin_Certification#testInviteO</h3><table class="result"><tr><th class="invisible"/></tr></table><p class="totop"><a href="#summary">back to summary</a></p>
<h3 id="m151">com.webtest.lxc.Admin_Certification#testLogin</h3><table class="result"><tr class="param"><th>Parameter #1</th><th>Parameter #2</th></tr><tr class="param stripe"><td>admin</td><td>admin</td></tr></table><p class="totop"><a href="#summary">back to summary</a></p>
<h3 id="m152">com.webtest.lxc.Admin_ChangAvatar#testChangeAvatar</h3><table class="result"><tr><th class="invisible"/></tr></table><p class="totop"><a href="#summary">back to summary</a></p>
<h3 id="m153">com.webtest.lxc.Admin_ChangAvatar#testLogin</h3><table class="result"><tr class="param"><th>Parameter #1</th><th>Parameter #2</th></tr><tr class="param stripe"><td>admin</td><td>admin</td></tr></table><p class="totop"><a href="#summary">back to summary</a></p>
<h3 id="m154">com.webtest.lxc.Admin_ChangeData#testChangeData1</h3><table class="result"><tr><th class="invisible"/></tr></table><p class="totop"><a href="#summary">back to summary</a></p>
<h3 id="m155">com.webtest.lxc.Admin_ChangeData#testChangeData2</h3><table class="result"><tr><th class="invisible"/></tr></table><p class="totop"><a href="#summary">back to summary</a></p>
<h3 id="m156">com.webtest.lxc.Admin_ChangeData#testLogin</h3><table class="result"><tr class="param"><th>Parameter #1</th><th>Parameter #2</th></tr><tr class="param stripe"><td>admin</td><td>admin</td></tr></table><p class="totop"><a href="#summary">back to summary</a></p>
<h3 id="m157">com.webtest.lxc.Admin_Changepassword#testChangePassword</h3><table class="result"><tr><th class="invisible"/></tr></table><p class="totop"><a href="#summary">back to summary</a></p>
<h3 id="m158">com.webtest.lxc.Admin_Changepassword#testLogin</h3><table class="result"><tr class="param"><th>Parameter #1</th><th>Parameter #2</th></tr><tr class="param stripe"><td>admin</td><td>admin</td></tr></table><p class="totop"><a href="#summary">back to summary</a></p>
<h3 id="m159">com.webtest.lxc.Admin_DomainName#testLogin</h3><table class="result"><tr class="param"><th>Parameter #1</th><th>Parameter #2</th></tr><tr class="param stripe"><td>admin</td><td>admin</td></tr></table><p class="totop"><a href="#summary">back to summary</a></p>
<h3 id="m160">com.webtest.lxc.Admin_DomainName#testOprenurl</h3><table class="result"><tr><th class="invisible"/></tr></table><p class="totop"><a href="#summary">back to summary</a></p>
<h3 id="m161">com.webtest.lxc.Admin_DomainName#testSeturl</h3><table class="result"><tr><th class="invisible"/></tr></table><p class="totop"><a href="#summary">back to summary</a></p>
<h3 id="m162">com.webtest.lxc.Admin_FollowsAndFans#testCancelFollows</h3><table class="result"><tr><th class="invisible"/></tr></table><p class="totop"><a href="#summary">back to summary</a></p>
<h3 id="m163">com.webtest.lxc.Admin_FollowsAndFans#testChatFans</h3><table class="result"><tr><th class="invisible"/></tr></table><p class="totop"><a href="#summary">back to summary</a></p>
<h3 id="m164">com.webtest.lxc.Admin_FollowsAndFans#testChatFollows</h3><table class="result"><tr><th class="invisible"/></tr></table><p class="totop"><a href="#summary">back to summary</a></p>
<h3 id="m165">com.webtest.lxc.Admin_FollowsAndFans#testFollowFans</h3><table class="result"><tr><th class="invisible"/></tr></table><p class="totop"><a href="#summary">back to summary</a></p>
<h3 id="m166">com.webtest.lxc.Admin_FollowsAndFans#testLogin</h3><table class="result"><tr class="param"><th>Parameter #1</th><th>Parameter #2</th></tr><tr class="param stripe"><td>admin</td><td>admin</td></tr></table><p class="totop"><a href="#summary">back to summary</a></p>
<h3 id="m167">com.webtest.lxc.Admin_PersonalCover#testLogin</h3><table class="result"><tr class="param"><th>Parameter #1</th><th>Parameter #2</th></tr><tr class="param stripe"><td>admin</td><td>admin</td></tr></table><p class="totop"><a href="#summary">back to summary</a></p>
<h3 id="m168">com.webtest.lxc.Admin_PersonalCover#testPersonalCover</h3><table class="result"><tr><th class="invisible"/></tr></table><p class="totop"><a href="#summary">back to summary</a></p>
<h3 id="m169">com.webtest.lxc.Admin_Search#testLogin</h3><table class="result"><tr class="param"><th>Parameter #1</th><th>Parameter #2</th></tr><tr class="param stripe"><td>admin</td><td>admin</td></tr></table><p class="totop"><a href="#summary">back to summary</a></p>
<h3 id="m170">com.webtest.lxc.Admin_Search#testNotice</h3><table class="result"><tr><th class="invisible"/></tr></table><p class="totop"><a href="#summary">back to summary</a></p>
<h3 id="m171">com.webtest.lxc.Admin_Search#testNoticeEnter</h3><table class="result"><tr><th class="invisible"/></tr></table><p class="totop"><a href="#summary">back to summary</a></p>
<h3 id="m172">com.webtest.lxc.Admin_Search#testSearch</h3><table class="result"><tr><th class="invisible"/></tr></table><p class="totop"><a href="#summary">back to summary</a></p>
<h3 id="m173">com.webtest.lxc.Admin_Search#testSearchback</h3><table class="result"><tr><th class="invisible"/></tr></table><p class="totop"><a href="#summary">back to summary</a></p>
<h3 id="m174">com.webtest.lxc.Admin_Switch#testLogin</h3><table class="result"><tr class="param"><th>Parameter #1</th><th>Parameter #2</th></tr><tr class="param stripe"><td>admin</td><td>admin</td></tr></table><p class="totop"><a href="#summary">back to summary</a></p>
<h3 id="m175">com.webtest.lxc.Admin_UserTag#testDelete20tag</h3><table class="result"><tr><th class="invisible"/></tr></table><p class="totop"><a href="#summary">back to summary</a></p>
<h3 id="m176">com.webtest.lxc.Admin_UserTag#testLogin</h3><table class="result"><tr class="param"><th>Parameter #1</th><th>Parameter #2</th></tr><tr class="param stripe"><td>admin</td><td>admin</td></tr></table><p class="totop"><a href="#summary">back to summary</a></p>
<h3 id="m177">com.webtest.lxc.Admin_UserTag#testSettag</h3><table class="result"><tr><th class="invisible"/></tr></table><p class="totop"><a href="#summary">back to summary</a></p>
<h3 id="m178">com.webtest.lxc.Admin_View#testLogin</h3><table class="result"><tr class="param"><th>Parameter #1</th><th>Parameter #2</th></tr><tr class="param stripe"><td>admin</td><td>admin</td></tr></table><p class="totop"><a href="#summary">back to summary</a></p>
<h3 id="m179">com.webtest.lxc.Admin_View#testViewData</h3><table class="result"><tr><th class="invisible"/></tr></table><p class="totop"><a href="#summary">back to summary</a></p>
<h3 id="m180">com.webtest.lxc.Admin_View#testViewIntegral</h3><table class="result"><tr><th class="invisible"/></tr></table><p class="totop"><a href="#summary">back to summary</a></p>
<h3 id="m181">com.webtest.lxc.Admin_View#testViewLeaderboard</h3><table class="result"><tr><th class="invisible"/></tr></table><p class="totop"><a href="#summary">back to summary</a></p>
<h3 id="m182">com.webtest.lxc.Admin_View#testViewTitle</h3><table class="result"><tr><th class="invisible"/></tr></table><p class="totop"><a href="#summary">back to summary</a></p>
<h3 id="m183">com.webtest.lxc.Admin_View#testViewTopic</h3><table class="result"><tr><th class="invisible"/></tr></table><p class="totop"><a href="#summary">back to summary</a></p>
<h3 id="m184">com.webtest.lxc.Admin_Weibo#testLike</h3><table class="result"><tr><th class="invisible"/></tr></table><p class="totop"><a href="#summary">back to summary</a></p>
<h3 id="m185">com.webtest.lxc.Admin_Weibo#testLogin</h3><table class="result"><tr class="param"><th>Parameter #1</th><th>Parameter #2</th></tr><tr class="param stripe"><td>admin</td><td>admin</td></tr></table><p class="totop"><a href="#summary">back to summary</a></p>
<h3 id="m186">com.webtest.lxc.Admin_Weibo#testUnLike</h3><table class="result"><tr><th class="invisible"/></tr></table><p class="totop"><a href="#summary">back to summary</a></p>
<h3 id="m187">com.webtest.myx.Admin_Login#testLogin</h3><table class="result"><tr class="param"><th>Parameter #1</th><th>Parameter #2</th></tr><tr class="param stripe"><td>admin</td><td>admin</td></tr></table><p class="totop"><a href="#summary">back to summary</a></p>
<h3 id="m188">com.webtest.myx.LoginDemo#testLogin</h3><table class="result"><tr class="param"><th>Parameter #1</th><th>Parameter #2</th></tr><tr class="param stripe"><td>admin</td><td>admin</td></tr></table><p class="totop"><a href="#summary">back to summary</a></p>
<h3 id="m189">com.webtest.myx.Public#test1</h3><table class="result"><tr><th class="invisible"/></tr></table><p class="totop"><a href="#summary">back to summary</a></p>
<h3 id="m190">com.webtest.myx.Public#test2</h3><table class="result"><tr><th class="invisible"/></tr></table><p class="totop"><a href="#summary">back to summary</a></p>
<h3 id="m191">com.webtest.myx.Public#test3</h3><table class="result"><tr><th class="invisible"/></tr></table><p class="totop"><a href="#summary">back to summary</a></p>
<h3 id="m192">com.webtest.myx.Public#test4</h3><table class="result"><tr><th class="invisible"/></tr></table><p class="totop"><a href="#summary">back to summary</a></p>
<h3 id="m193">com.webtest.myx.Public#testLogin</h3><table class="result"><tr class="param"><th>Parameter #1</th><th>Parameter #2</th></tr><tr class="param stripe"><td>admin</td><td>admin</td></tr></table><p class="totop"><a href="#summary">back to summary</a></p>
<h3 id="m194">com.webtest.myx.SEOrelus#test89</h3><table class="result"><tr><th class="invisible"/></tr></table><p class="totop"><a href="#summary">back to summary</a></p>
<h3 id="m195">com.webtest.myx.SEOrelus#test90</h3><table class="result"><tr><th class="invisible"/></tr></table><p class="totop"><a href="#summary">back to summary</a></p>
<h3 id="m196">com.webtest.myx.SEOrelus#test91</h3><table class="result"><tr><th class="invisible"/></tr></table><p class="totop"><a href="#summary">back to summary</a></p>
<h3 id="m197">com.webtest.myx.SEOrelus#test92</h3><table class="result"><tr><th class="invisible"/></tr></table><p class="totop"><a href="#summary">back to summary</a></p>
<h3 id="m198">com.webtest.myx.SEOrelus#testLogin</h3><table class="result"><tr class="param"><th>Parameter #1</th><th>Parameter #2</th></tr><tr class="param stripe"><td>admin</td><td>admin</td></tr></table><p class="totop"><a href="#summary">back to summary</a></p>
<h3 id="m199">com.webtest.myx.adPosition#test16</h3><table class="result"><tr><th class="invisible"/></tr></table><p class="totop"><a href="#summary">back to summary</a></p>
<h3 id="m200">com.webtest.myx.adPosition#test32</h3><table class="result"><tr><th class="invisible"/></tr></table><p class="totop"><a href="#summary">back to summary</a></p>
<h3 id="m201">com.webtest.myx.adPosition#test33</h3><table class="result"><tr><th class="invisible"/></tr></table><p class="totop"><a href="#summary">back to summary</a></p>
<h3 id="m202">com.webtest.myx.adPosition#test34</h3><table class="result"><tr><th class="invisible"/></tr></table><p class="totop"><a href="#summary">back to summary</a></p>
<h3 id="m203">com.webtest.myx.adPosition#test35</h3><table class="result"><tr><th class="invisible"/></tr></table><p class="totop"><a href="#summary">back to summary</a></p>
<h3 id="m204">com.webtest.myx.adPosition#testLogin</h3><table class="result"><tr class="param"><th>Parameter #1</th><th>Parameter #2</th></tr><tr class="param stripe"><td>admin</td><td>admin</td></tr></table><p class="totop"><a href="#summary">back to summary</a></p>
<h3 id="m205">com.webtest.myx.behaviorlog#test60</h3><table class="result"><tr><th class="invisible"/></tr></table><p class="totop"><a href="#summary">back to summary</a></p>
<h3 id="m206">com.webtest.myx.behaviorlog#test62</h3><table class="result"><tr><th class="invisible"/></tr></table><p class="totop"><a href="#summary">back to summary</a></p>
<h3 id="m207">com.webtest.myx.behaviorlog#test65</h3><table class="result"><tr><th class="invisible"/></tr></table><p class="totop"><a href="#summary">back to summary</a></p>
<h3 id="m208">com.webtest.myx.behaviorlog#testLogin</h3><table class="result"><tr class="param"><th>Parameter #1</th><th>Parameter #2</th></tr><tr class="param stripe"><td>admin</td><td>admin</td></tr></table><p class="totop"><a href="#summary">back to summary</a></p>
<h3 id="m209">com.webtest.myx.invitemanage#test75</h3><table class="result"><tr><th class="invisible"/></tr></table><p class="totop"><a href="#summary">back to summary</a></p>
<h3 id="m210">com.webtest.myx.invitemanage#test76</h3><table class="result"><tr><th class="invisible"/></tr></table><p class="totop"><a href="#summary">back to summary</a></p>
<h3 id="m211">com.webtest.myx.invitemanage#test80</h3><table class="result"><tr><th class="invisible"/></tr></table><p class="totop"><a href="#summary">back to summary</a></p>
<h3 id="m212">com.webtest.myx.invitemanage#testLogin</h3><table class="result"><tr class="param"><th>Parameter #1</th><th>Parameter #2</th></tr><tr class="param stripe"><td>admin</td><td>admin</td></tr></table><p class="totop"><a href="#summary">back to summary</a></p>
<h3 id="m213">com.webtest.myx.limit#test67</h3><table class="result"><tr><th class="invisible"/></tr></table><p class="totop"><a href="#summary">back to summary</a></p>
<h3 id="m214">com.webtest.myx.limit#test68</h3><table class="result"><tr><th class="invisible"/></tr></table><p class="totop"><a href="#summary">back to summary</a></p>
<h3 id="m215">com.webtest.myx.limit#test69</h3><table class="result"><tr><th class="invisible"/></tr></table><p class="totop"><a href="#summary">back to summary</a></p>
<h3 id="m216">com.webtest.myx.limit#test70</h3><table class="result"><tr><th class="invisible"/></tr></table><p class="totop"><a href="#summary">back to summary</a></p>
<h3 id="m217">com.webtest.myx.limit#testLogin</h3><table class="result"><tr class="param"><th>Parameter #1</th><th>Parameter #2</th></tr><tr class="param stripe"><td>admin</td><td>admin</td></tr></table><p class="totop"><a href="#summary">back to summary</a></p>
<h3 id="m218">com.webtest.myx.linkfriend#test5</h3><table class="result"><tr><th class="invisible"/></tr></table><p class="totop"><a href="#summary">back to summary</a></p>
<h3 id="m219">com.webtest.myx.linkfriend#test8</h3><table class="result"><tr><th class="invisible"/></tr></table><p class="totop"><a href="#summary">back to summary</a></p>
<h3 id="m220">com.webtest.myx.linkfriend#testLogin</h3><table class="result"><tr class="param"><th>Parameter #1</th><th>Parameter #2</th></tr><tr class="param stripe"><td>admin</td><td>admin</td></tr></table><p class="totop"><a href="#summary">back to summary</a></p>
<h3 id="m221">com.webtest.myx.memeimg#test71</h3><table class="result"><tr><th class="invisible"/></tr></table><p class="totop"><a href="#summary">back to summary</a></p>
<h3 id="m222">com.webtest.myx.memeimg#test72</h3><table class="result"><tr><th class="invisible"/></tr></table><p class="totop"><a href="#summary">back to summary</a></p>
<h3 id="m223">com.webtest.myx.memeimg#test73</h3><table class="result"><tr><th class="invisible"/></tr></table><p class="totop"><a href="#summary">back to summary</a></p>
<h3 id="m224">com.webtest.myx.memeimg#testLogin</h3><table class="result"><tr class="param"><th>Parameter #1</th><th>Parameter #2</th></tr><tr class="param stripe"><td>admin</td><td>admin</td></tr></table><p class="totop"><a href="#summary">back to summary</a></p>
<h3 id="m225">com.webtest.myx.messageSearch#testLogin</h3><table class="result"><tr class="param"><th>Parameter #1</th><th>Parameter #2</th></tr><tr class="param stripe"><td>admin</td><td>admin</td></tr></table><p class="totop"><a href="#summary">back to summary</a></p>
<h3 id="m226">com.webtest.myx.pointLog#test42</h3><table class="result"><tr><th class="invisible"/></tr></table><p class="totop"><a href="#summary">back to summary</a></p>
<h3 id="m227">com.webtest.myx.pointLog#test43</h3><table class="result"><tr><th class="invisible"/></tr></table><p class="totop"><a href="#summary">back to summary</a></p>
<h3 id="m228">com.webtest.myx.pointLog#testLogin</h3><table class="result"><tr class="param"><th>Parameter #1</th><th>Parameter #2</th></tr><tr class="param stripe"><td>admin</td><td>admin</td></tr></table><p class="totop"><a href="#summary">back to summary</a></p>
<h3 id="m229">com.webtest.myx.pointRule#test49</h3><table class="result"><tr><th class="invisible"/></tr></table><p class="totop"><a href="#summary">back to summary</a></p>
<h3 id="m230">com.webtest.myx.pointRule#test50</h3><table class="result"><tr><th class="invisible"/></tr></table><p class="totop"><a href="#summary">back to summary</a></p>
<h3 id="m231">com.webtest.myx.pointRule#test51</h3><table class="result"><tr><th class="invisible"/></tr></table><p class="totop"><a href="#summary">back to summary</a></p>
<h3 id="m232">com.webtest.myx.pointRule#test52</h3><table class="result"><tr><th class="invisible"/></tr></table><p class="totop"><a href="#summary">back to summary</a></p>
<h3 id="m233">com.webtest.myx.pointRule#testLogin</h3><table class="result"><tr class="param"><th>Parameter #1</th><th>Parameter #2</th></tr><tr class="param stripe"><td>admin</td><td>admin</td></tr></table><p class="totop"><a href="#summary">back to summary</a></p>
<h3 id="m234">com.webtest.myx.pointType#test44</h3><table class="result"><tr><th class="invisible"/></tr></table><p class="totop"><a href="#summary">back to summary</a></p>
<h3 id="m235">com.webtest.myx.pointType#test46</h3><table class="result"><tr><th class="invisible"/></tr></table><p class="totop"><a href="#summary">back to summary</a></p>
<h3 id="m236">com.webtest.myx.pointType#test47</h3><table class="result"><tr><th class="invisible"/></tr></table><p class="totop"><a href="#summary">back to summary</a></p>
<h3 id="m237">com.webtest.myx.pointType#testLogin</h3><table class="result"><tr class="param"><th>Parameter #1</th><th>Parameter #2</th></tr><tr class="param stripe"><td>admin</td><td>admin</td></tr></table><p class="totop"><a href="#summary">back to summary</a></p>
<h3 id="m238">com.webtest.myx.sensitiveSetting#test14</h3><table class="result"><tr><th class="invisible"/></tr></table><p class="totop"><a href="#summary">back to summary</a></p>
<h3 id="m239">com.webtest.myx.sensitiveSetting#test15</h3><table class="result"><tr><th class="invisible"/></tr></table><p class="totop"><a href="#summary">back to summary</a></p>
<h3 id="m240">com.webtest.myx.sensitiveSetting#testLogin</h3><table class="result"><tr class="param"><th>Parameter #1</th><th>Parameter #2</th></tr><tr class="param stripe"><td>admin</td><td>admin</td></tr></table><p class="totop"><a href="#summary">back to summary</a></p>
<h3 id="m241">com.webtest.myx.sensitiveword#test10</h3><table class="result"><tr><th class="invisible"/></tr></table><p class="totop"><a href="#summary">back to summary</a></p>
<h3 id="m242">com.webtest.myx.sensitiveword#test11</h3><table class="result"><tr><th class="invisible"/></tr></table><p class="totop"><a href="#summary">back to summary</a></p>
<h3 id="m243">com.webtest.myx.sensitiveword#test12</h3><table class="result"><tr><th class="invisible"/></tr></table><p class="totop"><a href="#summary">back to summary</a></p>
<h3 id="m244">com.webtest.myx.sensitiveword#test13</h3><table class="result"><tr><th class="invisible"/></tr></table><p class="totop"><a href="#summary">back to summary</a></p>
<h3 id="m245">com.webtest.myx.sensitiveword#test9</h3><table class="result"><tr><th class="invisible"/></tr></table><p class="totop"><a href="#summary">back to summary</a></p>
<h3 id="m246">com.webtest.myx.sensitiveword#testLogin</h3><table class="result"><tr class="param"><th>Parameter #1</th><th>Parameter #2</th></tr><tr class="param stripe"><td>admin</td><td>admin</td></tr></table><p class="totop"><a href="#summary">back to summary</a></p>
<h3 id="m247">com.webtest.wgh.ActiveUserDemo#test16</h3><table class="result"><tr><th class="invisible"/></tr></table><p class="totop"><a href="#summary">back to summary</a></p>
<h3 id="m248">com.webtest.wgh.ActiveUserDemo#test17</h3><table class="result"><tr><th class="invisible"/></tr></table><p class="totop"><a href="#summary">back to summary</a></p>
<h3 id="m249">com.webtest.wgh.ActiveUserDemo#test18</h3><table class="result"><tr><th class="invisible"/></tr></table><p class="totop"><a href="#summary">back to summary</a></p>
<h3 id="m250">com.webtest.wgh.ActiveUserDemo#testLogin</h3><table class="result"><tr class="param"><th>Parameter #1</th><th>Parameter #2</th></tr><tr class="param stripe"><td>admin</td><td>admin</td></tr></table><p class="totop"><a href="#summary">back to summary</a></p>
<h3 id="m251">com.webtest.wgh.AttritionRechargeDemo#test15</h3><table class="result"><tr><th class="invisible"/></tr></table><p class="totop"><a href="#summary">back to summary</a></p>
<h3 id="m252">com.webtest.wgh.AttritionRechargeDemo#test22</h3><table class="result"><tr><th class="invisible"/></tr></table><p class="totop"><a href="#summary">back to summary</a></p>
<h3 id="m253">com.webtest.wgh.AttritionRechargeDemo#testLogin</h3><table class="result"><tr class="param"><th>Parameter #1</th><th>Parameter #2</th></tr><tr class="param stripe"><td>admin</td><td>admin</td></tr></table><p class="totop"><a href="#summary">back to summary</a></p>
<h3 id="m254">com.webtest.wgh.DashBoardDemo#test3</h3><table class="result"><tr><th class="invisible"/></tr></table><p class="totop"><a href="#summary">back to summary</a></p>
<h3 id="m255">com.webtest.wgh.DashBoardDemo#test5</h3><table class="result"><tr><th class="invisible"/></tr></table><p class="totop"><a href="#summary">back to summary</a></p>
<h3 id="m256">com.webtest.wgh.DashBoardDemo#testLogin</h3><table class="result"><tr class="param"><th>Parameter #1</th><th>Parameter #2</th></tr><tr class="param stripe"><td>admin</td><td>admin</td></tr></table><p class="totop"><a href="#summary">back to summary</a></p>
<h3 id="m257">com.webtest.wgh.DataViewDemo#test11</h3><table class="result"><tr><th class="invisible"/></tr></table><p class="totop"><a href="#summary">back to summary</a></p>
<h3 id="m258">com.webtest.wgh.DataViewDemo#test7</h3><table class="result"><tr><th class="invisible"/></tr></table><p class="totop"><a href="#summary">back to summary</a></p>
<h3 id="m259">com.webtest.wgh.DataViewDemo#test8</h3><table class="result"><tr><th class="invisible"/></tr></table><p class="totop"><a href="#summary">back to summary</a></p>
<h3 id="m260">com.webtest.wgh.DataViewDemo#test9</h3><table class="result"><tr><th class="invisible"/></tr></table><p class="totop"><a href="#summary">back to summary</a></p>
<h3 id="m261">com.webtest.wgh.DataViewDemo#testLogin</h3><table class="result"><tr class="param"><th>Parameter #1</th><th>Parameter #2</th></tr><tr class="param stripe"><td>admin</td><td>admin</td></tr></table><p class="totop"><a href="#summary">back to summary</a></p>
<h3 id="m262">com.webtest.wgh.DynamicrecoveryDemo#test47</h3><table class="result"><tr><th class="invisible"/></tr></table><p class="totop"><a href="#summary">back to summary</a></p>
<h3 id="m263">com.webtest.wgh.DynamicrecoveryDemo#test48</h3><table class="result"><tr><th class="invisible"/></tr></table><p class="totop"><a href="#summary">back to summary</a></p>
<h3 id="m264">com.webtest.wgh.DynamicrecoveryDemo#testLogin</h3><table class="result"><tr class="param"><th>Parameter #1</th><th>Parameter #2</th></tr><tr class="param stripe"><td>admin</td><td>admin</td></tr></table><p class="totop"><a href="#summary">back to summary</a></p>
<h3 id="m265">com.webtest.wgh.HomePageDemo#testLogin</h3><table class="result"><tr class="param"><th>Parameter #1</th><th>Parameter #2</th></tr><tr class="param stripe"><td>admin</td><td>admin</td></tr></table><p class="totop"><a href="#summary">back to summary</a></p>
<h3 id="m266">com.webtest.wgh.IdentityDemo#test1</h3><table class="result"><tr><th class="invisible"/></tr></table><p class="totop"><a href="#summary">back to summary</a></p>
<h3 id="m267">com.webtest.wgh.IdentityDemo#test2</h3><table class="result"><tr><th class="invisible"/></tr></table><p class="totop"><a href="#summary">back to summary</a></p>
<h3 id="m268">com.webtest.wgh.IdentityDemo#testLogin</h3><table class="result"><tr class="param"><th>Parameter #1</th><th>Parameter #2</th></tr><tr class="param stripe"><td>admin</td><td>admin</td></tr></table><p class="totop"><a href="#summary">back to summary</a></p>
<h3 id="m269">com.webtest.wgh.IntoFrontDemo#test23</h3><table class="result"><tr><th class="invisible"/></tr></table><p class="totop"><a href="#summary">back to summary</a></p>
<h3 id="m270">com.webtest.wgh.IntoFrontDemo#testLogin</h3><table class="result"><tr class="param"><th>Parameter #1</th><th>Parameter #2</th></tr><tr class="param stripe"><td>admin</td><td>admin</td></tr></table><p class="totop"><a href="#summary">back to summary</a></p>
<h3 id="m271">com.webtest.wgh.LoginDemo#testLogin</h3><table class="result"><tr class="param"><th>Parameter #1</th><th>Parameter #2</th></tr><tr class="param stripe"><td>admin</td><td>admin</td></tr></table><p class="totop"><a href="#summary">back to summary</a></p>
<h3 id="m272">com.webtest.wgh.MembersDemo#test27</h3><table class="result"><tr><th class="invisible"/></tr></table><p class="totop"><a href="#summary">back to summary</a></p>
<h3 id="m273">com.webtest.wgh.MembersDemo#test28</h3><table class="result"><tr><th class="invisible"/></tr></table><p class="totop"><a href="#summary">back to summary</a></p>
<h3 id="m274">com.webtest.wgh.MembersDemo#test29</h3><table class="result"><tr><th class="invisible"/></tr></table><p class="totop"><a href="#summary">back to summary</a></p>
<h3 id="m275">com.webtest.wgh.MembersDemo#test30</h3><table class="result"><tr><th class="invisible"/></tr></table><p class="totop"><a href="#summary">back to summary</a></p>
<h3 id="m276">com.webtest.wgh.MembersDemo#testLogin</h3><table class="result"><tr class="param"><th>Parameter #1</th><th>Parameter #2</th></tr><tr class="param stripe"><td>admin</td><td>admin</td></tr></table><p class="totop"><a href="#summary">back to summary</a></p>
<h3 id="m277">com.webtest.wgh.ReplyCommentDemo#test49</h3><table class="result"><tr><th class="invisible"/></tr></table><p class="totop"><a href="#summary">back to summary</a></p>
<h3 id="m278">com.webtest.wgh.ReplyCommentDemo#test50</h3><table class="result"><tr><th class="invisible"/></tr></table><p class="totop"><a href="#summary">back to summary</a></p>
<h3 id="m279">com.webtest.wgh.ReplyCommentDemo#testLogin</h3><table class="result"><tr class="param"><th>Parameter #1</th><th>Parameter #2</th></tr><tr class="param stripe"><td>admin</td><td>admin</td></tr></table><p class="totop"><a href="#summary">back to summary</a></p>
<h3 id="m280">com.webtest.wgh.RetentionDemo#test19</h3><table class="result"><tr><th class="invisible"/></tr></table><p class="totop"><a href="#summary">back to summary</a></p>
<h3 id="m281">com.webtest.wgh.RetentionDemo#test20</h3><table class="result"><tr><th class="invisible"/></tr></table><p class="totop"><a href="#summary">back to summary</a></p>
<h3 id="m282">com.webtest.wgh.RetentionDemo#test21</h3><table class="result"><tr><th class="invisible"/></tr></table><p class="totop"><a href="#summary">back to summary</a></p>
<h3 id="m283">com.webtest.wgh.RetentionDemo#testLogin</h3><table class="result"><tr class="param"><th>Parameter #1</th><th>Parameter #2</th></tr><tr class="param stripe"><td>admin</td><td>admin</td></tr></table><p class="totop"><a href="#summary">back to summary</a></p>
<h3 id="m284">com.webtest.wgh.RightDemo#test24</h3><table class="result"><tr><th class="invisible"/></tr></table><p class="totop"><a href="#summary">back to summary</a></p>
<h3 id="m285">com.webtest.wgh.RightDemo#test25</h3><table class="result"><tr><th class="invisible"/></tr></table><p class="totop"><a href="#summary">back to summary</a></p>
<h3 id="m286">com.webtest.wgh.RightDemo#testLogin</h3><table class="result"><tr class="param"><th>Parameter #1</th><th>Parameter #2</th></tr><tr class="param stripe"><td>admin</td><td>admin</td></tr></table><p class="totop"><a href="#summary">back to summary</a></p>
<h3 id="m287">com.webtest.wgh.TopicDemo#test41</h3><table class="result"><tr><th class="invisible"/></tr></table><p class="totop"><a href="#summary">back to summary</a></p>
<h3 id="m288">com.webtest.wgh.TopicDemo#test42</h3><table class="result"><tr><th class="invisible"/></tr></table><p class="totop"><a href="#summary">back to summary</a></p>
<h3 id="m289">com.webtest.wgh.TopicDemo#test43</h3><table class="result"><tr><th class="invisible"/></tr></table><p class="totop"><a href="#summary">back to summary</a></p>
<h3 id="m290">com.webtest.wgh.TopicDemo#testLogin</h3><table class="result"><tr class="param"><th>Parameter #1</th><th>Parameter #2</th></tr><tr class="param stripe"><td>admin</td><td>admin</td></tr></table><p class="totop"><a href="#summary">back to summary</a></p>
<h3 id="m291">com.webtest.wgh.UserDemo#test31</h3><table class="result"><tr><th class="invisible"/></tr></table><p class="totop"><a href="#summary">back to summary</a></p>
<h3 id="m292">com.webtest.wgh.UserDemo#test32</h3><table class="result"><tr><th class="invisible"/></tr></table><p class="totop"><a href="#summary">back to summary</a></p>
<h3 id="m293">com.webtest.wgh.UserDemo#test33</h3><table class="result"><tr><th class="invisible"/></tr></table><p class="totop"><a href="#summary">back to summary</a></p>
<h3 id="m294">com.webtest.wgh.UserDemo#testLogin</h3><table class="result"><tr class="param"><th>Parameter #1</th><th>Parameter #2</th></tr><tr class="param stripe"><td>admin</td><td>admin</td></tr></table><p class="totop"><a href="#summary">back to summary</a></p>
<h3 id="m295">com.webtest.wgh.WebsitestatisticsDemo#test12</h3><table class="result"><tr><th class="invisible"/></tr></table><p class="totop"><a href="#summary">back to summary</a></p>
<h3 id="m296">com.webtest.wgh.WebsitestatisticsDemo#test13</h3><table class="result"><tr><th class="invisible"/></tr></table><p class="totop"><a href="#summary">back to summary</a></p>
<h3 id="m297">com.webtest.wgh.WebsitestatisticsDemo#test14</h3><table class="result"><tr><th class="invisible"/></tr></table><p class="totop"><a href="#summary">back to summary</a></p>
<h3 id="m298">com.webtest.wgh.WebsitestatisticsDemo#testLogin</h3><table class="result"><tr class="param"><th>Parameter #1</th><th>Parameter #2</th></tr><tr class="param stripe"><td>admin</td><td>admin</td></tr></table><p class="totop"><a href="#summary">back to summary</a></p>
<h3 id="m299">com.webtest.wgh.WeibodynamicDemo#test34</h3><table class="result"><tr><th class="invisible"/></tr></table><p class="totop"><a href="#summary">back to summary</a></p>
<h3 id="m300">com.webtest.wgh.WeibodynamicDemo#test35</h3><table class="result"><tr><th class="invisible"/></tr></table><p class="totop"><a href="#summary">back to summary</a></p>
<h3 id="m301">com.webtest.wgh.WeibodynamicDemo#test36</h3><table class="result"><tr><th class="invisible"/></tr></table><p class="totop"><a href="#summary">back to summary</a></p>
<h3 id="m302">com.webtest.wgh.WeibodynamicDemo#test37</h3><table class="result"><tr><th class="invisible"/></tr></table><p class="totop"><a href="#summary">back to summary</a></p>
<h3 id="m303">com.webtest.wgh.WeibodynamicDemo#test38</h3><table class="result"><tr><th class="invisible"/></tr></table><p class="totop"><a href="#summary">back to summary</a></p>
<h3 id="m304">com.webtest.wgh.WeibodynamicDemo#test39</h3><table class="result"><tr><th class="invisible"/></tr></table><p class="totop"><a href="#summary">back to summary</a></p>
<h3 id="m305">com.webtest.wgh.WeibodynamicDemo#test40</h3><table class="result"><tr><th class="invisible"/></tr></table><p class="totop"><a href="#summary">back to summary</a></p>
<h3 id="m306">com.webtest.wgh.WeibodynamicDemo#testLogin</h3><table class="result"><tr class="param"><th>Parameter #1</th><th>Parameter #2</th></tr><tr class="param stripe"><td>admin</td><td>admin</td></tr></table><p class="totop"><a href="#summary">back to summary</a></p>
<h3 id="m307">com.webtest.wgh.WeibomanagementDemo#test44</h3><table class="result"><tr><th class="invisible"/></tr></table><p class="totop"><a href="#summary">back to summary</a></p>
<h3 id="m308">com.webtest.wgh.WeibomanagementDemo#test45</h3><table class="result"><tr><th class="invisible"/></tr></table><p class="totop"><a href="#summary">back to summary</a></p>
<h3 id="m309">com.webtest.wgh.WeibomanagementDemo#test46</h3><table class="result"><tr><th class="invisible"/></tr></table><p class="totop"><a href="#summary">back to summary</a></p>
<h3 id="m310">com.webtest.wgh.WeibomanagementDemo#testLogin</h3><table class="result"><tr class="param"><th>Parameter #1</th><th>Parameter #2</th></tr><tr class="param stripe"><td>admin</td><td>admin</td></tr></table><p class="totop"><a href="#summary">back to summary</a></p>
<h3 id="m311">com.webtest.why.conversation_list#testLogin</h3><table class="result"><tr class="param"><th>Parameter #1</th><th>Parameter #2</th></tr><tr class="param stripe"><td>admin</td><td>admin</td></tr></table><p class="totop"><a href="#summary">back to summary</a></p>
<h3 id="m312">com.webtest.why.conversation_list#why1test</h3><table class="result"><tr><th class="invisible"/></tr></table><p class="totop"><a href="#summary">back to summary</a></p>
<h3 id="m313">com.webtest.why.conversation_list#why2test</h3><table class="result"><tr><th class="invisible"/></tr></table><p class="totop"><a href="#summary">back to summary</a></p>
<h3 id="m314">com.webtest.why.conversation_list#why3test</h3><table class="result"><tr><th class="invisible"/></tr></table><p class="totop"><a href="#summary">back to summary</a></p>
<h3 id="m315">com.webtest.why.conversation_list#why4test</h3><table class="result"><tr><th class="invisible"/></tr></table><p class="totop"><a href="#summary">back to summary</a></p>
<h3 id="m316">com.webtest.why.conversation_list#why5test</h3><table class="result"><tr><th class="invisible"/></tr></table><p class="totop"><a href="#summary">back to summary</a></p>
<h3 id="m317">com.webtest.why.conversation_list#why6test</h3><table class="result"><tr><th class="invisible"/></tr></table><p class="totop"><a href="#summary">back to summary</a></p>
<h3 id="m318">com.webtest.why.conversation_list#why7test</h3><table class="result"><tr><th class="invisible"/></tr></table><p class="totop"><a href="#summary">back to summary</a></p>
<h3 id="m319">com.webtest.why.conversation_list#why8test</h3><table class="result"><tr><th class="invisible"/></tr></table><p class="totop"><a href="#summary">back to summary</a></p>
<h3 id="m320">com.webtest.why.conversation_model#testLogin</h3><table class="result"><tr class="param"><th>Parameter #1</th><th>Parameter #2</th></tr><tr class="param stripe"><td>admin</td><td>admin</td></tr></table><p class="totop"><a href="#summary">back to summary</a></p>
<h3 id="m321">com.webtest.why.conversation_model#why10test</h3><table class="result"><tr><th class="invisible"/></tr></table><p class="totop"><a href="#summary">back to summary</a></p>
<h3 id="m322">com.webtest.why.conversation_model#why11test</h3><table class="result"><tr><th class="invisible"/></tr></table><p class="totop"><a href="#summary">back to summary</a></p>
<h3 id="m323">com.webtest.why.conversation_model#why12test</h3><table class="result"><tr><th class="invisible"/></tr></table><p class="totop"><a href="#summary">back to summary</a></p>
<h3 id="m324">com.webtest.why.conversation_model#why13test</h3><table class="result"><tr><th class="invisible"/></tr></table><p class="totop"><a href="#summary">back to summary</a></p>
<h3 id="m325">com.webtest.why.conversation_model#why14test</h3><table class="result"><tr><th class="invisible"/></tr></table><p class="totop"><a href="#summary">back to summary</a></p>
<h3 id="m326">com.webtest.why.conversation_model#why15test</h3><table class="result"><tr><th class="invisible"/></tr></table><p class="totop"><a href="#summary">back to summary</a></p>
<h3 id="m327">com.webtest.why.conversation_model#why9test</h3><table class="result"><tr><th class="invisible"/></tr></table><p class="totop"><a href="#summary">back to summary</a></p>
<h3 id="m328">com.webtest.why.conversation_settings#testLogin</h3><table class="result"><tr class="param"><th>Parameter #1</th><th>Parameter #2</th></tr><tr class="param stripe"><td>admin</td><td>admin</td></tr></table><p class="totop"><a href="#summary">back to summary</a></p>
<h3 id="m329">com.webtest.why.conversation_settings#why16test</h3><table class="result"><tr><th class="invisible"/></tr></table><p class="totop"><a href="#summary">back to summary</a></p>
<h3 id="m330">com.webtest.why.conversation_settings#why17test</h3><table class="result"><tr><th class="invisible"/></tr></table><p class="totop"><a href="#summary">back to summary</a></p>
<h3 id="m331">com.webtest.why.database_backup#testLogin</h3><table class="result"><tr class="param"><th>Parameter #1</th><th>Parameter #2</th></tr><tr class="param stripe"><td>admin</td><td>admin</td></tr></table><p class="totop"><a href="#summary">back to summary</a></p>
<h3 id="m332">com.webtest.why.database_backup#why31test</h3><table class="result"><tr><th class="invisible"/></tr></table><p class="totop"><a href="#summary">back to summary</a></p>
<h3 id="m333">com.webtest.why.database_backup#why32test</h3><table class="result"><tr><th class="invisible"/></tr></table><p class="totop"><a href="#summary">back to summary</a></p>
<h3 id="m334">com.webtest.why.database_backup#why33test</h3><table class="result"><tr><th class="invisible"/></tr></table><p class="totop"><a href="#summary">back to summary</a></p>
<h3 id="m335">com.webtest.why.database_backup#why34test</h3><table class="result"><tr><th class="invisible"/></tr></table><p class="totop"><a href="#summary">back to summary</a></p>
<h3 id="m336">com.webtest.why.database_backup#why35test</h3><table class="result"><tr><th class="invisible"/></tr></table><p class="totop"><a href="#summary">back to summary</a></p>
<h3 id="m337">com.webtest.why.edit_model#testLogin</h3><table class="result"><tr class="param"><th>Parameter #1</th><th>Parameter #2</th></tr><tr class="param stripe"><td>admin</td><td>admin</td></tr></table><p class="totop"><a href="#summary">back to summary</a></p>
<h3 id="m338">com.webtest.why.edit_model#why20test</h3><table class="result"><tr><th class="invisible"/></tr></table><p class="totop"><a href="#summary">back to summary</a></p>
<h3 id="m339">com.webtest.why.edit_model#why21test</h3><table class="result"><tr><th class="invisible"/></tr></table><p class="totop"><a href="#summary">back to summary</a></p>
<h3 id="m340">com.webtest.why.edit_model#why22test</h3><table class="result"><tr><th class="invisible"/></tr></table><p class="totop"><a href="#summary">back to summary</a></p>
<h3 id="m341">com.webtest.why.edit_model#why23test</h3><table class="result"><tr><th class="invisible"/></tr></table><p class="totop"><a href="#summary">back to summary</a></p>
<h3 id="m342">com.webtest.why.edit_model#why24test</h3><table class="result"><tr><th class="invisible"/></tr></table><p class="totop"><a href="#summary">back to summary</a></p>
<h3 id="m343">com.webtest.why.edit_model#why25test</h3><table class="result"><tr><th class="invisible"/></tr></table><p class="totop"><a href="#summary">back to summary</a></p>
<h3 id="m344">com.webtest.why.edit_model#why26test</h3><table class="result"><tr><th class="invisible"/></tr></table><p class="totop"><a href="#summary">back to summary</a></p>
<h3 id="m345">com.webtest.why.edit_model#why27test</h3><table class="result"><tr><th class="invisible"/></tr></table><p class="totop"><a href="#summary">back to summary</a></p>
<h3 id="m346">com.webtest.why.edit_model#why28test</h3><table class="result"><tr><th class="invisible"/></tr></table><p class="totop"><a href="#summary">back to summary</a></p>
<h3 id="m347">com.webtest.why.edit_model#why30test</h3><table class="result"><tr><th class="invisible"/></tr></table><p class="totop"><a href="#summary">back to summary</a></p>
<h3 id="m348">com.webtest.why.news_model#testLogin</h3><table class="result"><tr class="param"><th>Parameter #1</th><th>Parameter #2</th></tr><tr class="param stripe"><td>admin</td><td>admin</td></tr></table><p class="totop"><a href="#summary">back to summary</a></p>
<h3 id="m349">com.webtest.why.news_model#why18test</h3><table class="result"><tr><th class="invisible"/></tr></table><p class="totop"><a href="#summary">back to summary</a></p>
<h3 id="m350">com.webtest.why.user_navigation#testLogin</h3><table class="result"><tr class="param"><th>Parameter #1</th><th>Parameter #2</th></tr><tr class="param stripe"><td>admin</td><td>admin</td></tr></table><p class="totop"><a href="#summary">back to summary</a></p>
<h3 id="m351">com.webtest.why.user_navigation#why52test</h3><table class="result"><tr><th class="invisible"/></tr></table><p class="totop"><a href="#summary">back to summary</a></p>
<h3 id="m352">com.webtest.why.user_navigation#why53test</h3><table class="result"><tr><th class="invisible"/></tr></table><p class="totop"><a href="#summary">back to summary</a></p>
<h3 id="m353">com.webtest.why.website_settings#testLogin</h3><table class="result"><tr class="param"><th>Parameter #1</th><th>Parameter #2</th></tr><tr class="param stripe"><td>admin</td><td>admin</td></tr></table><p class="totop"><a href="#summary">back to summary</a></p>
<h3 id="m354">com.webtest.why.website_settings#why37test</h3><table class="result"><tr><th class="invisible"/></tr></table><p class="totop"><a href="#summary">back to summary</a></p>
<h3 id="m355">com.webtest.why.website_settings#why39test</h3><table class="result"><tr><th class="invisible"/></tr></table><p class="totop"><a href="#summary">back to summary</a></p>
<h3 id="m356">com.webtest.why.website_settings#why41test</h3><table class="result"><tr><th class="invisible"/></tr></table><p class="totop"><a href="#summary">back to summary</a></p>
<h3 id="m357">com.webtest.why.website_settings#why42test</h3><table class="result"><tr><th class="invisible"/></tr></table><p class="totop"><a href="#summary">back to summary</a></p>
<h3 id="m358">com.webtest.why.website_settings#why43test</h3><table class="result"><tr><th class="invisible"/></tr></table><p class="totop"><a href="#summary">back to summary</a></p>
<h3 id="m359">com.webtest.why.website_settings#why44test</h3><table class="result"><tr><th class="invisible"/></tr></table><p class="totop"><a href="#summary">back to summary</a></p>
<h3 id="m360">com.webtest.why.website_settings#why45test</h3><table class="result"><tr><th class="invisible"/></tr></table><p class="totop"><a href="#summary">back to summary</a></p>
<h3 id="m361">com.webtest.why.website_settings#why46test</h3><table class="result"><tr><th class="invisible"/></tr></table><p class="totop"><a href="#summary">back to summary</a></p>
<h3 id="m362">com.webtest.why.website_settings#why47test</h3><table class="result"><tr><th class="invisible"/></tr></table><p class="totop"><a href="#summary">back to summary</a></p>
<h3 id="m363">com.webtest.why.website_settings#why50test</h3><table class="result"><tr><th class="invisible"/></tr></table><p class="totop"><a href="#summary">back to summary</a></p>
</body>
</html>
