<?xml version="1.0" encoding="UTF-8"?>
<testng-results skipped="4" failed="1" ignored="0" total="10" passed="5">
  <reporter-output>
  </reporter-output>
  <suite name="Default suite" duration-ms="61103" started-at="2020-11-29T20:20:37 CST" finished-at="2020-11-29T20:21:38 CST">
    <groups>
    </groups>
    <test name="Default test" duration-ms="61103" started-at="2020-11-29T20:20:37 CST" finished-at="2020-11-29T20:21:38 CST">
      <class name="com.smoketest.testcases.controller.TitleManagementTest">
        <test-method status="PASS" signature="doBeforeClass()[pri:0, instance:com.smoketest.testcases.controller.TitleManagementTest@57855c9a]" name="doBeforeClass" is-config="true" duration-ms="6970" started-at="2020-11-29T20:20:37 CST" finished-at="2020-11-29T20:20:44 CST">
          <reporter-output>
          </reporter-output>
        </test-method> <!-- doBeforeClass -->
        <test-method status="PASS" signature="openUrl()[pri:0, instance:com.smoketest.testcases.controller.TitleManagementTest@57855c9a]" name="openUrl" is-config="true" duration-ms="9566" started-at="2020-11-29T20:20:44 CST" finished-at="2020-11-29T20:20:53 CST">
          <reporter-output>
          </reporter-output>
        </test-method> <!-- openUrl -->
        <test-method status="PASS" signature="test_showUserInfo()[pri:4, instance:com.smoketest.testcases.controller.TitleManagementTest@57855c9a]" name="test_showUserInfo" duration-ms="6831" started-at="2020-11-29T20:20:53 CST" description="正确显示头衔列表信息界面" finished-at="2020-11-29T20:21:00 CST">
          <reporter-output>
          </reporter-output>
        </test-method> <!-- test_showUserInfo -->
        <test-method status="PASS" signature="test_allow()[pri:5, instance:com.smoketest.testcases.controller.TitleManagementTest@57855c9a]" name="test_allow" duration-ms="7094" started-at="2020-11-29T20:21:00 CST" description="审核通过" depends-on-methods="com.smoketest.testcases.controller.TitleManagementTest.test_showUserInfo" finished-at="2020-11-29T20:21:07 CST">
          <reporter-output>
          </reporter-output>
        </test-method> <!-- test_allow -->
        <test-method status="PASS" signature="test_disallow()[pri:6, instance:com.smoketest.testcases.controller.TitleManagementTest@57855c9a]" name="test_disallow" duration-ms="8074" started-at="2020-11-29T20:21:07 CST" description="审核不通过" depends-on-methods="com.smoketest.testcases.controller.TitleManagementTest.test_showUserInfo" finished-at="2020-11-29T20:21:15 CST">
          <reporter-output>
          </reporter-output>
        </test-method> <!-- test_disallow -->
        <test-method status="PASS" signature="test_applyTitle()[pri:7, instance:com.smoketest.testcases.controller.TitleManagementTest@57855c9a]" name="test_applyTitle" duration-ms="6486" started-at="2020-11-29T20:21:15 CST" description="正确显示被驳回的头衔申请列表界面" finished-at="2020-11-29T20:21:22 CST">
          <reporter-output>
          </reporter-output>
        </test-method> <!-- test_applyTitle -->
        <test-method status="PASS" signature="test_allowAction()[pri:8, instance:com.smoketest.testcases.controller.TitleManagementTest@57855c9a]" name="test_allowAction" duration-ms="10576" started-at="2020-11-29T20:21:22 CST" description="审核通过操作" depends-on-methods="com.smoketest.testcases.controller.TitleManagementTest.test_applyTitle" finished-at="2020-11-29T20:21:32 CST">
          <reporter-output>
          </reporter-output>
        </test-method> <!-- test_allowAction -->
        <test-method status="FAIL" signature="test_showTitleInfo()[pri:9, instance:com.smoketest.testcases.controller.TitleManagementTest@57855c9a]" name="test_showTitleInfo" duration-ms="4620" started-at="2020-11-29T20:21:32 CST" description="正确显示头衔信息" finished-at="2020-11-29T20:21:37 CST">
          <exception class="org.openqa.selenium.WebDriverException">
            <message>
              <![CDATA[TypeError: rect is undefined
Build info: version: '3.141.59', revision: 'e82be7d358', time: '2018-11-14T08:25:53'
System info: host: 'DESKTOP-GRMHS0S', ip: '192.168.56.1', os.name: 'Windows 10', os.arch: 'amd64', os.version: '10.0', java.version: '1.8.0_212'
Driver info: org.openqa.selenium.firefox.FirefoxDriver
Capabilities {acceptInsecureCerts: true, browserName: firefox, browserVersion: 79.0, javascriptEnabled: true, moz:accessibilityChecks: false, moz:buildID: 20200720193547, moz:geckodriverVersion: 0.24.0, moz:headless: false, moz:processID: 10160, moz:profile: C:\Users\杜鑫宇\AppData\Local\..., moz:shutdownTimeout: 60000, moz:useNonSpecCompliantPointerOrigin: false, moz:webdriverClick: true, pageLoadStrategy: normal, platform: WINDOWS, platformName: WINDOWS, platformVersion: 10.0, rotatable: false, setWindowRect: true, strictFileInteractability: false, timeouts: {implicit: 0, pageLoad: 300000, script: 30000}, unhandledPromptBehavior: dismiss and notify}
Session ID: 50f5a16d-5c7e-4f3d-85a4-769f26ea5094]]>
            </message>
            <full-stacktrace>
              <![CDATA[org.openqa.selenium.WebDriverException: TypeError: rect is undefined
Build info: version: '3.141.59', revision: 'e82be7d358', time: '2018-11-14T08:25:53'
System info: host: 'DESKTOP-GRMHS0S', ip: '192.168.56.1', os.name: 'Windows 10', os.arch: 'amd64', os.version: '10.0', java.version: '1.8.0_212'
Driver info: org.openqa.selenium.firefox.FirefoxDriver
Capabilities {acceptInsecureCerts: true, browserName: firefox, browserVersion: 79.0, javascriptEnabled: true, moz:accessibilityChecks: false, moz:buildID: 20200720193547, moz:geckodriverVersion: 0.24.0, moz:headless: false, moz:processID: 10160, moz:profile: C:\Users\杜鑫宇\AppData\Local\..., moz:shutdownTimeout: 60000, moz:useNonSpecCompliantPointerOrigin: false, moz:webdriverClick: true, pageLoadStrategy: normal, platform: WINDOWS, platformName: WINDOWS, platformVersion: 10.0, rotatable: false, setWindowRect: true, strictFileInteractability: false, timeouts: {implicit: 0, pageLoad: 300000, script: 30000}, unhandledPromptBehavior: dismiss and notify}
Session ID: 50f5a16d-5c7e-4f3d-85a4-769f26ea5094
at sun.reflect.NativeConstructorAccessorImpl.newInstance0(Native Method)
at sun.reflect.NativeConstructorAccessorImpl.newInstance(NativeConstructorAccessorImpl.java:62)
at sun.reflect.DelegatingConstructorAccessorImpl.newInstance(DelegatingConstructorAccessorImpl.java:45)
at java.lang.reflect.Constructor.newInstance(Constructor.java:423)
at org.openqa.selenium.remote.http.W3CHttpResponseCodec.createException(W3CHttpResponseCodec.java:187)
at org.openqa.selenium.remote.http.W3CHttpResponseCodec.decode(W3CHttpResponseCodec.java:122)
at org.openqa.selenium.remote.http.W3CHttpResponseCodec.decode(W3CHttpResponseCodec.java:49)
at org.openqa.selenium.remote.HttpCommandExecutor.execute(HttpCommandExecutor.java:158)
at org.openqa.selenium.remote.service.DriverCommandExecutor.execute(DriverCommandExecutor.java:83)
at org.openqa.selenium.remote.RemoteWebDriver.execute(RemoteWebDriver.java:552)
at org.openqa.selenium.remote.RemoteWebDriver.perform(RemoteWebDriver.java:618)
at org.openqa.selenium.interactions.Actions$BuiltAction.perform(Actions.java:639)
at org.openqa.selenium.interactions.Actions.perform(Actions.java:595)
at com.smoketest.testcases.controller.TitleManagementTest.test_showTitleInfo(TitleManagementTest.java:227)
at sun.reflect.NativeMethodAccessorImpl.invoke0(Native Method)
at sun.reflect.NativeMethodAccessorImpl.invoke(NativeMethodAccessorImpl.java:62)
at sun.reflect.DelegatingMethodAccessorImpl.invoke(DelegatingMethodAccessorImpl.java:43)
at java.lang.reflect.Method.invoke(Method.java:498)
at org.testng.internal.MethodInvocationHelper.invokeMethod(MethodInvocationHelper.java:134)
at org.testng.internal.TestInvoker.invokeMethod(TestInvoker.java:597)
at org.testng.internal.TestInvoker.invokeTestMethod(TestInvoker.java:173)
at org.testng.internal.MethodRunner.runInSequence(MethodRunner.java:46)
at org.testng.internal.TestInvoker$MethodInvocationAgent.invoke(TestInvoker.java:816)
at org.testng.internal.TestInvoker.invokeTestMethods(TestInvoker.java:146)
at org.testng.internal.TestMethodWorker.invokeTestMethods(TestMethodWorker.java:146)
at org.testng.internal.TestMethodWorker.run(TestMethodWorker.java:128)
at java.util.ArrayList.forEach(ArrayList.java:1257)
at org.testng.TestRunner.privateRun(TestRunner.java:766)
at org.testng.TestRunner.run(TestRunner.java:587)
at org.testng.SuiteRunner.runTest(SuiteRunner.java:384)
at org.testng.SuiteRunner.runSequentially(SuiteRunner.java:378)
at org.testng.SuiteRunner.privateRun(SuiteRunner.java:337)
at org.testng.SuiteRunner.run(SuiteRunner.java:286)
at org.testng.SuiteRunnerWorker.runSuite(SuiteRunnerWorker.java:53)
at org.testng.SuiteRunnerWorker.run(SuiteRunnerWorker.java:96)
at org.testng.TestNG.runSuitesSequentially(TestNG.java:1187)
at org.testng.TestNG.runSuitesLocally(TestNG.java:1109)
at org.testng.TestNG.runSuites(TestNG.java:1039)
at org.testng.TestNG.run(TestNG.java:1007)
at org.testng.remote.AbstractRemoteTestNG.run(AbstractRemoteTestNG.java:115)
at org.testng.remote.RemoteTestNG.initAndRun(RemoteTestNG.java:251)
at org.testng.remote.RemoteTestNG.main(RemoteTestNG.java:77)
]]>
            </full-stacktrace>
          </exception> <!-- org.openqa.selenium.WebDriverException -->
          <reporter-output>
          </reporter-output>
        </test-method> <!-- test_showTitleInfo -->
        <test-method status="SKIP" signature="test_addTitle()[pri:10, instance:com.smoketest.testcases.controller.TitleManagementTest@57855c9a]" name="test_addTitle" duration-ms="0" started-at="2020-11-29T20:21:37 CST" description="新增头衔" depends-on-methods="com.smoketest.testcases.controller.TitleManagementTest.test_showTitleInfo" finished-at="2020-11-29T20:21:37 CST">
          <exception class="java.lang.Throwable">
            <message>
              <![CDATA[Method TitleManagementTest.test_addTitle()[pri:10, instance:com.smoketest.testcases.controller.TitleManagementTest@57855c9a] depends on not successfully finished methods]]>
            </message>
            <full-stacktrace>
              <![CDATA[java.lang.Throwable: Method TitleManagementTest.test_addTitle()[pri:10, instance:com.smoketest.testcases.controller.TitleManagementTest@57855c9a] depends on not successfully finished methods
at org.testng.internal.TestInvoker.invokeTestMethods(TestInvoker.java:101)
at org.testng.internal.TestMethodWorker.invokeTestMethods(TestMethodWorker.java:146)
at org.testng.internal.TestMethodWorker.run(TestMethodWorker.java:128)
at java.util.ArrayList.forEach(ArrayList.java:1257)
at org.testng.TestRunner.privateRun(TestRunner.java:766)
at org.testng.TestRunner.run(TestRunner.java:587)
at org.testng.SuiteRunner.runTest(SuiteRunner.java:384)
at org.testng.SuiteRunner.runSequentially(SuiteRunner.java:378)
at org.testng.SuiteRunner.privateRun(SuiteRunner.java:337)
at org.testng.SuiteRunner.run(SuiteRunner.java:286)
at org.testng.SuiteRunnerWorker.runSuite(SuiteRunnerWorker.java:53)
at org.testng.SuiteRunnerWorker.run(SuiteRunnerWorker.java:96)
at org.testng.TestNG.runSuitesSequentially(TestNG.java:1187)
at org.testng.TestNG.runSuitesLocally(TestNG.java:1109)
at org.testng.TestNG.runSuites(TestNG.java:1039)
at org.testng.TestNG.run(TestNG.java:1007)
at org.testng.remote.AbstractRemoteTestNG.run(AbstractRemoteTestNG.java:115)
at org.testng.remote.RemoteTestNG.initAndRun(RemoteTestNG.java:251)
at org.testng.remote.RemoteTestNG.main(RemoteTestNG.java:77)
]]>
            </full-stacktrace>
          </exception> <!-- java.lang.Throwable -->
          <reporter-output>
          </reporter-output>
        </test-method> <!-- test_addTitle -->
        <test-method status="SKIP" signature="test_deleteTitle()[pri:11, instance:com.smoketest.testcases.controller.TitleManagementTest@57855c9a]" name="test_deleteTitle" duration-ms="0" started-at="2020-11-29T20:21:37 CST" description="删除头衔" depends-on-methods="com.smoketest.testcases.controller.TitleManagementTest.test_showTitleInfo" finished-at="2020-11-29T20:21:37 CST">
          <exception class="java.lang.Throwable">
            <message>
              <![CDATA[Method TitleManagementTest.test_deleteTitle()[pri:11, instance:com.smoketest.testcases.controller.TitleManagementTest@57855c9a] depends on not successfully finished methods]]>
            </message>
            <full-stacktrace>
              <![CDATA[java.lang.Throwable: Method TitleManagementTest.test_deleteTitle()[pri:11, instance:com.smoketest.testcases.controller.TitleManagementTest@57855c9a] depends on not successfully finished methods
at org.testng.internal.TestInvoker.invokeTestMethods(TestInvoker.java:101)
at org.testng.internal.TestMethodWorker.invokeTestMethods(TestMethodWorker.java:146)
at org.testng.internal.TestMethodWorker.run(TestMethodWorker.java:128)
at java.util.ArrayList.forEach(ArrayList.java:1257)
at org.testng.TestRunner.privateRun(TestRunner.java:766)
at org.testng.TestRunner.run(TestRunner.java:587)
at org.testng.SuiteRunner.runTest(SuiteRunner.java:384)
at org.testng.SuiteRunner.runSequentially(SuiteRunner.java:378)
at org.testng.SuiteRunner.privateRun(SuiteRunner.java:337)
at org.testng.SuiteRunner.run(SuiteRunner.java:286)
at org.testng.SuiteRunnerWorker.runSuite(SuiteRunnerWorker.java:53)
at org.testng.SuiteRunnerWorker.run(SuiteRunnerWorker.java:96)
at org.testng.TestNG.runSuitesSequentially(TestNG.java:1187)
at org.testng.TestNG.runSuitesLocally(TestNG.java:1109)
at org.testng.TestNG.runSuites(TestNG.java:1039)
at org.testng.TestNG.run(TestNG.java:1007)
at org.testng.remote.AbstractRemoteTestNG.run(AbstractRemoteTestNG.java:115)
at org.testng.remote.RemoteTestNG.initAndRun(RemoteTestNG.java:251)
at org.testng.remote.RemoteTestNG.main(RemoteTestNG.java:77)
]]>
            </full-stacktrace>
          </exception> <!-- java.lang.Throwable -->
          <reporter-output>
          </reporter-output>
        </test-method> <!-- test_deleteTitle -->
        <test-method status="SKIP" signature="test_editTitle()[pri:12, instance:com.smoketest.testcases.controller.TitleManagementTest@57855c9a]" name="test_editTitle" duration-ms="0" started-at="2020-11-29T20:21:37 CST" description="编辑头衔" depends-on-methods="com.smoketest.testcases.controller.TitleManagementTest.test_showTitleInfo" finished-at="2020-11-29T20:21:37 CST">
          <exception class="java.lang.Throwable">
            <message>
              <![CDATA[Method TitleManagementTest.test_editTitle()[pri:12, instance:com.smoketest.testcases.controller.TitleManagementTest@57855c9a] depends on not successfully finished methods]]>
            </message>
            <full-stacktrace>
              <![CDATA[java.lang.Throwable: Method TitleManagementTest.test_editTitle()[pri:12, instance:com.smoketest.testcases.controller.TitleManagementTest@57855c9a] depends on not successfully finished methods
at org.testng.internal.TestInvoker.invokeTestMethods(TestInvoker.java:101)
at org.testng.internal.TestMethodWorker.invokeTestMethods(TestMethodWorker.java:146)
at org.testng.internal.TestMethodWorker.run(TestMethodWorker.java:128)
at java.util.ArrayList.forEach(ArrayList.java:1257)
at org.testng.TestRunner.privateRun(TestRunner.java:766)
at org.testng.TestRunner.run(TestRunner.java:587)
at org.testng.SuiteRunner.runTest(SuiteRunner.java:384)
at org.testng.SuiteRunner.runSequentially(SuiteRunner.java:378)
at org.testng.SuiteRunner.privateRun(SuiteRunner.java:337)
at org.testng.SuiteRunner.run(SuiteRunner.java:286)
at org.testng.SuiteRunnerWorker.runSuite(SuiteRunnerWorker.java:53)
at org.testng.SuiteRunnerWorker.run(SuiteRunnerWorker.java:96)
at org.testng.TestNG.runSuitesSequentially(TestNG.java:1187)
at org.testng.TestNG.runSuitesLocally(TestNG.java:1109)
at org.testng.TestNG.runSuites(TestNG.java:1039)
at org.testng.TestNG.run(TestNG.java:1007)
at org.testng.remote.AbstractRemoteTestNG.run(AbstractRemoteTestNG.java:115)
at org.testng.remote.RemoteTestNG.initAndRun(RemoteTestNG.java:251)
at org.testng.remote.RemoteTestNG.main(RemoteTestNG.java:77)
]]>
            </full-stacktrace>
          </exception> <!-- java.lang.Throwable -->
          <reporter-output>
          </reporter-output>
        </test-method> <!-- test_editTitle -->
        <test-method status="SKIP" signature="test_ifFrontApply()[pri:13, instance:com.smoketest.testcases.controller.TitleManagementTest@57855c9a]" name="test_ifFrontApply" duration-ms="0" started-at="2020-11-29T20:21:37 CST" description="前台是否可申请" depends-on-methods="com.smoketest.testcases.controller.TitleManagementTest.test_showTitleInfo" finished-at="2020-11-29T20:21:37 CST">
          <exception class="java.lang.Throwable">
            <message>
              <![CDATA[Method TitleManagementTest.test_ifFrontApply()[pri:13, instance:com.smoketest.testcases.controller.TitleManagementTest@57855c9a] depends on not successfully finished methods]]>
            </message>
            <full-stacktrace>
              <![CDATA[java.lang.Throwable: Method TitleManagementTest.test_ifFrontApply()[pri:13, instance:com.smoketest.testcases.controller.TitleManagementTest@57855c9a] depends on not successfully finished methods
at org.testng.internal.TestInvoker.invokeTestMethods(TestInvoker.java:101)
at org.testng.internal.TestMethodWorker.invokeTestMethods(TestMethodWorker.java:146)
at org.testng.internal.TestMethodWorker.run(TestMethodWorker.java:128)
at java.util.ArrayList.forEach(ArrayList.java:1257)
at org.testng.TestRunner.privateRun(TestRunner.java:766)
at org.testng.TestRunner.run(TestRunner.java:587)
at org.testng.SuiteRunner.runTest(SuiteRunner.java:384)
at org.testng.SuiteRunner.runSequentially(SuiteRunner.java:378)
at org.testng.SuiteRunner.privateRun(SuiteRunner.java:337)
at org.testng.SuiteRunner.run(SuiteRunner.java:286)
at org.testng.SuiteRunnerWorker.runSuite(SuiteRunnerWorker.java:53)
at org.testng.SuiteRunnerWorker.run(SuiteRunnerWorker.java:96)
at org.testng.TestNG.runSuitesSequentially(TestNG.java:1187)
at org.testng.TestNG.runSuitesLocally(TestNG.java:1109)
at org.testng.TestNG.runSuites(TestNG.java:1039)
at org.testng.TestNG.run(TestNG.java:1007)
at org.testng.remote.AbstractRemoteTestNG.run(AbstractRemoteTestNG.java:115)
at org.testng.remote.RemoteTestNG.initAndRun(RemoteTestNG.java:251)
at org.testng.remote.RemoteTestNG.main(RemoteTestNG.java:77)
]]>
            </full-stacktrace>
          </exception> <!-- java.lang.Throwable -->
          <reporter-output>
          </reporter-output>
        </test-method> <!-- test_ifFrontApply -->
        <test-method status="PASS" signature="doAfterMethod()[pri:0, instance:com.smoketest.testcases.controller.TitleManagementTest@57855c9a]" name="doAfterMethod" is-config="true" duration-ms="840" started-at="2020-11-29T20:21:37 CST" finished-at="2020-11-29T20:21:38 CST">
          <reporter-output>
          </reporter-output>
        </test-method> <!-- doAfterMethod -->
      </class> <!-- com.smoketest.testcases.controller.TitleManagementTest -->
    </test> <!-- Default test -->
  </suite> <!-- Default suite -->
</testng-results>
