<?xml version="1.0" encoding="UTF-8"?>
<!-- Generated by org.testng.reporters.JUnitXMLReporter -->
<testsuite hostname="DESKTOP-GRMHS0S" ignored="0" name="Default test" tests="7" failures="0" timestamp="2020-12-12T17:40:25 CST" time="137.216" errors="0">
  <testcase name="test_correct_display" time="10.33" classname="com.webtest.smoketest.testcases.dxy.CertifiManagementTest"/>
  <testcase name="test_setAuthCondition" time="19.386" classname="com.webtest.smoketest.testcases.dxy.CertifiManagementTest"/>
  <testcase name="test_setAuthField" time="32.111" classname="com.webtest.smoketest.testcases.dxy.CertifiManagementTest"/>
  <testcase name="test_edit" time="31.057" classname="com.webtest.smoketest.testcases.dxy.CertifiManagementTest"/>
  <testcase name="test_correct_displayUserInfo" time="10.286" classname="com.webtest.smoketest.testcases.dxy.CertifiManagementTest"/>
  <testcase name="test_approveSuccess" time="10.577" classname="com.webtest.smoketest.testcases.dxy.CertifiManagementTest"/>
  <testcase name="test_approveFailed" time="6.238" classname="com.webtest.smoketest.testcases.dxy.CertifiManagementTest"/>
</testsuite> <!-- Default test -->
